{"/Users/eduardo.ferro/Library/CloudStorage/Dropbox/dev/promptscribe-mcp/postcss.config.js": {"path":"/Users/eduardo.ferro/Library/CloudStorage/Dropbox/dev/promptscribe-mcp/postcss.config.js","all":true,"statementMap":{"0":{"start":{"line":1,"column":0},"end":{"line":1,"column":16}},"1":{"start":{"line":2,"column":0},"end":{"line":2,"column":12}},"2":{"start":{"line":3,"column":0},"end":{"line":3,"column":20}},"3":{"start":{"line":4,"column":0},"end":{"line":4,"column":21}},"4":{"start":{"line":5,"column":0},"end":{"line":5,"column":4}},"5":{"start":{"line":6,"column":0},"end":{"line":6,"column":1}}},"s":{"0":0,"1":0,"2":0,"3":0,"4":0,"5":0},"branchMap":{"0":{"type":"branch","line":1,"loc":{"start":{"line":1,"column":0},"end":{"line":6,"column":-11}},"locations":[{"start":{"line":1,"column":0},"end":{"line":6,"column":-11}}]}},"b":{"0":[0]},"fnMap":{"0":{"name":"(empty-report)","decl":{"start":{"line":1,"column":0},"end":{"line":6,"column":-11}},"loc":{"start":{"line":1,"column":0},"end":{"line":6,"column":-11}},"line":1}},"f":{"0":0}}
,"/Users/eduardo.ferro/Library/CloudStorage/Dropbox/dev/promptscribe-mcp/tailwind.config.ts": {"path":"/Users/eduardo.ferro/Library/CloudStorage/Dropbox/dev/promptscribe-mcp/tailwind.config.ts","all":true,"statementMap":{"0":{"start":{"line":1,"column":0},"end":{"line":1,"column":42}},"1":{"start":{"line":2,"column":0},"end":{"line":2,"column":53}},"3":{"start":{"line":4,"column":0},"end":{"line":4,"column":16}},"4":{"start":{"line":5,"column":0},"end":{"line":5,"column":21}},"5":{"start":{"line":6,"column":0},"end":{"line":6,"column":11}},"6":{"start":{"line":7,"column":0},"end":{"line":7,"column":26}},"7":{"start":{"line":8,"column":0},"end":{"line":8,"column":31}},"8":{"start":{"line":9,"column":0},"end":{"line":9,"column":24}},"9":{"start":{"line":10,"column":0},"end":{"line":10,"column":24}},"10":{"start":{"line":11,"column":0},"end":{"line":11,"column":3}},"11":{"start":{"line":12,"column":0},"end":{"line":12,"column":12}},"12":{"start":{"line":13,"column":0},"end":{"line":13,"column":9}},"13":{"start":{"line":14,"column":0},"end":{"line":14,"column":14}},"14":{"start":{"line":15,"column":0},"end":{"line":15,"column":16}},"15":{"start":{"line":16,"column":0},"end":{"line":16,"column":19}},"16":{"start":{"line":17,"column":0},"end":{"line":17,"column":13}},"17":{"start":{"line":18,"column":0},"end":{"line":18,"column":19}},"18":{"start":{"line":19,"column":0},"end":{"line":19,"column":4}},"19":{"start":{"line":20,"column":0},"end":{"line":20,"column":4}},"20":{"start":{"line":21,"column":0},"end":{"line":21,"column":11}},"21":{"start":{"line":22,"column":0},"end":{"line":22,"column":12}},"22":{"start":{"line":23,"column":0},"end":{"line":23,"column":33}},"23":{"start":{"line":24,"column":0},"end":{"line":24,"column":31}},"24":{"start":{"line":25,"column":0},"end":{"line":25,"column":29}},"25":{"start":{"line":26,"column":0},"end":{"line":26,"column":41}},"26":{"start":{"line":27,"column":0},"end":{"line":27,"column":41}},"27":{"start":{"line":28,"column":0},"end":{"line":28,"column":14}},"28":{"start":{"line":29,"column":0},"end":{"line":29,"column":36}},"29":{"start":{"line":30,"column":0},"end":{"line":30,"column":49}},"30":{"start":{"line":31,"column":0},"end":{"line":31,"column":6}},"31":{"start":{"line":32,"column":0},"end":{"line":32,"column":16}},"32":{"start":{"line":33,"column":0},"end":{"line":33,"column":38}},"33":{"start":{"line":34,"column":0},"end":{"line":34,"column":51}},"34":{"start":{"line":35,"column":0},"end":{"line":35,"column":6}},"35":{"start":{"line":36,"column":0},"end":{"line":36,"column":18}},"36":{"start":{"line":37,"column":0},"end":{"line":37,"column":40}},"37":{"start":{"line":38,"column":0},"end":{"line":38,"column":53}},"38":{"start":{"line":39,"column":0},"end":{"line":39,"column":6}},"39":{"start":{"line":40,"column":0},"end":{"line":40,"column":12}},"40":{"start":{"line":41,"column":0},"end":{"line":41,"column":34}},"41":{"start":{"line":42,"column":0},"end":{"line":42,"column":47}},"42":{"start":{"line":43,"column":0},"end":{"line":43,"column":6}},"43":{"start":{"line":44,"column":0},"end":{"line":44,"column":13}},"44":{"start":{"line":45,"column":0},"end":{"line":45,"column":35}},"45":{"start":{"line":46,"column":0},"end":{"line":46,"column":48}},"46":{"start":{"line":47,"column":0},"end":{"line":47,"column":6}},"47":{"start":{"line":48,"column":0},"end":{"line":48,"column":14}},"48":{"start":{"line":49,"column":0},"end":{"line":49,"column":36}},"49":{"start":{"line":50,"column":0},"end":{"line":50,"column":49}},"50":{"start":{"line":51,"column":0},"end":{"line":51,"column":6}},"51":{"start":{"line":52,"column":0},"end":{"line":52,"column":11}},"52":{"start":{"line":53,"column":0},"end":{"line":53,"column":33}},"53":{"start":{"line":54,"column":0},"end":{"line":54,"column":46}},"54":{"start":{"line":55,"column":0},"end":{"line":55,"column":6}},"55":{"start":{"line":56,"column":0},"end":{"line":56,"column":11}},"56":{"start":{"line":57,"column":0},"end":{"line":57,"column":36}},"57":{"start":{"line":58,"column":0},"end":{"line":58,"column":38}},"58":{"start":{"line":59,"column":0},"end":{"line":59,"column":6}},"59":{"start":{"line":60,"column":0},"end":{"line":60,"column":14}},"60":{"start":{"line":61,"column":0},"end":{"line":61,"column":47}},"61":{"start":{"line":62,"column":0},"end":{"line":62,"column":50}},"62":{"start":{"line":63,"column":0},"end":{"line":63,"column":44}},"63":{"start":{"line":64,"column":0},"end":{"line":64,"column":68}},"64":{"start":{"line":65,"column":0},"end":{"line":65,"column":42}},"65":{"start":{"line":66,"column":0},"end":{"line":66,"column":66}},"66":{"start":{"line":67,"column":0},"end":{"line":67,"column":42}},"67":{"start":{"line":68,"column":0},"end":{"line":68,"column":37}},"68":{"start":{"line":69,"column":0},"end":{"line":69,"column":5}},"69":{"start":{"line":70,"column":0},"end":{"line":70,"column":5}},"70":{"start":{"line":71,"column":0},"end":{"line":71,"column":18}},"71":{"start":{"line":72,"column":0},"end":{"line":72,"column":24}},"72":{"start":{"line":73,"column":0},"end":{"line":73,"column":36}},"73":{"start":{"line":74,"column":0},"end":{"line":74,"column":35}},"74":{"start":{"line":75,"column":0},"end":{"line":75,"column":5}},"75":{"start":{"line":76,"column":0},"end":{"line":76,"column":15}},"76":{"start":{"line":77,"column":0},"end":{"line":77,"column":23}},"77":{"start":{"line":78,"column":0},"end":{"line":78,"column":12}},"78":{"start":{"line":79,"column":0},"end":{"line":79,"column":17}},"79":{"start":{"line":80,"column":0},"end":{"line":80,"column":7}},"80":{"start":{"line":81,"column":0},"end":{"line":81,"column":10}},"81":{"start":{"line":82,"column":0},"end":{"line":82,"column":53}},"82":{"start":{"line":83,"column":0},"end":{"line":83,"column":6}},"83":{"start":{"line":84,"column":0},"end":{"line":84,"column":6}},"84":{"start":{"line":85,"column":0},"end":{"line":85,"column":21}},"85":{"start":{"line":86,"column":0},"end":{"line":86,"column":12}},"86":{"start":{"line":87,"column":0},"end":{"line":87,"column":53}},"87":{"start":{"line":88,"column":0},"end":{"line":88,"column":7}},"88":{"start":{"line":89,"column":0},"end":{"line":89,"column":10}},"89":{"start":{"line":90,"column":0},"end":{"line":90,"column":17}},"90":{"start":{"line":91,"column":0},"end":{"line":91,"column":6}},"91":{"start":{"line":92,"column":0},"end":{"line":92,"column":5}},"92":{"start":{"line":93,"column":0},"end":{"line":93,"column":5}},"93":{"start":{"line":94,"column":0},"end":{"line":94,"column":15}},"94":{"start":{"line":95,"column":0},"end":{"line":95,"column":53}},"95":{"start":{"line":96,"column":0},"end":{"line":96,"column":48}},"96":{"start":{"line":97,"column":0},"end":{"line":97,"column":4}},"97":{"start":{"line":98,"column":0},"end":{"line":98,"column":3}},"98":{"start":{"line":99,"column":0},"end":{"line":99,"column":3}},"99":{"start":{"line":100,"column":0},"end":{"line":100,"column":31}},"100":{"start":{"line":101,"column":0},"end":{"line":101,"column":19}}},"s":{"0":0,"1":0,"3":0,"4":0,"5":0,"6":0,"7":0,"8":0,"9":0,"10":0,"11":0,"12":0,"13":0,"14":0,"15":0,"16":0,"17":0,"18":0,"19":0,"20":0,"21":0,"22":0,"23":0,"24":0,"25":0,"26":0,"27":0,"28":0,"29":0,"30":0,"31":0,"32":0,"33":0,"34":0,"35":0,"36":0,"37":0,"38":0,"39":0,"40":0,"41":0,"42":0,"43":0,"44":0,"45":0,"46":0,"47":0,"48":0,"49":0,"50":0,"51":0,"52":0,"53":0,"54":0,"55":0,"56":0,"57":0,"58":0,"59":0,"60":0,"61":0,"62":0,"63":0,"64":0,"65":0,"66":0,"67":0,"68":0,"69":0,"70":0,"71":0,"72":0,"73":0,"74":0,"75":0,"76":0,"77":0,"78":0,"79":0,"80":0,"81":0,"82":0,"83":0,"84":0,"85":0,"86":0,"87":0,"88":0,"89":0,"90":0,"91":0,"92":0,"93":0,"94":0,"95":0,"96":0,"97":0,"98":0,"99":0,"100":0},"branchMap":{"0":{"type":"branch","line":1,"loc":{"start":{"line":1,"column":0},"end":{"line":101,"column":-324}},"locations":[{"start":{"line":1,"column":0},"end":{"line":101,"column":-324}}]}},"b":{"0":[0]},"fnMap":{"0":{"name":"(empty-report)","decl":{"start":{"line":1,"column":0},"end":{"line":101,"column":-324}},"loc":{"start":{"line":1,"column":0},"end":{"line":101,"column":-324}},"line":1}},"f":{"0":0}}
,"/Users/eduardo.ferro/Library/CloudStorage/Dropbox/dev/promptscribe-mcp/src/App.tsx": {"path":"/Users/eduardo.ferro/Library/CloudStorage/Dropbox/dev/promptscribe-mcp/src/App.tsx","all":false,"statementMap":{"0":{"start":{"line":1,"column":0},"end":{"line":1,"column":50}},"1":{"start":{"line":2,"column":0},"end":{"line":2,"column":59}},"2":{"start":{"line":3,"column":0},"end":{"line":3,"column":58}},"3":{"start":{"line":4,"column":0},"end":{"line":4,"column":73}},"4":{"start":{"line":5,"column":0},"end":{"line":5,"column":64}},"5":{"start":{"line":6,"column":0},"end":{"line":6,"column":34}},"6":{"start":{"line":7,"column":0},"end":{"line":7,"column":40}},"8":{"start":{"line":9,"column":0},"end":{"line":9,"column":38}},"11":{"start":{"line":12,"column":0},"end":{"line":12,"column":66}},"13":{"start":{"line":14,"column":0},"end":{"line":14,"column":19}},"14":{"start":{"line":15,"column":0},"end":{"line":15,"column":44}},"15":{"start":{"line":16,"column":0},"end":{"line":16,"column":21}},"16":{"start":{"line":17,"column":0},"end":{"line":17,"column":17}},"17":{"start":{"line":18,"column":0},"end":{"line":18,"column":16}},"18":{"start":{"line":19,"column":0},"end":{"line":19,"column":41}},"19":{"start":{"line":20,"column":0},"end":{"line":20,"column":16}},"20":{"start":{"line":21,"column":0},"end":{"line":21,"column":48}},"22":{"start":{"line":23,"column":0},"end":{"line":23,"column":51}},"23":{"start":{"line":24,"column":0},"end":{"line":24,"column":17}},"24":{"start":{"line":25,"column":0},"end":{"line":25,"column":22}},"25":{"start":{"line":26,"column":0},"end":{"line":26,"column":22}},"26":{"start":{"line":27,"column":0},"end":{"line":27,"column":24}},"29":{"start":{"line":30,"column":0},"end":{"line":30,"column":19}}},"s":{"0":1,"1":1,"2":1,"3":1,"4":1,"5":1,"6":1,"8":1,"11":1,"13":1,"14":3,"15":3,"16":3,"17":3,"18":3,"19":3,"20":3,"22":3,"23":3,"24":3,"25":3,"26":3,"29":1},"branchMap":{"0":{"type":"branch","line":12,"loc":{"start":{"line":12,"column":33},"end":{"line":12,"column":62}},"locations":[{"start":{"line":12,"column":33},"end":{"line":12,"column":62}}]},"1":{"type":"branch","line":14,"loc":{"start":{"line":14,"column":12},"end":{"line":27,"column":24}},"locations":[{"start":{"line":14,"column":12},"end":{"line":27,"column":24}}]}},"b":{"0":[0],"1":[3]},"fnMap":{"0":{"name":"App","decl":{"start":{"line":14,"column":12},"end":{"line":27,"column":24}},"loc":{"start":{"line":14,"column":12},"end":{"line":27,"column":24}},"line":14}},"f":{"0":3}}
,"/Users/eduardo.ferro/Library/CloudStorage/Dropbox/dev/promptscribe-mcp/src/main.tsx": {"path":"/Users/eduardo.ferro/Library/CloudStorage/Dropbox/dev/promptscribe-mcp/src/main.tsx","all":false,"statementMap":{"0":{"start":{"line":1,"column":0},"end":{"line":1,"column":45}},"1":{"start":{"line":2,"column":0},"end":{"line":2,"column":27}},"2":{"start":{"line":3,"column":0},"end":{"line":3,"column":62}},"3":{"start":{"line":4,"column":0},"end":{"line":4,"column":20}},"5":{"start":{"line":6,"column":0},"end":{"line":6,"column":52}},"6":{"start":{"line":7,"column":0},"end":{"line":7,"column":17}},"7":{"start":{"line":8,"column":0},"end":{"line":8,"column":11}},"8":{"start":{"line":9,"column":0},"end":{"line":9,"column":18}},"9":{"start":{"line":10,"column":0},"end":{"line":10,"column":2}}},"s":{"0":1,"1":1,"2":1,"3":1,"5":1,"6":1,"7":1,"8":1,"9":1},"branchMap":{},"b":{},"fnMap":{},"f":{}}
,"/Users/eduardo.ferro/Library/CloudStorage/Dropbox/dev/promptscribe-mcp/src/api/supabaseApi.ts": {"path":"/Users/eduardo.ferro/Library/CloudStorage/Dropbox/dev/promptscribe-mcp/src/api/supabaseApi.ts","all":false,"statementMap":{"0":{"start":{"line":1,"column":0},"end":{"line":1,"column":42}},"10":{"start":{"line":11,"column":0},"end":{"line":11,"column":86}},"11":{"start":{"line":12,"column":0},"end":{"line":12,"column":56}},"12":{"start":{"line":13,"column":0},"end":{"line":13,"column":22}},"14":{"start":{"line":15,"column":0},"end":{"line":15,"column":1}},"15":{"start":{"line":16,"column":0},"end":{"line":16,"column":7}},"16":{"start":{"line":17,"column":0},"end":{"line":17,"column":42}},"17":{"start":{"line":18,"column":0},"end":{"line":18,"column":16}},"18":{"start":{"line":19,"column":0},"end":{"line":19,"column":27}},"19":{"start":{"line":20,"column":0},"end":{"line":20,"column":83}},"20":{"start":{"line":21,"column":0},"end":{"line":21,"column":5}},"21":{"start":{"line":22,"column":0},"end":{"line":22,"column":41}},"22":{"start":{"line":23,"column":0},"end":{"line":23,"column":28}},"23":{"start":{"line":24,"column":0},"end":{"line":24,"column":25}},"24":{"start":{"line":25,"column":0},"end":{"line":25,"column":81}},"25":{"start":{"line":26,"column":0},"end":{"line":26,"column":12}},"26":{"start":{"line":27,"column":0},"end":{"line":27,"column":17}},"27":{"start":{"line":28,"column":0},"end":{"line":28,"column":36}},"28":{"start":{"line":29,"column":0},"end":{"line":29,"column":36}},"29":{"start":{"line":30,"column":0},"end":{"line":30,"column":53}},"30":{"start":{"line":31,"column":0},"end":{"line":31,"column":6}},"31":{"start":{"line":32,"column":0},"end":{"line":32,"column":3}},"32":{"start":{"line":33,"column":0},"end":{"line":33,"column":1}}},"s":{"0":1,"10":5,"11":5,"12":5,"14":5,"15":5,"16":5,"17":5,"18":1,"19":1,"20":1,"21":5,"22":5,"23":0,"24":0,"25":0,"26":0,"27":0,"28":0,"29":0,"30":0,"31":0,"32":5},"branchMap":{"0":{"type":"branch","line":11,"loc":{"start":{"line":11,"column":0},"end":{"line":33,"column":1}},"locations":[{"start":{"line":11,"column":0},"end":{"line":33,"column":1}}]},"1":{"type":"branch","line":18,"loc":{"start":{"line":18,"column":15},"end":{"line":21,"column":5}},"locations":[{"start":{"line":18,"column":15},"end":{"line":21,"column":5}}]},"2":{"type":"branch","line":22,"loc":{"start":{"line":22,"column":19},"end":{"line":22,"column":33}},"locations":[{"start":{"line":22,"column":19},"end":{"line":22,"column":33}}]},"3":{"type":"branch","line":23,"loc":{"start":{"line":23,"column":2},"end":{"line":32,"column":3}},"locations":[{"start":{"line":23,"column":2},"end":{"line":32,"column":3}}]}},"b":{"0":[5],"1":[1],"2":[1],"3":[0]},"fnMap":{"0":{"name":"handleRequest","decl":{"start":{"line":11,"column":0},"end":{"line":33,"column":1}},"loc":{"start":{"line":11,"column":0},"end":{"line":33,"column":1}},"line":11}},"f":{"0":5}}
,"/Users/eduardo.ferro/Library/CloudStorage/Dropbox/dev/promptscribe-mcp/src/components/ErrorBoundary.tsx": {"path":"/Users/eduardo.ferro/Library/CloudStorage/Dropbox/dev/promptscribe-mcp/src/components/ErrorBoundary.tsx","all":false,"statementMap":{"0":{"start":{"line":1,"column":0},"end":{"line":1,"column":26}},"13":{"start":{"line":14,"column":0},"end":{"line":14,"column":51}},"16":{"start":{"line":17,"column":0},"end":{"line":17,"column":3}},"17":{"start":{"line":18,"column":0},"end":{"line":18,"column":42}},"18":{"start":{"line":19,"column":0},"end":{"line":19,"column":17}},"19":{"start":{"line":20,"column":0},"end":{"line":20,"column":37}},"20":{"start":{"line":21,"column":0},"end":{"line":21,"column":3}},"22":{"start":{"line":23,"column":0},"end":{"line":23,"column":69}},"23":{"start":{"line":24,"column":0},"end":{"line":24,"column":37}},"24":{"start":{"line":25,"column":0},"end":{"line":25,"column":3}},"26":{"start":{"line":27,"column":0},"end":{"line":27,"column":63}},"27":{"start":{"line":28,"column":0},"end":{"line":28,"column":65}},"28":{"start":{"line":29,"column":0},"end":{"line":29,"column":3}},"30":{"start":{"line":31,"column":0},"end":{"line":31,"column":12}},"31":{"start":{"line":32,"column":0},"end":{"line":32,"column":30}},"32":{"start":{"line":33,"column":0},"end":{"line":33,"column":14}},"33":{"start":{"line":34,"column":0},"end":{"line":34,"column":75}},"34":{"start":{"line":35,"column":0},"end":{"line":35,"column":49}},"35":{"start":{"line":36,"column":0},"end":{"line":36,"column":72}},"36":{"start":{"line":37,"column":0},"end":{"line":37,"column":72}},"37":{"start":{"line":38,"column":0},"end":{"line":38,"column":49}},"39":{"start":{"line":40,"column":0},"end":{"line":40,"column":16}},"40":{"start":{"line":41,"column":0},"end":{"line":41,"column":61}},"42":{"start":{"line":43,"column":0},"end":{"line":43,"column":21}},"43":{"start":{"line":44,"column":0},"end":{"line":44,"column":16}},"44":{"start":{"line":45,"column":0},"end":{"line":45,"column":14}},"46":{"start":{"line":47,"column":0},"end":{"line":47,"column":5}},"48":{"start":{"line":49,"column":0},"end":{"line":49,"column":31}},"49":{"start":{"line":50,"column":0},"end":{"line":50,"column":3}},"50":{"start":{"line":51,"column":0},"end":{"line":51,"column":1}}},"s":{"0":1,"13":1,"16":1,"17":1,"18":6,"19":6,"20":6,"22":1,"23":4,"24":4,"26":1,"27":2,"28":2,"30":1,"31":9,"32":4,"33":4,"34":4,"35":4,"36":4,"37":4,"39":4,"40":4,"42":4,"43":4,"44":4,"46":4,"48":5,"49":9,"50":1},"branchMap":{"0":{"type":"branch","line":18,"loc":{"start":{"line":18,"column":2},"end":{"line":21,"column":3}},"locations":[{"start":{"line":18,"column":2},"end":{"line":21,"column":3}}]},"1":{"type":"branch","line":23,"loc":{"start":{"line":23,"column":9},"end":{"line":25,"column":3}},"locations":[{"start":{"line":23,"column":9},"end":{"line":25,"column":3}}]},"2":{"type":"branch","line":27,"loc":{"start":{"line":27,"column":2},"end":{"line":29,"column":3}},"locations":[{"start":{"line":27,"column":2},"end":{"line":29,"column":3}}]},"3":{"type":"branch","line":31,"loc":{"start":{"line":31,"column":2},"end":{"line":50,"column":3}},"locations":[{"start":{"line":31,"column":2},"end":{"line":50,"column":3}}]},"4":{"type":"branch","line":32,"loc":{"start":{"line":32,"column":29},"end":{"line":47,"column":5}},"locations":[{"start":{"line":32,"column":29},"end":{"line":47,"column":5}}]},"5":{"type":"branch","line":47,"loc":{"start":{"line":47,"column":4},"end":{"line":49,"column":31}},"locations":[{"start":{"line":47,"column":4},"end":{"line":49,"column":31}}]}},"b":{"0":[6],"1":[4],"2":[2],"3":[9],"4":[4],"5":[5]},"fnMap":{"0":{"name":"ErrorBoundary","decl":{"start":{"line":18,"column":2},"end":{"line":21,"column":3}},"loc":{"start":{"line":18,"column":2},"end":{"line":21,"column":3}},"line":18},"1":{"name":"getDerivedStateFromError","decl":{"start":{"line":23,"column":9},"end":{"line":25,"column":3}},"loc":{"start":{"line":23,"column":9},"end":{"line":25,"column":3}},"line":23},"2":{"name":"componentDidCatch","decl":{"start":{"line":27,"column":2},"end":{"line":29,"column":3}},"loc":{"start":{"line":27,"column":2},"end":{"line":29,"column":3}},"line":27},"3":{"name":"render","decl":{"start":{"line":31,"column":2},"end":{"line":50,"column":3}},"loc":{"start":{"line":31,"column":2},"end":{"line":50,"column":3}},"line":31},"4":{"name":"onClick","decl":{"start":{"line":41,"column":29},"end":{"line":41,"column":61}},"loc":{"start":{"line":41,"column":29},"end":{"line":41,"column":61}},"line":41}},"f":{"0":6,"1":4,"2":2,"3":9,"4":0}}
,"/Users/eduardo.ferro/Library/CloudStorage/Dropbox/dev/promptscribe-mcp/src/components/Dashboard/DashboardHeader.tsx": {"path":"/Users/eduardo.ferro/Library/CloudStorage/Dropbox/dev/promptscribe-mcp/src/components/Dashboard/DashboardHeader.tsx","all":false,"statementMap":{"0":{"start":{"line":1,"column":0},"end":{"line":1,"column":48}},"10":{"start":{"line":11,"column":0},"end":{"line":11,"column":89}},"11":{"start":{"line":12,"column":0},"end":{"line":12,"column":10}},"12":{"start":{"line":13,"column":0},"end":{"line":13,"column":72}},"13":{"start":{"line":14,"column":0},"end":{"line":14,"column":51}},"14":{"start":{"line":15,"column":0},"end":{"line":15,"column":59}},"15":{"start":{"line":16,"column":0},"end":{"line":16,"column":15}},"16":{"start":{"line":17,"column":0},"end":{"line":17,"column":84}},"17":{"start":{"line":18,"column":0},"end":{"line":18,"column":82}},"18":{"start":{"line":19,"column":0},"end":{"line":19,"column":16}},"20":{"start":{"line":21,"column":0},"end":{"line":21,"column":51}},"21":{"start":{"line":22,"column":0},"end":{"line":22,"column":42}},"22":{"start":{"line":23,"column":0},"end":{"line":23,"column":47}},"24":{"start":{"line":25,"column":0},"end":{"line":25,"column":21}},"25":{"start":{"line":26,"column":0},"end":{"line":26,"column":58}},"26":{"start":{"line":27,"column":0},"end":{"line":27,"column":49}},"28":{"start":{"line":29,"column":0},"end":{"line":29,"column":21}},"29":{"start":{"line":30,"column":0},"end":{"line":30,"column":16}},"30":{"start":{"line":31,"column":0},"end":{"line":31,"column":14}},"31":{"start":{"line":32,"column":0},"end":{"line":32,"column":12}},"32":{"start":{"line":33,"column":0},"end":{"line":33,"column":13}},"34":{"start":{"line":35,"column":0},"end":{"line":35,"column":1}}},"s":{"0":1,"10":1,"11":48,"12":48,"13":48,"14":48,"15":48,"16":48,"17":48,"18":48,"20":48,"21":48,"22":48,"24":48,"25":48,"26":48,"28":48,"29":48,"30":48,"31":48,"32":48,"34":48},"branchMap":{"0":{"type":"branch","line":11,"loc":{"start":{"line":11,"column":7},"end":{"line":35,"column":1}},"locations":[{"start":{"line":11,"column":7},"end":{"line":35,"column":1}}]}},"b":{"0":[48]},"fnMap":{"0":{"name":"DashboardHeader","decl":{"start":{"line":11,"column":7},"end":{"line":35,"column":1}},"loc":{"start":{"line":11,"column":7},"end":{"line":35,"column":1}},"line":11}},"f":{"0":48}}
,"/Users/eduardo.ferro/Library/CloudStorage/Dropbox/dev/promptscribe-mcp/src/components/Dashboard/TemplateGrid.tsx": {"path":"/Users/eduardo.ferro/Library/CloudStorage/Dropbox/dev/promptscribe-mcp/src/components/Dashboard/TemplateGrid.tsx","all":false,"statementMap":{"0":{"start":{"line":1,"column":0},"end":{"line":1,"column":48}},"15":{"start":{"line":16,"column":0},"end":{"line":16,"column":31}},"16":{"start":{"line":17,"column":0},"end":{"line":17,"column":13}},"17":{"start":{"line":18,"column":0},"end":{"line":18,"column":17}},"18":{"start":{"line":19,"column":0},"end":{"line":19,"column":18}},"19":{"start":{"line":20,"column":0},"end":{"line":20,"column":38}},"20":{"start":{"line":21,"column":0},"end":{"line":21,"column":10}},"21":{"start":{"line":22,"column":0},"end":{"line":22,"column":12}},"22":{"start":{"line":23,"column":0},"end":{"line":23,"column":9}},"23":{"start":{"line":24,"column":0},"end":{"line":24,"column":23}},"24":{"start":{"line":25,"column":0},"end":{"line":25,"column":16}},"25":{"start":{"line":26,"column":0},"end":{"line":26,"column":27}},"26":{"start":{"line":27,"column":0},"end":{"line":27,"column":3}},"28":{"start":{"line":29,"column":0},"end":{"line":29,"column":31}},"29":{"start":{"line":30,"column":0},"end":{"line":30,"column":70}},"30":{"start":{"line":31,"column":0},"end":{"line":31,"column":3}},"32":{"start":{"line":33,"column":0},"end":{"line":33,"column":10}},"33":{"start":{"line":34,"column":0},"end":{"line":34,"column":74}},"34":{"start":{"line":35,"column":0},"end":{"line":35,"column":36}},"35":{"start":{"line":36,"column":0},"end":{"line":36,"column":21}},"36":{"start":{"line":37,"column":0},"end":{"line":37,"column":27}},"37":{"start":{"line":38,"column":0},"end":{"line":38,"column":29}},"38":{"start":{"line":39,"column":0},"end":{"line":39,"column":53}},"39":{"start":{"line":40,"column":0},"end":{"line":40,"column":73}},"40":{"start":{"line":41,"column":0},"end":{"line":41,"column":77}},"41":{"start":{"line":42,"column":0},"end":{"line":42,"column":25}},"42":{"start":{"line":43,"column":0},"end":{"line":43,"column":10}},"43":{"start":{"line":44,"column":0},"end":{"line":44,"column":9}},"44":{"start":{"line":45,"column":0},"end":{"line":45,"column":10}},"46":{"start":{"line":47,"column":0},"end":{"line":47,"column":1}},"48":{"start":{"line":49,"column":0},"end":{"line":49,"column":24}},"49":{"start":{"line":50,"column":0},"end":{"line":50,"column":10}},"50":{"start":{"line":51,"column":0},"end":{"line":51,"column":74}},"51":{"start":{"line":52,"column":0},"end":{"line":52,"column":36}},"52":{"start":{"line":53,"column":0},"end":{"line":53,"column":74}},"53":{"start":{"line":54,"column":0},"end":{"line":54,"column":9}},"54":{"start":{"line":55,"column":0},"end":{"line":55,"column":10}},"56":{"start":{"line":57,"column":0},"end":{"line":57,"column":1}},"63":{"start":{"line":64,"column":0},"end":{"line":64,"column":64}},"64":{"start":{"line":65,"column":0},"end":{"line":65,"column":10}},"65":{"start":{"line":66,"column":0},"end":{"line":66,"column":39}},"66":{"start":{"line":67,"column":0},"end":{"line":67,"column":61}},"67":{"start":{"line":68,"column":0},"end":{"line":68,"column":23}},"68":{"start":{"line":69,"column":0},"end":{"line":69,"column":60}},"69":{"start":{"line":70,"column":0},"end":{"line":70,"column":43}},"71":{"start":{"line":72,"column":0},"end":{"line":72,"column":17}},"73":{"start":{"line":74,"column":0},"end":{"line":74,"column":10}},"75":{"start":{"line":76,"column":0},"end":{"line":76,"column":1}}},"s":{"0":1,"15":1,"16":51,"17":51,"18":51,"19":51,"20":51,"21":51,"22":51,"23":51,"24":51,"25":19,"26":19,"28":51,"29":4,"30":4,"32":28,"33":28,"34":28,"35":29,"36":29,"37":29,"38":29,"39":29,"40":29,"41":29,"42":29,"43":28,"44":28,"46":28,"48":19,"49":19,"50":19,"51":19,"52":114,"53":19,"54":19,"56":19,"63":4,"64":4,"65":4,"66":4,"67":4,"68":2,"69":2,"71":2,"73":4,"75":4},"branchMap":{"0":{"type":"branch","line":16,"loc":{"start":{"line":16,"column":7},"end":{"line":47,"column":1}},"locations":[{"start":{"line":16,"column":7},"end":{"line":47,"column":1}}]},"1":{"type":"branch","line":25,"loc":{"start":{"line":25,"column":15},"end":{"line":27,"column":3}},"locations":[{"start":{"line":25,"column":15},"end":{"line":27,"column":3}}]},"2":{"type":"branch","line":27,"loc":{"start":{"line":27,"column":2},"end":{"line":29,"column":30}},"locations":[{"start":{"line":27,"column":2},"end":{"line":29,"column":30}}]},"3":{"type":"branch","line":29,"loc":{"start":{"line":29,"column":30},"end":{"line":31,"column":3}},"locations":[{"start":{"line":29,"column":30},"end":{"line":31,"column":3}}]},"4":{"type":"branch","line":31,"loc":{"start":{"line":31,"column":2},"end":{"line":47,"column":1}},"locations":[{"start":{"line":31,"column":2},"end":{"line":47,"column":1}}]},"5":{"type":"branch","line":35,"loc":{"start":{"line":35,"column":21},"end":{"line":43,"column":10}},"locations":[{"start":{"line":35,"column":21},"end":{"line":43,"column":10}}]},"6":{"type":"branch","line":40,"loc":{"start":{"line":40,"column":38},"end":{"line":40,"column":63}},"locations":[{"start":{"line":40,"column":38},"end":{"line":40,"column":63}}]},"7":{"type":"branch","line":40,"loc":{"start":{"line":40,"column":54},"end":{"line":40,"column":73}},"locations":[{"start":{"line":40,"column":54},"end":{"line":40,"column":73}}]},"8":{"type":"branch","line":41,"loc":{"start":{"line":41,"column":40},"end":{"line":41,"column":67}},"locations":[{"start":{"line":41,"column":40},"end":{"line":41,"column":67}}]},"9":{"type":"branch","line":41,"loc":{"start":{"line":41,"column":56},"end":{"line":41,"column":77}},"locations":[{"start":{"line":41,"column":56},"end":{"line":41,"column":77}}]},"10":{"type":"branch","line":49,"loc":{"start":{"line":49,"column":0},"end":{"line":57,"column":1}},"locations":[{"start":{"line":49,"column":0},"end":{"line":57,"column":1}}]},"11":{"type":"branch","line":52,"loc":{"start":{"line":52,"column":25},"end":{"line":53,"column":74}},"locations":[{"start":{"line":52,"column":25},"end":{"line":53,"column":74}}]},"12":{"type":"branch","line":64,"loc":{"start":{"line":64,"column":0},"end":{"line":76,"column":1}},"locations":[{"start":{"line":64,"column":0},"end":{"line":76,"column":1}}]},"13":{"type":"branch","line":68,"loc":{"start":{"line":68,"column":7},"end":{"line":72,"column":17}},"locations":[{"start":{"line":68,"column":7},"end":{"line":72,"column":17}}]}},"b":{"0":[51],"1":[19],"2":[32],"3":[4],"4":[28],"5":[29],"6":[28],"7":[1],"8":[28],"9":[1],"10":[19],"11":[114],"12":[4],"13":[2]},"fnMap":{"0":{"name":"TemplateGrid","decl":{"start":{"line":16,"column":7},"end":{"line":47,"column":1}},"loc":{"start":{"line":16,"column":7},"end":{"line":47,"column":1}},"line":16},"1":{"name":"LoadingGrid","decl":{"start":{"line":49,"column":0},"end":{"line":57,"column":1}},"loc":{"start":{"line":49,"column":0},"end":{"line":57,"column":1}},"line":49},"2":{"name":"EmptyState","decl":{"start":{"line":64,"column":0},"end":{"line":76,"column":1}},"loc":{"start":{"line":64,"column":0},"end":{"line":76,"column":1}},"line":64},"3":{"name":"onClick","decl":{"start":{"line":69,"column":25},"end":{"line":69,"column":60}},"loc":{"start":{"line":69,"column":25},"end":{"line":69,"column":60}},"line":69}},"f":{"0":51,"1":19,"2":4,"3":0}}
,"/Users/eduardo.ferro/Library/CloudStorage/Dropbox/dev/promptscribe-mcp/src/components/Dashboard/TemplateSearch.tsx": {"path":"/Users/eduardo.ferro/Library/CloudStorage/Dropbox/dev/promptscribe-mcp/src/components/Dashboard/TemplateSearch.tsx","all":false,"statementMap":{"0":{"start":{"line":1,"column":0},"end":{"line":1,"column":46}},"8":{"start":{"line":9,"column":0},"end":{"line":9,"column":74}},"9":{"start":{"line":10,"column":0},"end":{"line":10,"column":10}},"10":{"start":{"line":11,"column":0},"end":{"line":11,"column":26}},"11":{"start":{"line":12,"column":0},"end":{"line":12,"column":41}},"12":{"start":{"line":13,"column":0},"end":{"line":13,"column":111}},"13":{"start":{"line":14,"column":0},"end":{"line":14,"column":14}},"14":{"start":{"line":15,"column":0},"end":{"line":15,"column":43}},"15":{"start":{"line":16,"column":0},"end":{"line":16,"column":23}},"16":{"start":{"line":17,"column":0},"end":{"line":17,"column":52}},"17":{"start":{"line":18,"column":0},"end":{"line":18,"column":27}},"18":{"start":{"line":19,"column":0},"end":{"line":19,"column":10}},"19":{"start":{"line":20,"column":0},"end":{"line":20,"column":12}},"20":{"start":{"line":21,"column":0},"end":{"line":21,"column":10}},"22":{"start":{"line":23,"column":0},"end":{"line":23,"column":1}}},"s":{"0":1,"8":1,"9":42,"10":42,"11":42,"12":42,"13":42,"14":42,"15":42,"16":42,"17":42,"18":42,"19":42,"20":42,"22":42},"branchMap":{"0":{"type":"branch","line":9,"loc":{"start":{"line":9,"column":7},"end":{"line":23,"column":1}},"locations":[{"start":{"line":9,"column":7},"end":{"line":23,"column":1}}]},"1":{"type":"branch","line":17,"loc":{"start":{"line":17,"column":20},"end":{"line":17,"column":52}},"locations":[{"start":{"line":17,"column":20},"end":{"line":17,"column":52}}]}},"b":{"0":[42],"1":[1]},"fnMap":{"0":{"name":"TemplateSearch","decl":{"start":{"line":9,"column":7},"end":{"line":23,"column":1}},"loc":{"start":{"line":9,"column":7},"end":{"line":23,"column":1}},"line":9},"1":{"name":"onChange","decl":{"start":{"line":17,"column":20},"end":{"line":17,"column":52}},"loc":{"start":{"line":17,"column":20},"end":{"line":17,"column":52}},"line":17}},"f":{"0":42,"1":1}}
,"/Users/eduardo.ferro/Library/CloudStorage/Dropbox/dev/promptscribe-mcp/src/components/Dashboard/TemplateSuggestions.tsx": {"path":"/Users/eduardo.ferro/Library/CloudStorage/Dropbox/dev/promptscribe-mcp/src/components/Dashboard/TemplateSuggestions.tsx","all":false,"statementMap":{"0":{"start":{"line":1,"column":0},"end":{"line":1,"column":46}},"10":{"start":{"line":11,"column":0},"end":{"line":11,"column":106}},"11":{"start":{"line":12,"column":0},"end":{"line":12,"column":37}},"12":{"start":{"line":13,"column":0},"end":{"line":13,"column":42}},"14":{"start":{"line":15,"column":0},"end":{"line":15,"column":23}},"15":{"start":{"line":16,"column":0},"end":{"line":16,"column":47}},"16":{"start":{"line":17,"column":0},"end":{"line":17,"column":76}},"17":{"start":{"line":18,"column":0},"end":{"line":18,"column":19}},"18":{"start":{"line":19,"column":0},"end":{"line":19,"column":4}},"20":{"start":{"line":21,"column":0},"end":{"line":21,"column":49}},"22":{"start":{"line":23,"column":0},"end":{"line":23,"column":49}},"24":{"start":{"line":25,"column":0},"end":{"line":25,"column":10}},"25":{"start":{"line":26,"column":0},"end":{"line":26,"column":50}},"26":{"start":{"line":27,"column":0},"end":{"line":27,"column":63}},"27":{"start":{"line":28,"column":0},"end":{"line":28,"column":61}},"28":{"start":{"line":29,"column":0},"end":{"line":29,"column":43}},"29":{"start":{"line":30,"column":0},"end":{"line":30,"column":78}},"30":{"start":{"line":31,"column":0},"end":{"line":31,"column":73}},"31":{"start":{"line":32,"column":0},"end":{"line":32,"column":75}},"32":{"start":{"line":33,"column":0},"end":{"line":33,"column":65}},"33":{"start":{"line":34,"column":0},"end":{"line":34,"column":16}},"34":{"start":{"line":35,"column":0},"end":{"line":35,"column":31}},"35":{"start":{"line":36,"column":0},"end":{"line":36,"column":57}},"36":{"start":{"line":37,"column":0},"end":{"line":37,"column":55}},"37":{"start":{"line":38,"column":0},"end":{"line":38,"column":73}},"38":{"start":{"line":39,"column":0},"end":{"line":39,"column":44}},"39":{"start":{"line":40,"column":0},"end":{"line":40,"column":26}},"40":{"start":{"line":41,"column":0},"end":{"line":41,"column":19}},"41":{"start":{"line":42,"column":0},"end":{"line":42,"column":46}},"42":{"start":{"line":43,"column":0},"end":{"line":43,"column":63}},"43":{"start":{"line":44,"column":0},"end":{"line":44,"column":52}},"44":{"start":{"line":45,"column":0},"end":{"line":45,"column":26}},"46":{"start":{"line":47,"column":0},"end":{"line":47,"column":20}},"48":{"start":{"line":49,"column":0},"end":{"line":49,"column":20}},"49":{"start":{"line":50,"column":0},"end":{"line":50,"column":32}},"50":{"start":{"line":51,"column":0},"end":{"line":51,"column":24}},"51":{"start":{"line":52,"column":0},"end":{"line":52,"column":37}},"52":{"start":{"line":53,"column":0},"end":{"line":53,"column":46}},"53":{"start":{"line":54,"column":0},"end":{"line":54,"column":13}},"55":{"start":{"line":56,"column":0},"end":{"line":56,"column":21}},"56":{"start":{"line":57,"column":0},"end":{"line":57,"column":16}},"57":{"start":{"line":58,"column":0},"end":{"line":58,"column":11}},"58":{"start":{"line":59,"column":0},"end":{"line":59,"column":12}},"59":{"start":{"line":60,"column":0},"end":{"line":60,"column":10}},"61":{"start":{"line":62,"column":0},"end":{"line":62,"column":1}}},"s":{"0":1,"10":1,"11":7,"12":7,"14":6,"15":6,"16":6,"17":6,"18":7,"20":7,"22":7,"24":5,"25":5,"26":5,"27":5,"28":5,"29":9,"30":9,"31":9,"32":9,"33":9,"34":9,"35":9,"36":9,"37":19,"38":19,"39":19,"40":9,"41":9,"42":1,"43":1,"44":1,"46":9,"48":9,"49":9,"50":9,"51":9,"52":9,"53":9,"55":9,"56":9,"57":5,"58":5,"59":5,"61":5},"branchMap":{"0":{"type":"branch","line":11,"loc":{"start":{"line":11,"column":7},"end":{"line":62,"column":1}},"locations":[{"start":{"line":11,"column":7},"end":{"line":62,"column":1}}]},"1":{"type":"branch","line":23,"loc":{"start":{"line":23,"column":37},"end":{"line":23,"column":49}},"locations":[{"start":{"line":23,"column":37},"end":{"line":23,"column":49}}]},"2":{"type":"branch","line":23,"loc":{"start":{"line":23,"column":44},"end":{"line":62,"column":1}},"locations":[{"start":{"line":23,"column":44},"end":{"line":62,"column":1}}]},"3":{"type":"branch","line":12,"loc":{"start":{"line":12,"column":30},"end":{"line":19,"column":4}},"locations":[{"start":{"line":12,"column":30},"end":{"line":19,"column":4}}]},"4":{"type":"branch","line":13,"loc":{"start":{"line":13,"column":32},"end":{"line":13,"column":42}},"locations":[{"start":{"line":13,"column":32},"end":{"line":13,"column":42}}]},"5":{"type":"branch","line":13,"loc":{"start":{"line":13,"column":40},"end":{"line":18,"column":19}},"locations":[{"start":{"line":13,"column":40},"end":{"line":18,"column":19}}]},"6":{"type":"branch","line":16,"loc":{"start":{"line":16,"column":14},"end":{"line":16,"column":46}},"locations":[{"start":{"line":16,"column":14},"end":{"line":16,"column":46}}]},"7":{"type":"branch","line":17,"loc":{"start":{"line":17,"column":14},"end":{"line":17,"column":75}},"locations":[{"start":{"line":17,"column":14},"end":{"line":17,"column":75}}]},"8":{"type":"branch","line":17,"loc":{"start":{"line":17,"column":32},"end":{"line":17,"column":74}},"locations":[{"start":{"line":17,"column":32},"end":{"line":17,"column":74}}]},"9":{"type":"branch","line":29,"loc":{"start":{"line":29,"column":30},"end":{"line":57,"column":16}},"locations":[{"start":{"line":29,"column":30},"end":{"line":57,"column":16}}]},"10":{"type":"branch","line":33,"loc":{"start":{"line":33,"column":24},"end":{"line":33,"column":65}},"locations":[{"start":{"line":33,"column":24},"end":{"line":33,"column":65}}]},"11":{"type":"branch","line":42,"loc":{"start":{"line":42,"column":40},"end":{"line":45,"column":26}},"locations":[{"start":{"line":42,"column":40},"end":{"line":45,"column":26}}]},"12":{"type":"branch","line":37,"loc":{"start":{"line":37,"column":47},"end":{"line":40,"column":26}},"locations":[{"start":{"line":37,"column":47},"end":{"line":40,"column":26}}]},"13":{"type":"branch","line":53,"loc":{"start":{"line":53,"column":23},"end":{"line":53,"column":46}},"locations":[{"start":{"line":53,"column":23},"end":{"line":53,"column":46}}]}},"b":{"0":[7],"1":[2],"2":[5],"3":[7],"4":[1],"5":[6],"6":[22],"7":[16],"8":[23],"9":[9],"10":[0],"11":[1],"12":[19],"13":[1]},"fnMap":{"0":{"name":"TemplateSuggestions","decl":{"start":{"line":11,"column":7},"end":{"line":62,"column":1}},"loc":{"start":{"line":11,"column":7},"end":{"line":62,"column":1}},"line":11},"1":{"name":"getRelatedTemplates","decl":{"start":{"line":12,"column":30},"end":{"line":19,"column":4}},"loc":{"start":{"line":12,"column":30},"end":{"line":19,"column":4}},"line":12},"2":{"name":"onClick","decl":{"start":{"line":53,"column":23},"end":{"line":53,"column":46}},"loc":{"start":{"line":53,"column":23},"end":{"line":53,"column":46}},"line":53}},"f":{"0":7,"1":7,"2":1}}
,"/Users/eduardo.ferro/Library/CloudStorage/Dropbox/dev/promptscribe-mcp/src/components/auth/AuthForm.tsx": {"path":"/Users/eduardo.ferro/Library/CloudStorage/Dropbox/dev/promptscribe-mcp/src/components/auth/AuthForm.tsx","all":false,"statementMap":{"0":{"start":{"line":1,"column":0},"end":{"line":1,"column":33}},"13":{"start":{"line":14,"column":0},"end":{"line":14,"column":68}},"14":{"start":{"line":15,"column":0},"end":{"line":15,"column":41}},"15":{"start":{"line":16,"column":0},"end":{"line":16,"column":47}},"16":{"start":{"line":17,"column":0},"end":{"line":17,"column":48}},"17":{"start":{"line":18,"column":0},"end":{"line":18,"column":51}},"18":{"start":{"line":19,"column":0},"end":{"line":19,"column":60}},"19":{"start":{"line":20,"column":0},"end":{"line":20,"column":31}},"21":{"start":{"line":22,"column":0},"end":{"line":22,"column":54}},"22":{"start":{"line":23,"column":0},"end":{"line":23,"column":23}},"23":{"start":{"line":24,"column":0},"end":{"line":24,"column":21}},"25":{"start":{"line":26,"column":0},"end":{"line":26,"column":9}},"26":{"start":{"line":27,"column":0},"end":{"line":27,"column":55}},"28":{"start":{"line":29,"column":0},"end":{"line":29,"column":67}},"30":{"start":{"line":31,"column":0},"end":{"line":31,"column":18}},"31":{"start":{"line":32,"column":0},"end":{"line":32,"column":15}},"32":{"start":{"line":33,"column":0},"end":{"line":33,"column":33}},"33":{"start":{"line":34,"column":0},"end":{"line":34,"column":34}},"34":{"start":{"line":35,"column":0},"end":{"line":35,"column":36}},"35":{"start":{"line":36,"column":0},"end":{"line":36,"column":11}},"36":{"start":{"line":37,"column":0},"end":{"line":37,"column":14}},"37":{"start":{"line":38,"column":0},"end":{"line":38,"column":15}},"38":{"start":{"line":39,"column":0},"end":{"line":39,"column":36}},"39":{"start":{"line":40,"column":0},"end":{"line":40,"column":90}},"40":{"start":{"line":41,"column":0},"end":{"line":41,"column":11}},"41":{"start":{"line":42,"column":0},"end":{"line":42,"column":7}},"42":{"start":{"line":43,"column":0},"end":{"line":43,"column":15}},"43":{"start":{"line":44,"column":0},"end":{"line":44,"column":13}},"44":{"start":{"line":45,"column":0},"end":{"line":45,"column":31}},"45":{"start":{"line":46,"column":0},"end":{"line":46,"column":23}},"46":{"start":{"line":47,"column":0},"end":{"line":47,"column":51}},"47":{"start":{"line":48,"column":0},"end":{"line":48,"column":9}},"48":{"start":{"line":49,"column":0},"end":{"line":49,"column":15}},"49":{"start":{"line":50,"column":0},"end":{"line":50,"column":24}},"50":{"start":{"line":51,"column":0},"end":{"line":51,"column":5}},"51":{"start":{"line":52,"column":0},"end":{"line":52,"column":4}},"53":{"start":{"line":54,"column":0},"end":{"line":54,"column":54}},"54":{"start":{"line":55,"column":0},"end":{"line":55,"column":23}},"55":{"start":{"line":56,"column":0},"end":{"line":56,"column":21}},"57":{"start":{"line":58,"column":0},"end":{"line":58,"column":9}},"58":{"start":{"line":59,"column":0},"end":{"line":59,"column":54}},"60":{"start":{"line":61,"column":0},"end":{"line":61,"column":18}},"61":{"start":{"line":62,"column":0},"end":{"line":62,"column":15}},"62":{"start":{"line":63,"column":0},"end":{"line":63,"column":33}},"63":{"start":{"line":64,"column":0},"end":{"line":64,"column":34}},"64":{"start":{"line":65,"column":0},"end":{"line":65,"column":36}},"65":{"start":{"line":66,"column":0},"end":{"line":66,"column":11}},"66":{"start":{"line":67,"column":0},"end":{"line":67,"column":14}},"67":{"start":{"line":68,"column":0},"end":{"line":68,"column":24}},"68":{"start":{"line":69,"column":0},"end":{"line":69,"column":7}},"69":{"start":{"line":70,"column":0},"end":{"line":70,"column":15}},"70":{"start":{"line":71,"column":0},"end":{"line":71,"column":13}},"71":{"start":{"line":72,"column":0},"end":{"line":72,"column":31}},"72":{"start":{"line":73,"column":0},"end":{"line":73,"column":23}},"73":{"start":{"line":74,"column":0},"end":{"line":74,"column":51}},"74":{"start":{"line":75,"column":0},"end":{"line":75,"column":9}},"75":{"start":{"line":76,"column":0},"end":{"line":76,"column":15}},"76":{"start":{"line":77,"column":0},"end":{"line":77,"column":24}},"77":{"start":{"line":78,"column":0},"end":{"line":78,"column":5}},"78":{"start":{"line":79,"column":0},"end":{"line":79,"column":4}},"80":{"start":{"line":81,"column":0},"end":{"line":81,"column":61}},"81":{"start":{"line":82,"column":0},"end":{"line":82,"column":23}},"82":{"start":{"line":83,"column":0},"end":{"line":83,"column":21}},"84":{"start":{"line":85,"column":0},"end":{"line":85,"column":9}},"85":{"start":{"line":86,"column":0},"end":{"line":86,"column":86}},"87":{"start":{"line":88,"column":0},"end":{"line":88,"column":18}},"88":{"start":{"line":89,"column":0},"end":{"line":89,"column":15}},"89":{"start":{"line":90,"column":0},"end":{"line":90,"column":33}},"90":{"start":{"line":91,"column":0},"end":{"line":91,"column":32}},"91":{"start":{"line":92,"column":0},"end":{"line":92,"column":36}},"92":{"start":{"line":93,"column":0},"end":{"line":93,"column":11}},"93":{"start":{"line":94,"column":0},"end":{"line":94,"column":14}},"94":{"start":{"line":95,"column":0},"end":{"line":95,"column":15}},"95":{"start":{"line":96,"column":0},"end":{"line":96,"column":36}},"96":{"start":{"line":97,"column":0},"end":{"line":97,"column":74}},"97":{"start":{"line":98,"column":0},"end":{"line":98,"column":11}},"98":{"start":{"line":99,"column":0},"end":{"line":99,"column":32}},"99":{"start":{"line":100,"column":0},"end":{"line":100,"column":26}},"100":{"start":{"line":101,"column":0},"end":{"line":101,"column":7}},"101":{"start":{"line":102,"column":0},"end":{"line":102,"column":15}},"102":{"start":{"line":103,"column":0},"end":{"line":103,"column":13}},"103":{"start":{"line":104,"column":0},"end":{"line":104,"column":31}},"104":{"start":{"line":105,"column":0},"end":{"line":105,"column":23}},"105":{"start":{"line":106,"column":0},"end":{"line":106,"column":51}},"106":{"start":{"line":107,"column":0},"end":{"line":107,"column":9}},"107":{"start":{"line":108,"column":0},"end":{"line":108,"column":15}},"108":{"start":{"line":109,"column":0},"end":{"line":109,"column":24}},"109":{"start":{"line":110,"column":0},"end":{"line":110,"column":5}},"110":{"start":{"line":111,"column":0},"end":{"line":111,"column":4}},"112":{"start":{"line":113,"column":0},"end":{"line":113,"column":10}},"113":{"start":{"line":114,"column":0},"end":{"line":114,"column":71}},"114":{"start":{"line":115,"column":0},"end":{"line":115,"column":40}},"115":{"start":{"line":116,"column":0},"end":{"line":116,"column":44}},"116":{"start":{"line":117,"column":0},"end":{"line":117,"column":86}},"117":{"start":{"line":118,"column":0},"end":{"line":118,"column":27}},"119":{"start":{"line":120,"column":0},"end":{"line":120,"column":28}},"120":{"start":{"line":121,"column":0},"end":{"line":121,"column":21}},"121":{"start":{"line":122,"column":0},"end":{"line":122,"column":21}},"122":{"start":{"line":123,"column":0},"end":{"line":123,"column":57}},"123":{"start":{"line":124,"column":0},"end":{"line":124,"column":58}},"124":{"start":{"line":125,"column":0},"end":{"line":125,"column":63}},"125":{"start":{"line":126,"column":0},"end":{"line":126,"column":63}},"126":{"start":{"line":127,"column":0},"end":{"line":127,"column":23}},"128":{"start":{"line":129,"column":0},"end":{"line":129,"column":40}},"129":{"start":{"line":130,"column":0},"end":{"line":130,"column":33}},"130":{"start":{"line":131,"column":0},"end":{"line":131,"column":68}},"131":{"start":{"line":132,"column":0},"end":{"line":132,"column":45}},"132":{"start":{"line":133,"column":0},"end":{"line":133,"column":63}},"133":{"start":{"line":134,"column":0},"end":{"line":134,"column":26}},"134":{"start":{"line":135,"column":0},"end":{"line":135,"column":39}},"135":{"start":{"line":136,"column":0},"end":{"line":136,"column":34}},"136":{"start":{"line":137,"column":0},"end":{"line":137,"column":52}},"137":{"start":{"line":138,"column":0},"end":{"line":138,"column":35}},"138":{"start":{"line":139,"column":0},"end":{"line":139,"column":64}},"139":{"start":{"line":140,"column":0},"end":{"line":140,"column":30}},"140":{"start":{"line":141,"column":0},"end":{"line":141,"column":22}},"141":{"start":{"line":142,"column":0},"end":{"line":142,"column":24}},"142":{"start":{"line":143,"column":0},"end":{"line":143,"column":45}},"143":{"start":{"line":144,"column":0},"end":{"line":144,"column":69}},"144":{"start":{"line":145,"column":0},"end":{"line":145,"column":26}},"145":{"start":{"line":146,"column":0},"end":{"line":146,"column":42}},"146":{"start":{"line":147,"column":0},"end":{"line":147,"column":37}},"147":{"start":{"line":148,"column":0},"end":{"line":148,"column":55}},"148":{"start":{"line":149,"column":0},"end":{"line":149,"column":38}},"149":{"start":{"line":150,"column":0},"end":{"line":150,"column":67}},"150":{"start":{"line":151,"column":0},"end":{"line":151,"column":30}},"151":{"start":{"line":152,"column":0},"end":{"line":152,"column":22}},"152":{"start":{"line":153,"column":0},"end":{"line":153,"column":24}},"153":{"start":{"line":154,"column":0},"end":{"line":154,"column":78}},"154":{"start":{"line":155,"column":0},"end":{"line":155,"column":59}},"155":{"start":{"line":156,"column":0},"end":{"line":156,"column":27}},"156":{"start":{"line":157,"column":0},"end":{"line":157,"column":47}},"157":{"start":{"line":158,"column":0},"end":{"line":158,"column":28}},"158":{"start":{"line":159,"column":0},"end":{"line":159,"column":35}},"159":{"start":{"line":160,"column":0},"end":{"line":160,"column":37}},"160":{"start":{"line":161,"column":0},"end":{"line":161,"column":63}},"161":{"start":{"line":162,"column":0},"end":{"line":162,"column":60}},"162":{"start":{"line":163,"column":0},"end":{"line":163,"column":21}},"164":{"start":{"line":165,"column":0},"end":{"line":165,"column":29}},"165":{"start":{"line":166,"column":0},"end":{"line":166,"column":24}},"166":{"start":{"line":167,"column":0},"end":{"line":167,"column":23}},"168":{"start":{"line":169,"column":0},"end":{"line":169,"column":75}},"169":{"start":{"line":170,"column":0},"end":{"line":170,"column":45}},"170":{"start":{"line":171,"column":0},"end":{"line":171,"column":62}},"171":{"start":{"line":172,"column":0},"end":{"line":172,"column":26}},"172":{"start":{"line":173,"column":0},"end":{"line":173,"column":38}},"173":{"start":{"line":174,"column":0},"end":{"line":174,"column":34}},"174":{"start":{"line":175,"column":0},"end":{"line":175,"column":52}},"175":{"start":{"line":176,"column":0},"end":{"line":176,"column":40}},"176":{"start":{"line":177,"column":0},"end":{"line":177,"column":69}},"177":{"start":{"line":178,"column":0},"end":{"line":178,"column":30}},"178":{"start":{"line":179,"column":0},"end":{"line":179,"column":22}},"179":{"start":{"line":180,"column":0},"end":{"line":180,"column":24}},"180":{"start":{"line":181,"column":0},"end":{"line":181,"column":78}},"181":{"start":{"line":182,"column":0},"end":{"line":182,"column":77}},"182":{"start":{"line":183,"column":0},"end":{"line":183,"column":27}},"183":{"start":{"line":184,"column":0},"end":{"line":184,"column":47}},"184":{"start":{"line":185,"column":0},"end":{"line":185,"column":28}},"185":{"start":{"line":186,"column":0},"end":{"line":186,"column":35}},"186":{"start":{"line":187,"column":0},"end":{"line":187,"column":37}},"187":{"start":{"line":188,"column":0},"end":{"line":188,"column":63}},"188":{"start":{"line":189,"column":0},"end":{"line":189,"column":38}},"189":{"start":{"line":190,"column":0},"end":{"line":190,"column":48}},"190":{"start":{"line":191,"column":0},"end":{"line":191,"column":42}},"191":{"start":{"line":192,"column":0},"end":{"line":192,"column":24}},"192":{"start":{"line":193,"column":0},"end":{"line":193,"column":21}},"194":{"start":{"line":195,"column":0},"end":{"line":195,"column":29}},"195":{"start":{"line":196,"column":0},"end":{"line":196,"column":24}},"196":{"start":{"line":197,"column":0},"end":{"line":197,"column":23}},"198":{"start":{"line":199,"column":0},"end":{"line":199,"column":26}},"200":{"start":{"line":201,"column":0},"end":{"line":201,"column":40}},"201":{"start":{"line":202,"column":0},"end":{"line":202,"column":66}},"202":{"start":{"line":203,"column":0},"end":{"line":203,"column":43}},"203":{"start":{"line":204,"column":0},"end":{"line":204,"column":61}},"204":{"start":{"line":205,"column":0},"end":{"line":205,"column":24}},"205":{"start":{"line":206,"column":0},"end":{"line":206,"column":37}},"206":{"start":{"line":207,"column":0},"end":{"line":207,"column":32}},"207":{"start":{"line":208,"column":0},"end":{"line":208,"column":50}},"208":{"start":{"line":209,"column":0},"end":{"line":209,"column":33}},"209":{"start":{"line":210,"column":0},"end":{"line":210,"column":62}},"210":{"start":{"line":211,"column":0},"end":{"line":211,"column":28}},"211":{"start":{"line":212,"column":0},"end":{"line":212,"column":20}},"212":{"start":{"line":213,"column":0},"end":{"line":213,"column":22}},"213":{"start":{"line":214,"column":0},"end":{"line":214,"column":43}},"214":{"start":{"line":215,"column":0},"end":{"line":215,"column":67}},"215":{"start":{"line":216,"column":0},"end":{"line":216,"column":24}},"216":{"start":{"line":217,"column":0},"end":{"line":217,"column":40}},"217":{"start":{"line":218,"column":0},"end":{"line":218,"column":35}},"218":{"start":{"line":219,"column":0},"end":{"line":219,"column":51}},"219":{"start":{"line":220,"column":0},"end":{"line":220,"column":36}},"220":{"start":{"line":221,"column":0},"end":{"line":221,"column":65}},"221":{"start":{"line":222,"column":0},"end":{"line":222,"column":28}},"222":{"start":{"line":223,"column":0},"end":{"line":223,"column":33}},"223":{"start":{"line":224,"column":0},"end":{"line":224,"column":20}},"224":{"start":{"line":225,"column":0},"end":{"line":225,"column":22}},"225":{"start":{"line":226,"column":0},"end":{"line":226,"column":76}},"226":{"start":{"line":227,"column":0},"end":{"line":227,"column":70}},"227":{"start":{"line":228,"column":0},"end":{"line":228,"column":25}},"228":{"start":{"line":229,"column":0},"end":{"line":229,"column":21}},"229":{"start":{"line":230,"column":0},"end":{"line":230,"column":26}},"230":{"start":{"line":231,"column":0},"end":{"line":231,"column":17}},"231":{"start":{"line":232,"column":0},"end":{"line":232,"column":22}},"232":{"start":{"line":233,"column":0},"end":{"line":233,"column":13}},"233":{"start":{"line":234,"column":0},"end":{"line":234,"column":10}},"235":{"start":{"line":236,"column":0},"end":{"line":236,"column":1}}},"s":{"0":1,"13":36,"14":36,"15":36,"16":36,"17":36,"18":36,"19":36,"21":36,"22":1,"23":1,"25":1,"26":1,"28":1,"30":0,"31":0,"32":0,"33":0,"34":0,"35":0,"36":0,"37":0,"38":0,"39":0,"40":0,"41":0,"42":1,"43":1,"44":1,"45":1,"46":1,"47":1,"48":1,"49":1,"50":1,"51":1,"53":36,"54":2,"55":2,"57":2,"58":2,"60":2,"61":0,"62":0,"63":0,"64":0,"65":0,"66":2,"67":1,"68":1,"69":2,"70":1,"71":1,"72":1,"73":1,"74":1,"75":2,"76":2,"77":2,"78":2,"80":36,"81":2,"82":2,"84":2,"85":2,"87":2,"88":0,"89":0,"90":0,"91":0,"92":0,"93":2,"94":1,"95":1,"96":1,"97":1,"98":1,"99":1,"100":1,"101":2,"102":1,"103":1,"104":1,"105":1,"106":1,"107":2,"108":2,"109":2,"110":2,"112":36,"113":36,"114":36,"115":36,"116":36,"117":36,"119":36,"120":36,"121":36,"122":36,"123":36,"124":36,"125":36,"126":36,"128":36,"129":36,"130":27,"131":27,"132":27,"133":27,"134":27,"135":27,"136":27,"137":27,"138":27,"139":27,"140":27,"141":27,"142":27,"143":27,"144":27,"145":27,"146":27,"147":27,"148":27,"149":27,"150":27,"151":27,"152":27,"153":27,"154":27,"155":27,"156":27,"157":27,"158":27,"159":27,"160":27,"161":27,"162":27,"164":27,"165":27,"166":27,"168":9,"169":9,"170":9,"171":9,"172":9,"173":9,"174":9,"175":9,"176":9,"177":9,"178":9,"179":9,"180":9,"181":9,"182":9,"183":9,"184":9,"185":9,"186":9,"187":9,"188":9,"189":1,"190":1,"191":1,"192":9,"194":9,"195":9,"196":9,"198":36,"200":36,"201":36,"202":36,"203":36,"204":36,"205":36,"206":36,"207":36,"208":36,"209":36,"210":36,"211":36,"212":36,"213":36,"214":36,"215":36,"216":36,"217":36,"218":36,"219":36,"220":36,"221":36,"222":36,"223":36,"224":36,"225":36,"226":36,"227":36,"228":36,"229":36,"230":36,"231":36,"232":36,"233":36,"235":36},"branchMap":{"0":{"type":"branch","line":14,"loc":{"start":{"line":14,"column":0},"end":{"line":236,"column":1}},"locations":[{"start":{"line":14,"column":0},"end":{"line":236,"column":1}}]},"1":{"type":"branch","line":130,"loc":{"start":{"line":130,"column":16},"end":{"line":167,"column":23}},"locations":[{"start":{"line":130,"column":16},"end":{"line":167,"column":23}}]},"2":{"type":"branch","line":155,"loc":{"start":{"line":155,"column":21},"end":{"line":155,"column":49}},"locations":[{"start":{"line":155,"column":21},"end":{"line":155,"column":49}}]},"3":{"type":"branch","line":155,"loc":{"start":{"line":155,"column":31},"end":{"line":155,"column":59}},"locations":[{"start":{"line":155,"column":31},"end":{"line":155,"column":59}}]},"4":{"type":"branch","line":167,"loc":{"start":{"line":167,"column":16},"end":{"line":197,"column":23}},"locations":[{"start":{"line":167,"column":16},"end":{"line":197,"column":23}}]},"5":{"type":"branch","line":182,"loc":{"start":{"line":182,"column":21},"end":{"line":182,"column":58}},"locations":[{"start":{"line":182,"column":21},"end":{"line":182,"column":58}}]},"6":{"type":"branch","line":182,"loc":{"start":{"line":182,"column":31},"end":{"line":182,"column":77}},"locations":[{"start":{"line":182,"column":31},"end":{"line":182,"column":77}}]},"7":{"type":"branch","line":227,"loc":{"start":{"line":227,"column":19},"end":{"line":227,"column":53}},"locations":[{"start":{"line":227,"column":19},"end":{"line":227,"column":53}}]},"8":{"type":"branch","line":227,"loc":{"start":{"line":227,"column":29},"end":{"line":227,"column":70}},"locations":[{"start":{"line":227,"column":29},"end":{"line":227,"column":70}}]},"9":{"type":"branch","line":22,"loc":{"start":{"line":22,"column":23},"end":{"line":52,"column":4}},"locations":[{"start":{"line":22,"column":23},"end":{"line":52,"column":4}}]},"10":{"type":"branch","line":29,"loc":{"start":{"line":29,"column":65},"end":{"line":42,"column":7}},"locations":[{"start":{"line":29,"column":65},"end":{"line":42,"column":7}}]},"11":{"type":"branch","line":54,"loc":{"start":{"line":54,"column":23},"end":{"line":79,"column":4}},"locations":[{"start":{"line":54,"column":23},"end":{"line":79,"column":4}}]},"12":{"type":"branch","line":59,"loc":{"start":{"line":59,"column":52},"end":{"line":61,"column":17}},"locations":[{"start":{"line":59,"column":52},"end":{"line":61,"column":17}}]},"13":{"type":"branch","line":61,"loc":{"start":{"line":61,"column":17},"end":{"line":67,"column":13}},"locations":[{"start":{"line":61,"column":17},"end":{"line":67,"column":13}}]},"14":{"type":"branch","line":67,"loc":{"start":{"line":67,"column":6},"end":{"line":69,"column":7}},"locations":[{"start":{"line":67,"column":6},"end":{"line":69,"column":7}}]},"15":{"type":"branch","line":70,"loc":{"start":{"line":70,"column":6},"end":{"line":76,"column":6}},"locations":[{"start":{"line":70,"column":6},"end":{"line":76,"column":6}}]},"16":{"type":"branch","line":81,"loc":{"start":{"line":81,"column":30},"end":{"line":111,"column":4}},"locations":[{"start":{"line":81,"column":30},"end":{"line":111,"column":4}}]},"17":{"type":"branch","line":86,"loc":{"start":{"line":86,"column":84},"end":{"line":88,"column":17}},"locations":[{"start":{"line":86,"column":84},"end":{"line":88,"column":17}}]},"18":{"type":"branch","line":88,"loc":{"start":{"line":88,"column":17},"end":{"line":94,"column":13}},"locations":[{"start":{"line":88,"column":17},"end":{"line":94,"column":13}}]},"19":{"type":"branch","line":94,"loc":{"start":{"line":94,"column":6},"end":{"line":101,"column":7}},"locations":[{"start":{"line":94,"column":6},"end":{"line":101,"column":7}}]},"20":{"type":"branch","line":102,"loc":{"start":{"line":102,"column":6},"end":{"line":108,"column":6}},"locations":[{"start":{"line":102,"column":6},"end":{"line":108,"column":6}}]},"21":{"type":"branch","line":139,"loc":{"start":{"line":139,"column":32},"end":{"line":139,"column":64}},"locations":[{"start":{"line":139,"column":32},"end":{"line":139,"column":64}}]},"22":{"type":"branch","line":150,"loc":{"start":{"line":150,"column":32},"end":{"line":150,"column":67}},"locations":[{"start":{"line":150,"column":32},"end":{"line":150,"column":67}}]},"23":{"type":"branch","line":162,"loc":{"start":{"line":162,"column":31},"end":{"line":162,"column":60}},"locations":[{"start":{"line":162,"column":31},"end":{"line":162,"column":60}}]},"24":{"type":"branch","line":177,"loc":{"start":{"line":177,"column":32},"end":{"line":177,"column":69}},"locations":[{"start":{"line":177,"column":32},"end":{"line":177,"column":69}}]},"25":{"type":"branch","line":189,"loc":{"start":{"line":189,"column":31},"end":{"line":192,"column":24}},"locations":[{"start":{"line":189,"column":31},"end":{"line":192,"column":24}}]},"26":{"type":"branch","line":210,"loc":{"start":{"line":210,"column":30},"end":{"line":210,"column":62}},"locations":[{"start":{"line":210,"column":30},"end":{"line":210,"column":62}}]},"27":{"type":"branch","line":221,"loc":{"start":{"line":221,"column":30},"end":{"line":221,"column":65}},"locations":[{"start":{"line":221,"column":30},"end":{"line":221,"column":65}}]}},"b":{"0":[36],"1":[27],"2":[3],"3":[24],"4":[9],"5":[2],"6":[7],"7":[5],"8":[31],"9":[1],"10":[0],"11":[2],"12":[1],"13":[0],"14":[1],"15":[1],"16":[2],"17":[1],"18":[0],"19":[1],"20":[1],"21":[2],"22":[2],"23":[4],"24":[2],"25":[1],"26":[1],"27":[1]},"fnMap":{"0":{"name":"AuthForm","decl":{"start":{"line":14,"column":0},"end":{"line":236,"column":1}},"loc":{"start":{"line":14,"column":0},"end":{"line":236,"column":1}},"line":14},"1":{"name":"handleSignUp","decl":{"start":{"line":22,"column":23},"end":{"line":52,"column":4}},"loc":{"start":{"line":22,"column":23},"end":{"line":52,"column":4}},"line":22},"2":{"name":"handleSignIn","decl":{"start":{"line":54,"column":23},"end":{"line":79,"column":4}},"loc":{"start":{"line":54,"column":23},"end":{"line":79,"column":4}},"line":54},"3":{"name":"handleResetPassword","decl":{"start":{"line":81,"column":30},"end":{"line":111,"column":4}},"loc":{"start":{"line":81,"column":30},"end":{"line":111,"column":4}},"line":81},"4":{"name":"onChange","decl":{"start":{"line":139,"column":32},"end":{"line":139,"column":64}},"loc":{"start":{"line":139,"column":32},"end":{"line":139,"column":64}},"line":139},"5":{"name":"onChange","decl":{"start":{"line":150,"column":32},"end":{"line":150,"column":67}},"loc":{"start":{"line":150,"column":32},"end":{"line":150,"column":67}},"line":150},"6":{"name":"onClick","decl":{"start":{"line":162,"column":31},"end":{"line":162,"column":60}},"loc":{"start":{"line":162,"column":31},"end":{"line":162,"column":60}},"line":162},"7":{"name":"onChange","decl":{"start":{"line":177,"column":32},"end":{"line":177,"column":69}},"loc":{"start":{"line":177,"column":32},"end":{"line":177,"column":69}},"line":177},"8":{"name":"onClick","decl":{"start":{"line":189,"column":31},"end":{"line":192,"column":24}},"loc":{"start":{"line":189,"column":31},"end":{"line":192,"column":24}},"line":189},"9":{"name":"onChange","decl":{"start":{"line":210,"column":30},"end":{"line":210,"column":62}},"loc":{"start":{"line":210,"column":30},"end":{"line":210,"column":62}},"line":210},"10":{"name":"onChange","decl":{"start":{"line":221,"column":30},"end":{"line":221,"column":65}},"loc":{"start":{"line":221,"column":30},"end":{"line":221,"column":65}},"line":221}},"f":{"0":36,"1":1,"2":2,"3":2,"4":2,"5":2,"6":4,"7":2,"8":1,"9":1,"10":1}}
,"/Users/eduardo.ferro/Library/CloudStorage/Dropbox/dev/promptscribe-mcp/src/components/auth/PasswordChangeForm.tsx": {"path":"/Users/eduardo.ferro/Library/CloudStorage/Dropbox/dev/promptscribe-mcp/src/components/auth/PasswordChangeForm.tsx","all":false,"statementMap":{"0":{"start":{"line":1,"column":0},"end":{"line":1,"column":33}},"14":{"start":{"line":15,"column":0},"end":{"line":15,"column":102}},"15":{"start":{"line":16,"column":0},"end":{"line":16,"column":53}},"16":{"start":{"line":17,"column":0},"end":{"line":17,"column":61}},"17":{"start":{"line":18,"column":0},"end":{"line":18,"column":48}},"18":{"start":{"line":19,"column":0},"end":{"line":19,"column":31}},"20":{"start":{"line":21,"column":0},"end":{"line":21,"column":62}},"21":{"start":{"line":22,"column":0},"end":{"line":22,"column":23}},"23":{"start":{"line":24,"column":0},"end":{"line":24,"column":42}},"24":{"start":{"line":25,"column":0},"end":{"line":25,"column":13}},"25":{"start":{"line":26,"column":0},"end":{"line":26,"column":31}},"26":{"start":{"line":27,"column":0},"end":{"line":27,"column":35}},"27":{"start":{"line":28,"column":0},"end":{"line":28,"column":61}},"28":{"start":{"line":29,"column":0},"end":{"line":29,"column":9}},"29":{"start":{"line":30,"column":0},"end":{"line":30,"column":13}},"30":{"start":{"line":31,"column":0},"end":{"line":31,"column":5}},"32":{"start":{"line":33,"column":0},"end":{"line":33,"column":33}},"33":{"start":{"line":34,"column":0},"end":{"line":34,"column":13}},"34":{"start":{"line":35,"column":0},"end":{"line":35,"column":31}},"35":{"start":{"line":36,"column":0},"end":{"line":36,"column":36}},"36":{"start":{"line":37,"column":0},"end":{"line":37,"column":67}},"37":{"start":{"line":38,"column":0},"end":{"line":38,"column":9}},"38":{"start":{"line":39,"column":0},"end":{"line":39,"column":13}},"39":{"start":{"line":40,"column":0},"end":{"line":40,"column":5}},"41":{"start":{"line":42,"column":0},"end":{"line":42,"column":21}},"43":{"start":{"line":44,"column":0},"end":{"line":44,"column":9}},"44":{"start":{"line":45,"column":0},"end":{"line":45,"column":58}},"46":{"start":{"line":47,"column":0},"end":{"line":47,"column":18}},"47":{"start":{"line":48,"column":0},"end":{"line":48,"column":15}},"48":{"start":{"line":49,"column":0},"end":{"line":49,"column":33}},"49":{"start":{"line":50,"column":0},"end":{"line":50,"column":42}},"50":{"start":{"line":51,"column":0},"end":{"line":51,"column":36}},"51":{"start":{"line":52,"column":0},"end":{"line":52,"column":11}},"52":{"start":{"line":53,"column":0},"end":{"line":53,"column":14}},"53":{"start":{"line":54,"column":0},"end":{"line":54,"column":15}},"54":{"start":{"line":55,"column":0},"end":{"line":55,"column":36}},"55":{"start":{"line":56,"column":0},"end":{"line":56,"column":69}},"56":{"start":{"line":57,"column":0},"end":{"line":57,"column":11}},"57":{"start":{"line":58,"column":0},"end":{"line":58,"column":28}},"58":{"start":{"line":59,"column":0},"end":{"line":59,"column":7}},"59":{"start":{"line":60,"column":0},"end":{"line":60,"column":15}},"60":{"start":{"line":61,"column":0},"end":{"line":61,"column":13}},"61":{"start":{"line":62,"column":0},"end":{"line":62,"column":31}},"62":{"start":{"line":63,"column":0},"end":{"line":63,"column":23}},"63":{"start":{"line":64,"column":0},"end":{"line":64,"column":81}},"64":{"start":{"line":65,"column":0},"end":{"line":65,"column":9}},"65":{"start":{"line":66,"column":0},"end":{"line":66,"column":15}},"66":{"start":{"line":67,"column":0},"end":{"line":67,"column":24}},"67":{"start":{"line":68,"column":0},"end":{"line":68,"column":5}},"68":{"start":{"line":69,"column":0},"end":{"line":69,"column":4}},"70":{"start":{"line":71,"column":0},"end":{"line":71,"column":10}},"71":{"start":{"line":72,"column":0},"end":{"line":72,"column":71}},"72":{"start":{"line":73,"column":0},"end":{"line":73,"column":40}},"73":{"start":{"line":74,"column":0},"end":{"line":74,"column":44}},"74":{"start":{"line":75,"column":0},"end":{"line":75,"column":110}},"75":{"start":{"line":76,"column":0},"end":{"line":76,"column":53}},"76":{"start":{"line":77,"column":0},"end":{"line":77,"column":16}},"77":{"start":{"line":78,"column":0},"end":{"line":78,"column":74}},"78":{"start":{"line":79,"column":0},"end":{"line":79,"column":27}},"80":{"start":{"line":81,"column":0},"end":{"line":81,"column":28}},"81":{"start":{"line":82,"column":0},"end":{"line":82,"column":21}},"82":{"start":{"line":83,"column":0},"end":{"line":83,"column":21}},"83":{"start":{"line":84,"column":0},"end":{"line":84,"column":70}},"84":{"start":{"line":85,"column":0},"end":{"line":85,"column":39}},"85":{"start":{"line":86,"column":0},"end":{"line":86,"column":64}},"86":{"start":{"line":87,"column":0},"end":{"line":87,"column":20}},"87":{"start":{"line":88,"column":0},"end":{"line":88,"column":33}},"88":{"start":{"line":89,"column":0},"end":{"line":89,"column":31}},"89":{"start":{"line":90,"column":0},"end":{"line":90,"column":53}},"90":{"start":{"line":91,"column":0},"end":{"line":91,"column":35}},"91":{"start":{"line":92,"column":0},"end":{"line":92,"column":64}},"92":{"start":{"line":93,"column":0},"end":{"line":93,"column":24}},"93":{"start":{"line":94,"column":0},"end":{"line":94,"column":29}},"94":{"start":{"line":95,"column":0},"end":{"line":95,"column":16}},"95":{"start":{"line":96,"column":0},"end":{"line":96,"column":18}},"96":{"start":{"line":97,"column":0},"end":{"line":97,"column":39}},"97":{"start":{"line":98,"column":0},"end":{"line":98,"column":76}},"98":{"start":{"line":99,"column":0},"end":{"line":99,"column":20}},"99":{"start":{"line":100,"column":0},"end":{"line":100,"column":37}},"100":{"start":{"line":101,"column":0},"end":{"line":101,"column":31}},"101":{"start":{"line":102,"column":0},"end":{"line":102,"column":55}},"102":{"start":{"line":103,"column":0},"end":{"line":103,"column":39}},"103":{"start":{"line":104,"column":0},"end":{"line":104,"column":68}},"104":{"start":{"line":105,"column":0},"end":{"line":105,"column":24}},"105":{"start":{"line":106,"column":0},"end":{"line":106,"column":29}},"106":{"start":{"line":107,"column":0},"end":{"line":107,"column":16}},"107":{"start":{"line":108,"column":0},"end":{"line":108,"column":18}},"108":{"start":{"line":109,"column":0},"end":{"line":109,"column":40}},"109":{"start":{"line":110,"column":0},"end":{"line":110,"column":74}},"110":{"start":{"line":111,"column":0},"end":{"line":111,"column":70}},"111":{"start":{"line":112,"column":0},"end":{"line":112,"column":23}},"112":{"start":{"line":113,"column":0},"end":{"line":113,"column":22}},"113":{"start":{"line":114,"column":0},"end":{"line":114,"column":30}},"114":{"start":{"line":115,"column":0},"end":{"line":115,"column":34}},"115":{"start":{"line":116,"column":0},"end":{"line":116,"column":34}},"116":{"start":{"line":117,"column":0},"end":{"line":117,"column":34}},"117":{"start":{"line":118,"column":0},"end":{"line":118,"column":15}},"119":{"start":{"line":120,"column":0},"end":{"line":120,"column":23}},"120":{"start":{"line":121,"column":0},"end":{"line":121,"column":18}},"121":{"start":{"line":122,"column":0},"end":{"line":122,"column":17}},"122":{"start":{"line":123,"column":0},"end":{"line":123,"column":22}},"123":{"start":{"line":124,"column":0},"end":{"line":124,"column":13}},"124":{"start":{"line":125,"column":0},"end":{"line":125,"column":10}},"126":{"start":{"line":127,"column":0},"end":{"line":127,"column":1}}},"s":{"0":1,"14":35,"15":35,"16":35,"17":35,"18":35,"20":35,"21":8,"23":8,"24":1,"25":1,"26":1,"27":1,"28":1,"29":1,"30":1,"32":8,"33":2,"34":2,"35":2,"36":2,"37":2,"38":2,"39":2,"41":5,"43":5,"44":5,"46":8,"47":1,"48":1,"49":1,"50":1,"51":1,"52":1,"53":1,"54":1,"55":1,"56":1,"57":1,"58":1,"59":8,"60":1,"61":1,"62":1,"63":1,"64":1,"65":8,"66":3,"67":3,"68":8,"70":35,"71":35,"72":35,"73":35,"74":35,"75":35,"76":35,"77":35,"78":35,"80":35,"81":35,"82":35,"83":35,"84":35,"85":35,"86":35,"87":35,"88":35,"89":35,"90":35,"91":35,"92":35,"93":35,"94":35,"95":35,"96":35,"97":35,"98":35,"99":35,"100":35,"101":35,"102":35,"103":35,"104":35,"105":35,"106":35,"107":35,"108":35,"109":35,"110":35,"111":35,"112":35,"113":35,"114":35,"115":35,"116":35,"117":35,"119":35,"120":35,"121":35,"122":35,"123":35,"124":35,"126":35},"branchMap":{"0":{"type":"branch","line":15,"loc":{"start":{"line":15,"column":0},"end":{"line":127,"column":1}},"locations":[{"start":{"line":15,"column":0},"end":{"line":127,"column":1}}]},"1":{"type":"branch","line":111,"loc":{"start":{"line":111,"column":17},"end":{"line":111,"column":52}},"locations":[{"start":{"line":111,"column":17},"end":{"line":111,"column":52}}]},"2":{"type":"branch","line":111,"loc":{"start":{"line":111,"column":27},"end":{"line":111,"column":70}},"locations":[{"start":{"line":111,"column":27},"end":{"line":111,"column":70}}]},"3":{"type":"branch","line":21,"loc":{"start":{"line":21,"column":31},"end":{"line":69,"column":4}},"locations":[{"start":{"line":21,"column":31},"end":{"line":69,"column":4}}]},"4":{"type":"branch","line":24,"loc":{"start":{"line":24,"column":41},"end":{"line":31,"column":5}},"locations":[{"start":{"line":24,"column":41},"end":{"line":31,"column":5}}]},"5":{"type":"branch","line":31,"loc":{"start":{"line":31,"column":4},"end":{"line":33,"column":32}},"locations":[{"start":{"line":31,"column":4},"end":{"line":33,"column":32}}]},"6":{"type":"branch","line":33,"loc":{"start":{"line":33,"column":32},"end":{"line":40,"column":5}},"locations":[{"start":{"line":33,"column":32},"end":{"line":40,"column":5}}]},"7":{"type":"branch","line":40,"loc":{"start":{"line":40,"column":4},"end":{"line":45,"column":58}},"locations":[{"start":{"line":40,"column":4},"end":{"line":45,"column":58}}]},"8":{"type":"branch","line":45,"loc":{"start":{"line":45,"column":56},"end":{"line":47,"column":17}},"locations":[{"start":{"line":45,"column":56},"end":{"line":47,"column":17}}]},"9":{"type":"branch","line":47,"loc":{"start":{"line":47,"column":17},"end":{"line":59,"column":7}},"locations":[{"start":{"line":47,"column":17},"end":{"line":59,"column":7}}]},"10":{"type":"branch","line":60,"loc":{"start":{"line":60,"column":6},"end":{"line":66,"column":6}},"locations":[{"start":{"line":60,"column":6},"end":{"line":66,"column":6}}]},"11":{"type":"branch","line":66,"loc":{"start":{"line":66,"column":4},"end":{"line":68,"column":5}},"locations":[{"start":{"line":66,"column":4},"end":{"line":68,"column":5}}]},"12":{"type":"branch","line":92,"loc":{"start":{"line":92,"column":26},"end":{"line":92,"column":64}},"locations":[{"start":{"line":92,"column":26},"end":{"line":92,"column":64}}]},"13":{"type":"branch","line":104,"loc":{"start":{"line":104,"column":26},"end":{"line":104,"column":68}},"locations":[{"start":{"line":104,"column":26},"end":{"line":104,"column":68}}]}},"b":{"0":[35],"1":[5],"2":[30],"3":[8],"4":[1],"5":[7],"6":[2],"7":[5],"8":[2],"9":[1],"10":[1],"11":[3],"12":[8],"13":[8]},"fnMap":{"0":{"name":"PasswordChangeForm","decl":{"start":{"line":15,"column":0},"end":{"line":127,"column":1}},"loc":{"start":{"line":15,"column":0},"end":{"line":127,"column":1}},"line":15},"1":{"name":"handlePasswordChange","decl":{"start":{"line":21,"column":31},"end":{"line":69,"column":4}},"loc":{"start":{"line":21,"column":31},"end":{"line":69,"column":4}},"line":21},"2":{"name":"onChange","decl":{"start":{"line":92,"column":26},"end":{"line":92,"column":64}},"loc":{"start":{"line":92,"column":26},"end":{"line":92,"column":64}},"line":92},"3":{"name":"onChange","decl":{"start":{"line":104,"column":26},"end":{"line":104,"column":68}},"loc":{"start":{"line":104,"column":26},"end":{"line":104,"column":68}},"line":104}},"f":{"0":35,"1":8,"2":8,"3":8}}
,"/Users/eduardo.ferro/Library/CloudStorage/Dropbox/dev/promptscribe-mcp/src/components/templates/DeleteConfirmDialog.tsx": {"path":"/Users/eduardo.ferro/Library/CloudStorage/Dropbox/dev/promptscribe-mcp/src/components/templates/DeleteConfirmDialog.tsx","all":false,"statementMap":{"0":{"start":{"line":1,"column":0},"end":{"line":1,"column":8}},"19":{"start":{"line":20,"column":0},"end":{"line":20,"column":45}},"20":{"start":{"line":21,"column":0},"end":{"line":21,"column":7}},"21":{"start":{"line":22,"column":0},"end":{"line":22,"column":15}},"22":{"start":{"line":23,"column":0},"end":{"line":23,"column":11}},"23":{"start":{"line":24,"column":0},"end":{"line":24,"column":11}},"24":{"start":{"line":25,"column":0},"end":{"line":25,"column":30}},"25":{"start":{"line":26,"column":0},"end":{"line":26,"column":29}},"27":{"start":{"line":28,"column":0},"end":{"line":28,"column":10}},"28":{"start":{"line":29,"column":0},"end":{"line":29,"column":57}},"29":{"start":{"line":30,"column":0},"end":{"line":30,"column":26}},"30":{"start":{"line":31,"column":0},"end":{"line":31,"column":27}},"31":{"start":{"line":32,"column":0},"end":{"line":32,"column":62}},"32":{"start":{"line":33,"column":0},"end":{"line":33,"column":34}},"33":{"start":{"line":34,"column":0},"end":{"line":34,"column":76}},"36":{"start":{"line":37,"column":0},"end":{"line":37,"column":35}},"37":{"start":{"line":38,"column":0},"end":{"line":38,"column":28}},"38":{"start":{"line":39,"column":0},"end":{"line":39,"column":27}},"39":{"start":{"line":40,"column":0},"end":{"line":40,"column":55}},"40":{"start":{"line":41,"column":0},"end":{"line":41,"column":29}},"41":{"start":{"line":42,"column":0},"end":{"line":42,"column":31}},"42":{"start":{"line":43,"column":0},"end":{"line":43,"column":90}},"43":{"start":{"line":44,"column":0},"end":{"line":44,"column":11}},"45":{"start":{"line":46,"column":0},"end":{"line":46,"column":30}},"46":{"start":{"line":47,"column":0},"end":{"line":47,"column":28}},"47":{"start":{"line":48,"column":0},"end":{"line":48,"column":27}},"48":{"start":{"line":49,"column":0},"end":{"line":49,"column":18}},"50":{"start":{"line":51,"column":0},"end":{"line":51,"column":1}}},"s":{"0":1,"19":219,"20":219,"21":219,"22":219,"23":219,"24":219,"25":219,"27":61,"28":61,"29":61,"30":61,"31":61,"32":61,"33":61,"36":61,"37":61,"38":61,"39":61,"40":61,"41":61,"42":61,"43":61,"45":61,"46":61,"47":61,"48":61,"50":61},"branchMap":{"0":{"type":"branch","line":20,"loc":{"start":{"line":20,"column":0},"end":{"line":51,"column":1}},"locations":[{"start":{"line":20,"column":0},"end":{"line":51,"column":1}}]},"1":{"type":"branch","line":26,"loc":{"start":{"line":26,"column":17},"end":{"line":26,"column":29}},"locations":[{"start":{"line":26,"column":17},"end":{"line":26,"column":29}}]},"2":{"type":"branch","line":26,"loc":{"start":{"line":26,"column":24},"end":{"line":51,"column":1}},"locations":[{"start":{"line":26,"column":24},"end":{"line":51,"column":1}}]}},"b":{"0":[219],"1":[158],"2":[61]},"fnMap":{"0":{"name":"DeleteConfirmDialog","decl":{"start":{"line":20,"column":0},"end":{"line":51,"column":1}},"loc":{"start":{"line":20,"column":0},"end":{"line":51,"column":1}},"line":20}},"f":{"0":219}}
,"/Users/eduardo.ferro/Library/CloudStorage/Dropbox/dev/promptscribe-mcp/src/components/templates/TagSelector.tsx": {"path":"/Users/eduardo.ferro/Library/CloudStorage/Dropbox/dev/promptscribe-mcp/src/components/templates/TagSelector.tsx","all":false,"statementMap":{"0":{"start":{"line":1,"column":0},"end":{"line":1,"column":52}},"12":{"start":{"line":13,"column":0},"end":{"line":13,"column":30}},"13":{"start":{"line":14,"column":0},"end":{"line":14,"column":16}},"14":{"start":{"line":15,"column":0},"end":{"line":15,"column":16}},"15":{"start":{"line":16,"column":0},"end":{"line":16,"column":14}},"16":{"start":{"line":17,"column":0},"end":{"line":17,"column":22}},"17":{"start":{"line":18,"column":0},"end":{"line":18,"column":51}},"18":{"start":{"line":19,"column":0},"end":{"line":19,"column":64}},"19":{"start":{"line":20,"column":0},"end":{"line":20,"column":64}},"20":{"start":{"line":21,"column":0},"end":{"line":21,"column":50}},"21":{"start":{"line":22,"column":0},"end":{"line":22,"column":54}},"23":{"start":{"line":24,"column":0},"end":{"line":24,"column":19}},"24":{"start":{"line":25,"column":0},"end":{"line":25,"column":28}},"25":{"start":{"line":26,"column":0},"end":{"line":26,"column":89}},"26":{"start":{"line":27,"column":0},"end":{"line":27,"column":83}},"27":{"start":{"line":28,"column":0},"end":{"line":28,"column":46}},"28":{"start":{"line":29,"column":0},"end":{"line":29,"column":12}},"29":{"start":{"line":30,"column":0},"end":{"line":30,"column":25}},"30":{"start":{"line":31,"column":0},"end":{"line":31,"column":32}},"31":{"start":{"line":32,"column":0},"end":{"line":32,"column":5}},"32":{"start":{"line":33,"column":0},"end":{"line":33,"column":33}},"35":{"start":{"line":36,"column":0},"end":{"line":36,"column":19}},"36":{"start":{"line":37,"column":0},"end":{"line":37,"column":55}},"37":{"start":{"line":38,"column":0},"end":{"line":38,"column":93}},"38":{"start":{"line":39,"column":0},"end":{"line":39,"column":34}},"39":{"start":{"line":40,"column":0},"end":{"line":40,"column":7}},"40":{"start":{"line":41,"column":0},"end":{"line":41,"column":6}},"42":{"start":{"line":43,"column":0},"end":{"line":43,"column":63}},"43":{"start":{"line":44,"column":0},"end":{"line":44,"column":79}},"44":{"start":{"line":45,"column":0},"end":{"line":45,"column":9}},"46":{"start":{"line":47,"column":0},"end":{"line":47,"column":48}},"47":{"start":{"line":48,"column":0},"end":{"line":48,"column":25}},"48":{"start":{"line":49,"column":0},"end":{"line":49,"column":4}},"50":{"start":{"line":51,"column":0},"end":{"line":51,"column":45}},"51":{"start":{"line":52,"column":0},"end":{"line":52,"column":40}},"52":{"start":{"line":53,"column":0},"end":{"line":53,"column":43}},"53":{"start":{"line":54,"column":0},"end":{"line":54,"column":24}},"54
[...]
rt":{"line":86,"column":2},"end":{"line":106,"column":3}},"locations":[{"start":{"line":86,"column":2},"end":{"line":106,"column":3}}]},"9":{"type":"branch","line":88,"loc":{"start":{"line":88,"column":80},"end":{"line":90,"column":28}},"locations":[{"start":{"line":88,"column":80},"end":{"line":90,"column":28}}]},"10":{"type":"branch","line":90,"loc":{"start":{"line":90,"column":28},"end":{"line":92,"column":7}},"locations":[{"start":{"line":90,"column":28},"end":{"line":92,"column":7}}]},"11":{"type":"branch","line":92,"loc":{"start":{"line":92,"column":6},"end":{"line":95,"column":27}},"locations":[{"start":{"line":92,"column":6},"end":{"line":95,"column":27}}]},"12":{"type":"branch","line":95,"loc":{"start":{"line":95,"column":10},"end":{"line":95,"column":70}},"locations":[{"start":{"line":95,"column":10},"end":{"line":95,"column":70}}]},"13":{"type":"branch","line":95,"loc":{"start":{"line":95,"column":70},"end":{"line":97,"column":7}},"locations":[{"start":{"line":95,"column":70},"end":{"line":97,"column":7}}]},"14":{"type":"branch","line":97,"loc":{"start":{"line":97,"column":6},"end":{"line":100,"column":13}},"locations":[{"start":{"line":97,"column":6},"end":{"line":100,"column":13}}]},"15":{"type":"branch","line":100,"loc":{"start":{"line":100,"column":4},"end":{"line":105,"column":5}},"locations":[{"start":{"line":100,"column":4},"end":{"line":105,"column":5}}]},"16":{"type":"branch","line":111,"loc":{"start":{"line":111,"column":9},"end":{"line":114,"column":3}},"locations":[{"start":{"line":111,"column":9},"end":{"line":114,"column":3}}]},"17":{"type":"branch","line":119,"loc":{"start":{"line":119,"column":2},"end":{"line":151,"column":3}},"locations":[{"start":{"line":119,"column":2},"end":{"line":151,"column":3}}]},"18":{"type":"branch","line":127,"loc":{"start":{"line":127,"column":23},"end":{"line":129,"column":7}},"locations":[{"start":{"line":127,"column":23},"end":{"line":129,"column":7}}]},"19":{"type":"branch","line":129,"loc":{"start":{"line":129,"column":6},"end":{"line":132,"column":29}},"locations":[{"start":{"line":129,"column":6},"end":{"line":132,"column":29}}]},"20":{"type":"branch","line":132,"loc":{"start":{"line":132,"column":29},"end":{"line":139,"column":7}},"locations":[{"start":{"line":132,"column":29},"end":{"line":139,"column":7}}]},"21":{"type":"branch","line":135,"loc":{"start":{"line":135,"column":25},"end":{"line":137,"column":9}},"locations":[{"start":{"line":135,"column":25},"end":{"line":137,"column":9}}]},"22":{"type":"branch","line":137,"loc":{"start":{"line":137,"column":8},"end":{"line":139,"column":7}},"locations":[{"start":{"line":137,"column":8},"end":{"line":139,"column":7}}]},"23":{"type":"branch","line":139,"loc":{"start":{"line":139,"column":6},"end":{"line":145,"column":13}},"locations":[{"start":{"line":139,"column":6},"end":{"line":145,"column":13}}]},"24":{"type":"branch","line":145,"loc":{"start":{"line":145,"column":4},"end":{"line":150,"column":5}},"locations":[{"start":{"line":145,"column":4},"end":{"line":150,"column":5}}]},"25":{"type":"branch","line":156,"loc":{"start":{"line":156,"column":2},"end":{"line":164,"column":3}},"locations":[{"start":{"line":156,"column":2},"end":{"line":164,"column":3}}]}},"b":{"0":[2],"1":[1],"2":[217],"3":[3],"4":[3],"5":[2],"6":[1],"7":[2],"8":[213],"9":[111],"10":[4],"11":[107],"12":[1],"13":[1],"14":[106],"15":[102],"16":[8],"17":[5],"18":[1],"19":[4],"20":[204],"21":[2],"22":[202],"23":[2],"24":[0],"25":[1]},"fnMap":{"0":{"name":"createProfile","decl":{"start":{"line":13,"column":2},"end":{"line":22,"column":3}},"loc":{"start":{"line":13,"column":2},"end":{"line":22,"column":3}},"line":13},"1":{"name":"getProfileByUserId","decl":{"start":{"line":27,"column":2},"end":{"line":36,"column":3}},"loc":{"start":{"line":27,"column":2},"end":{"line":36,"column":3}},"line":27},"2":{"name":"getProfileByUsername","decl":{"start":{"line":41,"column":2},"end":{"line":50,"column":3}},"loc":{"start":{"line":41,"column":2},"end":{"line":50,"column":3}},"line":41},"3":{"name":"updateProfile","decl":{"start":{"line":55,"column":2},"end":{"line":65,"column":3}},"loc":{"start":{"line":55,"column":2},"end":{"line":65,"column":3}},"line":55},"4":{"name":"updateUsername","decl":{"start":{"line":70,"column":2},"end":{"line":81,"column":3}},"loc":{"start":{"line":70,"column":2},"end":{"line":81,"column":3}},"line":70},"5":{"name":"isUsernameAvailable","decl":{"start":{"line":86,"column":2},"end":{"line":106,"column":3}},"loc":{"start":{"line":86,"column":2},"end":{"line":106,"column":3}},"line":86},"6":{"name":"generateDefaultUsername","decl":{"start":{"line":111,"column":9},"end":{"line":114,"column":3}},"loc":{"start":{"line":111,"column":9},"end":{"line":114,"column":3}},"line":111},"7":{"name":"generateUniqueUsername","decl":{"start":{"line":119,"column":2},"end":{"line":151,"column":3}},"loc":{"start":{"line":119,"column":2},"end":{"line":151,"column":3}},"line":119},"8":{"name":"deleteProfile","decl":{"start":{"line":156,"column":2},"end":{"line":164,"column":3}},"loc":{"start":{"line":156,"column":2},"end":{"line":164,"column":3}},"line":156}},"f":{"0":2,"1":1,"2":217,"3":3,"4":3,"5":213,"6":8,"7":5,"8":1}}
,"/Users/eduardo.ferro/Library/CloudStorage/Dropbox/dev/promptscribe-mcp/src/types/tags.ts": {"path":"/Users/eduardo.ferro/Library/CloudStorage/Dropbox/dev/promptscribe-mcp/src/types/tags.ts","all":false,"statementMap":{"1":{"start":{"line":2,"column":0},"end":{"line":2,"column":30}},"3":{"start":{"line":4,"column":0},"end":{"line":4,"column":20}},"4":{"start":{"line":5,"column":0},"end":{"line":5,"column":27}},"5":{"start":{"line":6,"column":0},"end":{"line":6,"column":26}},"6":{"start":{"line":7,"column":0},"end":{"line":7,"column":21}},"7":{"start":{"line":8,"column":0},"end":{"line":8,"column":26}},"8":{"start":{"line":9,"column":0},"end":{"line":9,"column":23}},"9":{"start":{"line":10,"column":0},"end":{"line":10,"column":22}},"10":{"start":{"line":11,"column":0},"end":{"line":11,"column":20}},"11":{"start":{"line":12,"column":0},"end":{"line":12,"column":24}},"12":{"start":{"line":13,"column":0},"end":{"line":13,"column":21}},"15":{"start":{"line":16,"column":0},"end":{"line":16,"column":26}},"16":{"start":{"line":17,"column":0},"end":{"line":17,"column":19}},"17":{"start":{"line":18,"column":0},"end":{"line":18,"column":18}},"18":{"start":{"line":19,"column":0},"end":{"line":19,"column":25}},"19":{"start":{"line":20,"column":0},"end":{"line":20,"column":19}},"20":{"start":{"line":21,"column":0},"end":{"line":21,"column":23}},"21":{"start":{"line":22,"column":0},"end":{"line":22,"column":21}},"22":{"start":{"line":23,"column":0},"end":{"line":23,"column":20}},"23":{"start":{"line":24,"column":0},"end":{"line":24,"column":24}},"24":{"start":{"line":25,"column":0},"end":{"line":25,"column":22}},"27":{"start":{"line":28,"column":0},"end":{"line":28,"column":22}},"28":{"start":{"line":29,"column":0},"end":{"line":29,"column":31}},"29":{"start":{"line":30,"column":0},"end":{"line":30,"column":26}},"30":{"start":{"line":31,"column":0},"end":{"line":31,"column":16}},"31":{"start":{"line":32,"column":0},"end":{"line":32,"column":15}},"32":{"start":{"line":33,"column":0},"end":{"line":33,"column":18}},"33":{"start":{"line":34,"column":0},"end":{"line":34,"column":42}},"34":{"start":{"line":35,"column":0},"end":{"line":35,"column":19}},"35":{"start":{"line":36,"column":0},"end":{"line":36,"column":22}},"36":{"start":{"line":37,"column":0},"end":{"line":37,"column":40}},"39":{"start":{"line":40,"column":0},"end":{"line":40,"column":21}},"40":{"start":{"line":41,"column":0},"end":{"line":41,"column":16}},"41":{"start":{"line":42,"column":0},"end":{"line":42,"column":27}},"42":{"start":{"line":43,"column":0},"end":{"line":43,"column":19}},"43":{"start":{"line":44,"column":0},"end":{"line":44,"column":18}},"44":{"start":{"line":45,"column":0},"end":{"line":45,"column":25}},"45":{"start":{"line":46,"column":0},"end":{"line":46,"column":21}},"46":{"start":{"line":47,"column":0},"end":{"line":47,"column":19}},"47":{"start":{"line":48,"column":0},"end":{"line":48,"column":19}},"48":{"start":{"line":49,"column":0},"end":{"line":49,"column":27}},"51":{"start":{"line":52,"column":0},"end":{"line":52,"column":20}},"52":{"start":{"line":53,"column":0},"end":{"line":53,"column":21}},"53":{"start":{"line":54,"column":0},"end":{"line":54,"column":16}},"54":{"start":{"line":55,"column":0},"end":{"line":55,"column":17}},"55":{"start":{"line":56,"column":0},"end":{"line":56,"column":17}},"56":{"start":{"line":57,"column":0},"end":{"line":57,"column":20}},"57":{"start":{"line":58,"column":0},"end":{"line":58,"column":14}},"58":{"start":{"line":59,"column":0},"end":{"line":59,"column":27}},"59":{"start":{"line":60,"column":0},"end":{"line":60,"column":17}},"60":{"start":{"line":61,"column":0},"end":{"line":61,"column":15}},"61":{"start":{"line":62,"column":0},"end":{"line":62,"column":11}},"67":{"start":{"line":68,"column":0},"end":{"line":68,"column":58}},"68":{"start":{"line":69,"column":0},"end":{"line":69,"column":32}},"69":{"start":{"line":70,"column":0},"end":{"line":70,"column":2}},"72":{"start":{"line":73,"column":0},"end":{"line":73,"column":57}},"73":{"start":{"line":74,"column":0},"end":{"line":74,"column":67}},"74":{"start":{"line":75,"column":0},"end":{"line":75,"column":37}},"75":{"start":{"line":76,"column":0},"end":{"line":76,"column":50}},"76":{"start":{"line":77,"column":0},"end":{"line":77,"column":69}},"77":{"start":{"line":78,"column":0},"end":{"line":78,"column":4}},"78":{"start":{"line":79,"column":0},"end":{"line":79,"column":2}}},"s":{"1":1,"3":1,"4":1,"5":1,"6":1,"7":1,"8":1,"9":1,"10":1,"11":1,"12":1,"15":1,"16":1,"17":1,"18":1,"19":1,"20":1,"21":1,"22":1,"23":1,"24":1,"27":1,"28":1,"29":1,"30":1,"31":1,"32":1,"33":1,"34":1,"35":1,"36":1,"39":1,"40":1,"41":1,"42":1,"43":1,"44":1,"45":1,"46":1,"47":1,"48":1,"51":1,"52":1,"53":1,"54":1,"55":1,"56":1,"57":1,"58":1,"59":1,"60":1,"61":1,"67":1,"68":263,"69":263,"72":1,"73":5,"74":5,"75":250,"76":205,"77":5,"78":5},"branchMap":{"0":{"type":"branch","line":68,"loc":{"start":{"line":68,"column":32},"end":{"line":70,"column":2}},"locations":[{"start":{"line":68,"column":32},"end":{"line":70,"column":2}}]},"1":{"type":"branch","line":73,"loc":{"start":{"line":73,"column":26},"end":{"line":79,"column":2}},"locations":[{"start":{"line":73,"column":26},"end":{"line":79,"column":2}}]},"2":{"type":"branch","line":75,"loc":{"start":{"line":75,"column":30},"end":{"line":77,"column":69}},"locations":[{"start":{"line":75,"column":30},"end":{"line":77,"column":69}}]},"3":{"type":"branch","line":76,"loc":{"start":{"line":76,"column":46},"end":{"line":77,"column":69}},"locations":[{"start":{"line":76,"column":46},"end":{"line":77,"column":69}}]}},"b":{"0":[263],"1":[5],"2":[250],"3":[205]},"fnMap":{"0":{"name":"formatTagDisplay","decl":{"start":{"line":68,"column":32},"end":{"line":70,"column":2}},"loc":{"start":{"line":68,"column":32},"end":{"line":70,"column":2}},"line":68},"1":{"name":"searchTags","decl":{"start":{"line":73,"column":26},"end":{"line":79,"column":2}},"loc":{"start":{"line":73,"column":26},"end":{"line":79,"column":2}},"line":73}},"f":{"0":263,"1":5}}
,"/Users/eduardo.ferro/Library/CloudStorage/Dropbox/dev/promptscribe-mcp/src/types/template-adapter.ts": {"path":"/Users/eduardo.ferro/Library/CloudStorage/Dropbox/dev/promptscribe-mcp/src/types/template-adapter.ts","all":true,"statementMap":{"44":{"start":{"line":45,"column":0},"end":{"line":45,"column":122}},"45":{"start":{"line":46,"column":0},"end":{"line":46,"column":10}},"46":{"start":{"line":47,"column":0},"end":{"line":47,"column":22}},"47":{"start":{"line":48,"column":0},"end":{"line":48,"column":36}},"48":{"start":{"line":49,"column":0},"end":{"line":49,"column":30}},"49":{"start":{"line":50,"column":0},"end":{"line":50,"column":77}},"50":{"start":{"line":51,"column":0},"end":{"line":51,"column":26}},"51":{"start":{"line":52,"column":0},"end":{"line":52,"column":29}},"52":{"start":{"line":53,"column":0},"end":{"line":53,"column":4}},"53":{"start":{"line":54,"column":0},"end":{"line":54,"column":1}},"55":{"start":{"line":56,"column":0},"end":{"line":56,"column":87}},"56":{"start":{"line":57,"column":0},"end":{"line":57,"column":10}},"57":{"start":{"line":58,"column":0},"end":{"line":58,"column":16}},"58":{"start":{"line":59,"column":0},"end":{"line":59,"column":20}},"59":{"start":{"line":60,"column":0},"end":{"line":60,"column":47}},"60":{"start":{"line":61,"column":0},"end":{"line":61,"column":28}},"61":{"start":{"line":62,"column":0},"end":{"line":62,"column":31}},"62":{"start":{"line":63,"column":0},"end":{"line":63,"column":24}},"63":{"start":{"line":64,"column":0},"end":{"line":64,"column":28}},"64":{"start":{"line":65,"column":0},"end":{"line":65,"column":44}},"65":{"start":{"line":66,"column":0},"end":{"line":66,"column":43}},"66":{"start":{"line":67,"column":0},"end":{"line":67,"column":4}},"67":{"start":{"line":68,"column":0},"end":{"line":68,"column":1}}},"s":{"44":0,"45":0,"46":0,"47":0,"48":0,"49":0,"50":0,"51":0,"52":0,"53":0,"55":0,"56":0,"57":0,"58":0,"59":0,"60":0,"61":0,"62":0,"63":0,"64":0,"65":0,"66":0,"67":0},"branchMap":{"0":{"type":"branch","line":1,"loc":{"start":{"line":1,"column":1757},"end":{"line":68,"column":1}},"locations":[{"start":{"line":1,"column":1757},"end":{"line":68,"column":1}}]}},"b":{"0":[1]},"fnMap":{"0":{"name":"(empty-report)","decl":{"start":{"line":1,"column":1757},"end":{"line":68,"column":1}},"loc":{"start":{"line":1,"column":1757},"end":{"line":68,"column":1}},"line":1}},"f":{"0":1}}
,"/Users/eduardo.ferro/Library/CloudStorage/Dropbox/dev/promptscribe-mcp/src/types/template.ts": {"path":"/Users/eduardo.ferro/Library/CloudStorage/Dropbox/dev/promptscribe-mcp/src/types/template.ts","all":false,"statementMap":{"46":{"start":{"line":47,"column":0},"end":{"line":47,"column":91}},"47":{"start":{"line":48,"column":0},"end":{"line":48,"column":30}},"49":{"start":{"line":50,"column":0},"end":{"line":50,"column":17}},"51":{"start":{"line":52,"column":0},"end":{"line":52,"column":29}},"52":{"start":{"line":53,"column":0},"end":{"line":53,"column":35}},"53":{"start":{"line":54,"column":0},"end":{"line":54,"column":40}},"54":{"start":{"line":55,"column":0},"end":{"line":55,"column":7}},"56":{"start":{"line":57,"column":0},"end":{"line":57,"column":56}},"57":{"start":{"line":58,"column":0},"end":{"line":58,"column":57}},"58":{"start":{"line":59,"column":0},"end":{"line":59,"column":7}},"59":{"start":{"line":60,"column":0},"end":{"line":60,"column":5}},"61":{"start":{"line":62,"column":0},"end":{"line":62,"column":33}},"62":{"start":{"line":63,"column":0},"end":{"line":63,"column":65}},"63":{"start":{"line":64,"column":0},"end":{"line":64,"column":56}},"64":{"start":{"line":65,"column":0},"end":{"line":65,"column":7}},"65":{"start":{"line":66,"column":0},"end":{"line":66,"column":5}},"67":{"start":{"line":68,"column":0},"end":{"line":68,"column":29}},"68":{"start":{"line":69,"column":0},"end":{"line":69,"column":54}},"69":{"start":{"line":70,"column":0},"end":{"line":70,"column":59}},"70":{"start":{"line":71,"column":0},"end":{"line":71,"column":7}},"71":{"start":{"line":72,"column":0},"end":{"line":72,"column":5}},"72":{"start":{"line":73,"column":0},"end":{"line":73,"column":10}},"74":{"start":{"line":75,"column":0},"end":{"line":75,"column":33}},"75":{"start":{"line":76,"column":0},"end":{"line":76,"column":38}},"76":{"start":{"line":77,"column":0},"end":{"line":77,"column":5}},"78":{"start":{"line":79,"column":0},"end":{"line":79,"column":54}},"79":{"start":{"line":80,"column":0},"end":{"line":80,"column":55}},"80":{"start":{"line":81,"column":0},"end":{"line":81,"column":5}},"82":{"start":{"line":83,"column":0},"end":{"line":83,"column":63}},"83":{"start":{"line":84,"column":0},"end":{"line":84,"column":54}},"84":{"start":{"line":85,"column":0},"end":{"line":85,"column":5}},"86":{"start":{"line":87,"column":0},"end":{"line":87,"column":52}},"87":{"start":{"line":88,"column":0},"end":{"line":88,"column":57}},"88":{"start":{"line":89,"column":0},"end":{"line":89,"column":5}},"89":{"start":{"line":90,"column":0},"end":{"line":90,"column":3}},"91":{"start":{"line":92,"column":0},"end":{"line":92,"column":16}},"92":{"start":{"line":93,"column":0},"end":{"line":93,"column":1}}},"s":{"46":1,"47":17,"49":17,"51":6,"52":4,"53":2,"54":2,"56":4,"57":0,"58":0,"59":4,"61":6,"62":1,"63":1,"64":1,"65":1,"67":6,"68":0,"69":0,"70":0,"71":0,"72":17,"74":11,"75":4,"76":4,"78":11,"79":2,"80":2,"82":11,"83":7,"84":7,"86":11,"87":0,"88":0,"89":11,"91":17,"92":17},"branchMap":{"0":{"type":"branch","line":47,"loc":{"start":{"line":47,"column":7},"end":{"line":93,"column":1}},"locations":[{"start":{"line":47,"column":7},"end":{"line":93,"column":1}}]},"1":{"type":"branch","line":50,"loc":{"start":{"line":50,"column":16},"end":{"line":73,"column":9}},"locations":[{"start":{"line":50,"column":16},"end":{"line":73,"column":9}}]},"2":{"type":"branch","line":52,"loc":{"start":{"line":52,"column":28},"end":{"line":60,"column":5}},"locations":[{"start":{"line":52,"column":28},"end":{"line":60,"column":5}}]},"3":{"type":"branch","line":53,"loc":{"start":{"line":53,"column":34},"end":{"line":55,"column":7}},"locations":[{"start":{"line":53,"column":34},"end":{"line":55,"column":7}}]},"4":{"type":"branch","line":57,"loc":{"start":{"line":57,"column":19},"end":{"line":57,"column":55}},"locations":[{"start":{"line":57,"column":19},"end":{"line":57,"column":55}}]},"5":{"type":"branch","line":57,"loc":{"start":{"line":57,"column":55},"end":{"line":59,"column":7}},"locations":[{"start":{"line":57,"column":55},"end":{"line":59,"column":7}}]},"6":{"type":"branch","line":62,"loc":{"start":{"line":62,"column":32},"end":{"line":66,"column":5}},"locations":[{"start":{"line":62,"column":32},"end":{"line":66,"column":5}}]},"7":{"type":"branch","line":68,"loc":{"start":{"line":68,"column":28},"end":{"line":72,"column":5}},"locations":[{"start":{"line":68,"column":28},"end":{"line":72,"column":5}}]},"8":{"type":"branch","line":73,"loc":{"start":{"line":73,"column":2},"end":{"line":90,"column":3}},"locations":[{"start":{"line":73,"column":2},"end":{"line":90,"column":3}}]},"9":{"type":"branch","line":75,"loc":{"start":{"line":75,"column":18},"end":{"line":75,"column":29}},"locations":[{"start":{"line":75,"column":18},"end":{"line":75,"column":29}}]},"10":{"type":"branch","line":75,"loc":{"start":{"line":75,"column":32},"end":{"line":77,"column":5}},"locations":[{"start":{"line":75,"column":32},"end":{"line":77,"column":5}}]},"11":{"type":"branch","line":79,"loc":{"start":{"line":79,"column":17},"end":{"line":79,"column":53}},"locations":[{"start":{"line":79,"column":17},"end":{"line":79,"column":53}}]},"12":{"type":"branch","line":79,"loc":{"start":{"line":79,"column":53},"end":{"line":81,"column":5}},"locations":[{"start":{"line":79,"column":53},"end":{"line":81,"column":5}}]},"13":{"type":"branch","line":83,"loc":{"start":{"line":83,"column":18},"end":{"line":83,"column":62}},"locations":[{"start":{"line":83,"column":18},"end":{"line":83,"column":62}}]},"14":{"type":"branch","line":83,"loc":{"start":{"line":83,"column":62},"end":{"line":85,"column":5}},"locations":[{"start":{"line":83,"column":62},"end":{"line":85,"column":5}}]},"15":{"type":"branch","line":87,"loc":{"start":{"line":87,"column":17},"end":{"line":87,"column":51}},"locations":[{"start":{"line":87,"column":17},"end":{"line":87,"column":51}}]},"16":{"type":"branch","line":87,"loc":{"start":{"line":87,"column":51},"end":{"line":89,"column":5}},"locations":[{"start":{"line":87,"column":51},"end":{"line":89,"column":5}}]}},"b":{"0":[17],"1":[6],"2":[4],"3":[2],"4":[2],"5":[0],"6":[1],"7":[0],"8":[11],"9":[10],"10":[4],"11":[8],"12":[2],"13":[8],"14":[7],"15":[0],"16":[0]},"fnMap":{"0":{"name":"validateTemplate","decl":{"start":{"line":47,"column":7},"end":{"line":93,"column":1}},"loc":{"start":{"line":47,"column":7},"end":{"line":93,"column":1}},"line":47}},"f":{"0":17}}
}
