{"/home/eduardoferro/Dropbox/dev/promptscribe-mcp/postcss.config.js": {"path":"/home/eduardoferro/Dropbox/dev/promptscribe-mcp/postcss.config.js","all":true,"statementMap":{"0":{"start":{"line":1,"column":0},"end":{"line":1,"column":16}},"1":{"start":{"line":2,"column":0},"end":{"line":2,"column":12}},"2":{"start":{"line":3,"column":0},"end":{"line":3,"column":20}},"3":{"start":{"line":4,"column":0},"end":{"line":4,"column":21}},"4":{"start":{"line":5,"column":0},"end":{"line":5,"column":4}},"5":{"start":{"line":6,"column":0},"end":{"line":6,"column":1}}},"s":{"0":0,"1":0,"2":0,"3":0,"4":0,"5":0},"branchMap":{"0":{"type":"branch","line":1,"loc":{"start":{"line":1,"column":0},"end":{"line":6,"column":-11}},"locations":[{"start":{"line":1,"column":0},"end":{"line":6,"column":-11}}]}},"b":{"0":[0]},"fnMap":{"0":{"name":"(empty-report)","decl":{"start":{"line":1,"column":0},"end":{"line":6,"column":-11}},"loc":{"start":{"line":1,"column":0},"end":{"line":6,"column":-11}},"line":1}},"f":{"0":0}}
,"/home/eduardoferro/Dropbox/dev/promptscribe-mcp/tailwind.config.ts": {"path":"/home/eduardoferro/Dropbox/dev/promptscribe-mcp/tailwind.config.ts","all":true,"statementMap":{"2":{"start":{"line":3,"column":0},"end":{"line":3,"column":16}},"3":{"start":{"line":4,"column":0},"end":{"line":4,"column":21}},"4":{"start":{"line":5,"column":0},"end":{"line":5,"column":11}},"5":{"start":{"line":6,"column":0},"end":{"line":6,"column":26}},"6":{"start":{"line":7,"column":0},"end":{"line":7,"column":31}},"7":{"start":{"line":8,"column":0},"end":{"line":8,"column":24}},"8":{"start":{"line":9,"column":0},"end":{"line":9,"column":24}},"9":{"start":{"line":10,"column":0},"end":{"line":10,"column":3}},"10":{"start":{"line":11,"column":0},"end":{"line":11,"column":12}},"11":{"start":{"line":12,"column":0},"end":{"line":12,"column":9}},"12":{"start":{"line":13,"column":0},"end":{"line":13,"column":14}},"13":{"start":{"line":14,"column":0},"end":{"line":14,"column":16}},"14":{"start":{"line":15,"column":0},"end":{"line":15,"column":19}},"15":{"start":{"line":16,"column":0},"end":{"line":16,"column":13}},"16":{"start":{"line":17,"column":0},"end":{"line":17,"column":19}},"17":{"start":{"line":18,"column":0},"end":{"line":18,"column":4}},"18":{"start":{"line":19,"column":0},"end":{"line":19,"column":4}},"19":{"start":{"line":20,"column":0},"end":{"line":20,"column":11}},"20":{"start":{"line":21,"column":0},"end":{"line":21,"column":12}},"21":{"start":{"line":22,"column":0},"end":{"line":22,"column":33}},"22":{"start":{"line":23,"column":0},"end":{"line":23,"column":31}},"23":{"start":{"line":24,"column":0},"end":{"line":24,"column":29}},"24":{"start":{"line":25,"column":0},"end":{"line":25,"column":41}},"25":{"start":{"line":26,"column":0},"end":{"line":26,"column":41}},"26":{"start":{"line":27,"column":0},"end":{"line":27,"column":14}},"27":{"start":{"line":28,"column":0},"end":{"line":28,"column":36}},"28":{"start":{"line":29,"column":0},"end":{"line":29,"column":49}},"29":{"start":{"line":30,"column":0},"end":{"line":30,"column":6}},"30":{"start":{"line":31,"column":0},"end":{"line":31,"column":16}},"31":{"start":{"line":32,"column":0},"end":{"line":32,"column":38}},"32":{"start":{"line":33,"column":0},"end":{"line":33,"column":51}},"33":{"start":{"line":34,"column":0},"end":{"line":34,"column":6}},"34":{"start":{"line":35,"column":0},"end":{"line":35,"column":18}},"35":{"start":{"line":36,"column":0},"end":{"line":36,"column":40}},"36":{"start":{"line":37,"column":0},"end":{"line":37,"column":53}},"37":{"start":{"line":38,"column":0},"end":{"line":38,"column":6}},"38":{"start":{"line":39,"column":0},"end":{"line":39,"column":12}},"39":{"start":{"line":40,"column":0},"end":{"line":40,"column":34}},"40":{"start":{"line":41,"column":0},"end":{"line":41,"column":47}},"41":{"start":{"line":42,"column":0},"end":{"line":42,"column":6}},"42":{"start":{"line":43,"column":0},"end":{"line":43,"column":13}},"43":{"start":{"line":44,"column":0},"end":{"line":44,"column":35}},"44":{"start":{"line":45,"column":0},"end":{"line":45,"column":48}},"45":{"start":{"line":46,"column":0},"end":{"line":46,"column":6}},"46":{"start":{"line":47,"column":0},"end":{"line":47,"column":14}},"47":{"start":{"line":48,"column":0},"end":{"line":48,"column":36}},"48":{"start":{"line":49,"column":0},"end":{"line":49,"column":49}},"49":{"start":{"line":50,"column":0},"end":{"line":50,"column":6}},"50":{"start":{"line":51,"column":0},"end":{"line":51,"column":11}},"51":{"start":{"line":52,"column":0},"end":{"line":52,"column":33}},"52":{"start":{"line":53,"column":0},"end":{"line":53,"column":46}},"53":{"start":{"line":54,"column":0},"end":{"line":54,"column":6}},"54":{"start":{"line":55,"column":0},"end":{"line":55,"column":11}},"55":{"start":{"line":56,"column":0},"end":{"line":56,"column":36}},"56":{"start":{"line":57,"column":0},"end":{"line":57,"column":38}},"57":{"start":{"line":58,"column":0},"end":{"line":58,"column":6}},"58":{"start":{"line":59,"column":0},"end":{"line":59,"column":14}},"59":{"start":{"line":60,"column":0},"end":{"line":60,"column":47}},"60":{"start":{"line":61,"column":0},"end":{"line":61,"column":50}},"61":{"start":{"line":62,"column":0},"end":{"line":62,"column":44}},"62":{"start":{"line":63,"column":0},"end":{"line":63,"column":68}},"63":{"start":{"line":64,"column":0},"end":{"line":64,"column":42}},"64":{"start":{"line":65,"column":0},"end":{"line":65,"column":66}},"65":{"start":{"line":66,"column":0},"end":{"line":66,"column":42}},"66":{"start":{"line":67,"column":0},"end":{"line":67,"column":37}},"67":{"start":{"line":68,"column":0},"end":{"line":68,"column":5}},"68":{"start":{"line":69,"column":0},"end":{"line":69,"column":5}},"69":{"start":{"line":70,"column":0},"end":{"line":70,"column":18}},"70":{"start":{"line":71,"column":0},"end":{"line":71,"column":24}},"71":{"start":{"line":72,"column":0},"end":{"line":72,"column":36}},"72":{"start":{"line":73,"column":0},"end":{"line":73,"column":35}},"73":{"start":{"line":74,"column":0},"end":{"line":74,"column":5}},"74":{"start":{"line":75,"column":0},"end":{"line":75,"column":15}},"75":{"start":{"line":76,"column":0},"end":{"line":76,"column":23}},"76":{"start":{"line":77,"column":0},"end":{"line":77,"column":12}},"77":{"start":{"line":78,"column":0},"end":{"line":78,"column":17}},"78":{"start":{"line":79,"column":0},"end":{"line":79,"column":7}},"79":{"start":{"line":80,"column":0},"end":{"line":80,"column":10}},"80":{"start":{"line":81,"column":0},"end":{"line":81,"column":53}},"81":{"start":{"line":82,"column":0},"end":{"line":82,"column":6}},"82":{"start":{"line":83,"column":0},"end":{"line":83,"column":6}},"83":{"start":{"line":84,"column":0},"end":{"line":84,"column":21}},"84":{"start":{"line":85,"column":0},"end":{"line":85,"column":12}},"85":{"start":{"line":86,"column":0},"end":{"line":86,"column":53}},"86":{"start":{"line":87,"column":0},"end":{"line":87,"column":7}},"87":{"start":{"line":88,"column":0},"end":{"line":88,"column":10}},"88":{"start":{"line":89,"column":0},"end":{"line":89,"column":17}},"89":{"start":{"line":90,"column":0},"end":{"line":90,"column":6}},"90":{"start":{"line":91,"column":0},"end":{"line":91,"column":5}},"91":{"start":{"line":92,"column":0},"end":{"line":92,"column":5}},"92":{"start":{"line":93,"column":0},"end":{"line":93,"column":15}},"93":{"start":{"line":94,"column":0},"end":{"line":94,"column":53}},"94":{"start":{"line":95,"column":0},"end":{"line":95,"column":48}},"95":{"start":{"line":96,"column":0},"end":{"line":96,"column":4}},"96":{"start":{"line":97,"column":0},"end":{"line":97,"column":3}},"97":{"start":{"line":98,"column":0},"end":{"line":98,"column":3}},"98":{"start":{"line":99,"column":0},"end":{"line":99,"column":43}},"99":{"start":{"line":100,"column":0},"end":{"line":100,"column":19}}},"s":{"2":0,"3":0,"4":0,"5":0,"6":0,"7":0,"8":0,"9":0,"10":0,"11":0,"12":0,"13":0,"14":0,"15":0,"16":0,"17":0,"18":0,"19":0,"20":0,"21":0,"22":0,"23":0,"24":0,"25":0,"26":0,"27":0,"28":0,"29":0,"30":0,"31":0,"32":0,"33":0,"34":0,"35":0,"36":0,"37":0,"38":0,"39":0,"40":0,"41":0,"42":0,"43":0,"44":0,"45":0,"46":0,"47":0,"48":0,"49":0,"50":0,"51":0,"52":0,"53":0,"54":0,"55":0,"56":0,"57":0,"58":0,"59":0,"60":0,"61":0,"62":0,"63":0,"64":0,"65":0,"66":0,"67":0,"68":0,"69":0,"70":0,"71":0,"72":0,"73":0,"74":0,"75":0,"76":0,"77":0,"78":0,"79":0,"80":0,"81":0,"82":0,"83":0,"84":0,"85":0,"86":0,"87":0,"88":0,"89":0,"90":0,"91":0,"92":0,"93":0,"94":0,"95":0,"96":0,"97":0,"98":0,"99":0},"branchMap":{"0":{"type":"branch","line":1,"loc":{"start":{"line":1,"column":44},"end":{"line":100,"column":-287}},"locations":[{"start":{"line":1,"column":44},"end":{"line":100,"column":-287}}]}},"b":{"0":[1]},"fnMap":{"0":{"name":"(empty-report)","decl":{"start":{"line":1,"column":44},"end":{"line":100,"column":-287}},"loc":{"start":{"line":1,"column":44},"end":{"line":100,"column":-287}},"line":1}},"f":{"0":1}}
,"/home/eduardoferro/Dropbox/dev/promptscribe-mcp/src/App.tsx": {"path":"/home/eduardoferro/Dropbox/dev/promptscribe-mcp/src/App.tsx","all":false,"statementMap":{"0":{"start":{"line":1,"column":0},"end":{"line":1,"column":50}},"1":{"start":{"line":2,"column":0},"end":{"line":2,"column":59}},"2":{"start":{"line":3,"column":0},"end":{"line":3,"column":58}},"3":{"start":{"line":4,"column":0},"end":{"line":4,"column":73}},"4":{"start":{"line":5,"column":0},"end":{"line":5,"column":64}},"5":{"start":{"line":6,"column":0},"end":{"line":6,"column":34}},"6":{"start":{"line":7,"column":0},"end":{"line":7,"column":40}},"8":{"start":{"line":9,"column":0},"end":{"line":9,"column":38}},"10":{"start":{"line":11,"column":0},"end":{"line":11,"column":19}},"11":{"start":{"line":12,"column":0},"end":{"line":12,"column":44}},"12":{"start":{"line":13,"column":0},"end":{"line":13,"column":21}},"13":{"start":{"line":14,"column":0},"end":{"line":14,"column":17}},"14":{"start":{"line":15,"column":0},"end":{"line":15,"column":16}},"15":{"start":{"line":16,"column":0},"end":{"line":16,"column":21}},"16":{"start":{"line":17,"column":0},"end":{"line":17,"column":16}},"17":{"start":{"line":18,"column":0},"end":{"line":18,"column":48}},"19":{"start":{"line":20,"column":0},"end":{"line":20,"column":51}},"20":{"start":{"line":21,"column":0},"end":{"line":21,"column":17}},"21":{"start":{"line":22,"column":0},"end":{"line":22,"column":22}},"22":{"start":{"line":23,"column":0},"end":{"line":23,"column":22}},"23":{"start":{"line":24,"column":0},"end":{"line":24,"column":24}},"26":{"start":{"line":27,"column":0},"end":{"line":27,"column":19}}},"s":{"0":1,"1":1,"2":1,"3":1,"4":1,"5":1,"6":1,"8":1,"10":1,"11":4,"12":4,"13":4,"14":4,"15":4,"16":4,"17":4,"19":4,"20":4,"21":4,"22":4,"23":4,"26":1},"branchMap":{"0":{"type":"branch","line":11,"loc":{"start":{"line":11,"column":12},"end":{"line":24,"column":24}},"locations":[{"start":{"line":11,"column":12},"end":{"line":24,"column":24}}]}},"b":{"0":[4]},"fnMap":{"0":{"name":"App","decl":{"start":{"line":11,"column":12},"end":{"line":24,"column":24}},"loc":{"start":{"line":11,"column":12},"end":{"line":24,"column":24}},"line":11}},"f":{"0":4}}
,"/home/eduardoferro/Dropbox/dev/promptscribe-mcp/src/main.tsx": {"path":"/home/eduardoferro/Dropbox/dev/promptscribe-mcp/src/main.tsx","all":false,"statementMap":{"0":{"start":{"line":1,"column":0},"end":{"line":1,"column":45}},"1":{"start":{"line":2,"column":0},"end":{"line":2,"column":27}},"2":{"start":{"line":3,"column":0},"end":{"line":3,"column":62}},"3":{"start":{"line":4,"column":0},"end":{"line":4,"column":20}},"5":{"start":{"line":6,"column":0},"end":{"line":6,"column":52}},"6":{"start":{"line":7,"column":0},"end":{"line":7,"column":17}},"7":{"start":{"line":8,"column":0},"end":{"line":8,"column":11}},"8":{"start":{"line":9,"column":0},"end":{"line":9,"column":18}},"9":{"start":{"line":10,"column":0},"end":{"line":10,"column":2}}},"s":{"0":1,"1":1,"2":1,"3":1,"5":1,"6":1,"7":1,"8":1,"9":1},"branchMap":{},"b":{},"fnMap":{},"f":{}}
,"/home/eduardoferro/Dropbox/dev/promptscribe-mcp/src/components/ErrorBoundary.tsx": {"path":"/home/eduardoferro/Dropbox/dev/promptscribe-mcp/src/components/ErrorBoundary.tsx","all":false,"statementMap":{"0":{"start":{"line":1,"column":0},"end":{"line":1,"column":26}},"9":{"start":{"line":10,"column":0},"end":{"line":10,"column":51}},"12":{"start":{"line":13,"column":0},"end":{"line":13,"column":3}},"13":{"start":{"line":14,"column":0},"end":{"line":14,"column":51}},"14":{"start":{"line":15,"column":0},"end":{"line":15,"column":17}},"15":{"start":{"line":16,"column":0},"end":{"line":16,"column":37}},"16":{"start":{"line":17,"column":0},"end":{"line":17,"column":3}},"18":{"start":{"line":19,"column":0},"end":{"line":19,"column":69}},"19":{"start":{"line":20,"column":0},"end":{"line":20,"column":37}},"20":{"start":{"line":21,"column":0},"end":{"line":21,"column":3}},"22":{"start":{"line":23,"column":0},"end":{"line":23,"column":63}},"23":{"start":{"line":24,"column":0},"end":{"line":24,"column":65}},"24":{"start":{"line":25,"column":0},"end":{"line":25,"column":3}},"26":{"start":{"line":27,"column":0},"end":{"line":27,"column":12}},"27":{"start":{"line":28,"column":0},"end":{"line":28,"column":30}},"28":{"start":{"line":29,"column":0},"end":{"line":29,"column":14}},"29":{"start":{"line":30,"column":0},"end":{"line":30,"column":75}},"30":{"start":{"line":31,"column":0},"end":{"line":31,"column":49}},"31":{"start":{"line":32,"column":0},"end":{"line":32,"column":72}},"32":{"start":{"line":33,"column":0},"end":{"line":33,"column":72}},"33":{"start":{"line":34,"column":0},"end":{"line":34,"column":49}},"35":{"start":{"line":36,"column":0},"end":{"line":36,"column":16}},"36":{"start":{"line":37,"column":0},"end":{"line":37,"column":61}},"38":{"start":{"line":39,"column":0},"end":{"line":39,"column":21}},"39":{"start":{"line":40,"column":0},"end":{"line":40,"column":16}},"40":{"start":{"line":41,"column":0},"end":{"line":41,"column":14}},"42":{"start":{"line":43,"column":0},"end":{"line":43,"column":5}},"44":{"start":{"line":45,"column":0},"end":{"line":45,"column":31}},"45":{"start":{"line":46,"column":0},"end":{"line":46,"column":3}},"46":{"start":{"line":47,"column":0},"end":{"line":47,"column":1}}},"s":{"0":1,"9":1,"12":1,"13":1,"14":6,"15":6,"16":6,"18":1,"19":4,"20":4,"22":1,"23":2,"24":2,"26":1,"27":9,"28":4,"29":4,"30":4,"31":4,"32":4,"33":4,"35":4,"36":4,"38":4,"39":4,"40":4,"42":4,"44":5,"45":9,"46":1},"branchMap":{"0":{"type":"branch","line":14,"loc":{"start":{"line":14,"column":2},"end":{"line":17,"column":3}},"locations":[{"start":{"line":14,"column":2},"end":{"line":17,"column":3}}]},"1":{"type":"branch","line":19,"loc":{"start":{"line":19,"column":9},"end":{"line":21,"column":3}},"locations":[{"start":{"line":19,"column":9},"end":{"line":21,"column":3}}]},"2":{"type":"branch","line":23,"loc":{"start":{"line":23,"column":2},"end":{"line":25,"column":3}},"locations":[{"start":{"line":23,"column":2},"end":{"line":25,"column":3}}]},"3":{"type":"branch","line":27,"loc":{"start":{"line":27,"column":2},"end":{"line":46,"column":3}},"locations":[{"start":{"line":27,"column":2},"end":{"line":46,"column":3}}]},"4":{"type":"branch","line":28,"loc":{"start":{"line":28,"column":29},"end":{"line":43,"column":5}},"locations":[{"start":{"line":28,"column":29},"end":{"line":43,"column":5}}]},"5":{"type":"branch","line":43,"loc":{"start":{"line":43,"column":4},"end":{"line":45,"column":31}},"locations":[{"start":{"line":43,"column":4},"end":{"line":45,"column":31}}]}},"b":{"0":[6],"1":[4],"2":[2],"3":[9],"4":[4],"5":[5]},"fnMap":{"0":{"name":"ErrorBoundary","decl":{"start":{"line":14,"column":2},"end":{"line":17,"column":3}},"loc":{"start":{"line":14,"column":2},"end":{"line":17,"column":3}},"line":14},"1":{"name":"getDerivedStateFromError","decl":{"start":{"line":19,"column":9},"end":{"line":21,"column":3}},"loc":{"start":{"line":19,"column":9},"end":{"line":21,"column":3}},"line":19},"2":{"name":"componentDidCatch","decl":{"start":{"line":23,"column":2},"end":{"line":25,"column":3}},"loc":{"start":{"line":23,"column":2},"end":{"line":25,"column":3}},"line":23},"3":{"name":"render","decl":{"start":{"line":27,"column":2},"end":{"line":46,"column":3}},"loc":{"start":{"line":27,"column":2},"end":{"line":46,"column":3}},"line":27},"4":{"name":"onClick","decl":{"start":{"line":37,"column":29},"end":{"line":37,"column":61}},"loc":{"start":{"line":37,"column":29},"end":{"line":37,"column":61}},"line":37}},"f":{"0":6,"1":4,"2":2,"3":9,"4":0}}
,"/home/eduardoferro/Dropbox/dev/promptscribe-mcp/src/components/auth/AuthForm.tsx": {"path":"/home/eduardoferro/Dropbox/dev/promptscribe-mcp/src/components/auth/AuthForm.tsx","all":false,"statementMap":{"0":{"start":{"line":1,"column":0},"end":{"line":1,"column":33}},"13":{"start":{"line":14,"column":0},"end":{"line":14,"column":68}},"14":{"start":{"line":15,"column":0},"end":{"line":15,"column":41}},"15":{"start":{"line":16,"column":0},"end":{"line":16,"column":47}},"16":{"start":{"line":17,"column":0},"end":{"line":17,"column":48}},"17":{"start":{"line":18,"column":0},"end":{"line":18,"column":51}},"18":{"start":{"line":19,"column":0},"end":{"line":19,"column":60}},"19":{"start":{"line":20,"column":0},"end":{"line":20,"column":31}},"21":{"start":{"line":22,"column":0},"end":{"line":22,"column":54}},"22":{"start":{"line":23,"column":0},"end":{"line":23,"column":23}},"23":{"start":{"line":24,"column":0},"end":{"line":24,"column":21}},"25":{"start":{"line":26,"column":0},"end":{"line":26,"column":9}},"26":{"start":{"line":27,"column":0},"end":{"line":27,"column":55}},"28":{"start":{"line":29,"column":0},"end":{"line":29,"column":52}},"29":{"start":{"line":30,"column":0},"end":{"line":30,"column":14}},"30":{"start":{"line":31,"column":0},"end":{"line":31,"column":17}},"31":{"start":{"line":32,"column":0},"end":{"line":32,"column":18}},"32":{"start":{"line":33,"column":0},"end":{"line":33,"column":38}},"33":{"start":{"line":34,"column":0},"end":{"line":34,"column":9}},"34":{"start":{"line":35,"column":0},"end":{"line":35,"column":9}},"36":{"start":{"line":37,"column":0},"end":{"line":37,"column":18}},"37":{"start":{"line":38,"column":0},"end":{"line":38,"column":15}},"38":{"start":{"line":39,"column":0},"end":{"line":39,"column":33}},"39":{"start":{"line":40,"column":0},"end":{"line":40,"column":34}},"40":{"start":{"line":41,"column":0},"end":{"line":41,"column":36}},"41":{"start":{"line":42,"column":0},"end":{"line":42,"column":11}},"42":{"start":{"line":43,"column":0},"end":{"line":43,"column":14}},"43":{"start":{"line":44,"column":0},"end":{"line":44,"column":15}},"44":{"start":{"line":45,"column":0},"end":{"line":45,"column":36}},"45":{"start":{"line":46,"column":0},"end":{"line":46,"column":90}},"46":{"start":{"line":47,"column":0},"end":{"line":47,"column":11}},"47":{"start":{"line":48,"column":0},"end":{"line":48,"column":7}},"48":{"start":{"line":49,"column":0},"end":{"line":49,"column":21}},"49":{"start":{"line":50,"column":0},"end":{"line":50,"column":13}},"50":{"start":{"line":51,"column":0},"end":{"line":51,"column":31}},"51":{"start":{"line":52,"column":0},"end":{"line":52,"column":23}},"52":{"start":{"line":53,"column":0},"end":{"line":53,"column":51}},"53":{"start":{"line":54,"column":0},"end":{"line":54,"column":9}},"54":{"start":{"line":55,"column":0},"end":{"line":55,"column":15}},"55":{"start":{"line":56,"column":0},"end":{"line":56,"column":24}},"56":{"start":{"line":57,"column":0},"end":{"line":57,"column":5}},"57":{"start":{"line":58,"column":0},"end":{"line":58,"column":4}},"59":{"start":{"line":60,"column":0},"end":{"line":60,"column":54}},"60":{"start":{"line":61,"column":0},"end":{"line":61,"column":23}},"61":{"start":{"line":62,"column":0},"end":{"line":62,"column":21}},"63":{"start":{"line":64,"column":0},"end":{"line":64,"column":9}},"64":{"start":{"line":65,"column":0},"end":{"line":65,"column":64}},"65":{"start":{"line":66,"column":0},"end":{"line":66,"column":14}},"66":{"start":{"line":67,"column":0},"end":{"line":67,"column":16}},"67":{"start":{"line":68,"column":0},"end":{"line":68,"column":9}},"69":{"start":{"line":70,"column":0},"end":{"line":70,"column":18}},"70":{"start":{"line":71,"column":0},"end":{"line":71,"column":15}},"71":{"start":{"line":72,"column":0},"end":{"line":72,"column":33}},"72":{"start":{"line":73,"column":0},"end":{"line":73,"column":34}},"73":{"start":{"line":74,"column":0},"end":{"line":74,"column":36}},"74":{"start":{"line":75,"column":0},"end":{"line":75,"column":11}},"75":{"start":{"line":76,"column":0},"end":{"line":76,"column":14}},"76":{"start":{"line":77,"column":0},"end":{"line":77,"column":24}},"77":{"start":{"line":78,"column":0},"end":{"line":78,"column":7}},"78":{"start":{"line":79,"column":0},"end":{"line":79,"column":21}},"79":{"start":{"line":80,"column":0},"end":{"line":80,"column":13}},"80":{"start":{"line":81,"column":0},"end":{"line":81,"column":31}},"81":{"start":{"line":82,"column":0},"end":{"line":82,"column":23}},"82":{"start":{"line":83,"column":0},"end":{"line":83,"column":51}},"83":{"start":{"line":84,"column":0},"end":{"line":84,"column":9}},"84":{"start":{"line":85,"column":0},"end":{"line":85,"column":15}},"85":{"start":{"line":86,"column":0},"end":{"line":86,"column":24}},"86":{"start":{"line":87,"column":0},"end":{"line":87,"column":5}},"87":{"start":{"line":88,"column":0},"end":{"line":88,"column":4}},"89":{"start":{"line":90,"column":0},"end":{"line":90,"column":61}},"90":{"start":{"line":91,"column":0},"end":{"line":91,"column":23}},"91":{"start":{"line":92,"column":0},"end":{"line":92,"column":21}},"93":{"start":{"line":94,"column":0},"end":{"line":94,"column":9}},"94":{"start":{"line":95,"column":0},"end":{"line":95,"column":79}},"95":{"start":{"line":96,"column":0},"end":{"line":96,"column":48}},"96":{"start":{"line":97,"column":0},"end":{"line":97,"column":9}},"98":{"start":{"line":99,"column":0},"end":{"line":99,"column":18}},"99":{"start":{"line":100,"column":0},"end":{"line":100,"column":15}},"100":{"start":{"line":101,"column":0},"end":{"line":101,"column":33}},"101":{"start":{"line":102,"column":0},"end":{"line":102,"column":32}},"102":{"start":{"line":103,"column":0},"end":{"line":103,"column":36}},"103":{"start":{"line":104,"column":0},"end":{"line":104,"column":11}},"104":{"start":{"line":105,"column":0},"end":{"line":105,"column":14}},"105":{"start":{"line":106,"column":0},"end":{"line":106,"column":15}},"106":{"start":{"line":107,"column":0},"end":{"line":107,"column":36}},"107":{"start":{"line":108,"column":0},"end":{"line":108,"column":74}},"108":{"start":{"line":109,"column":0},"end":{"line":109,"column":11}},"109":{"start":{"line":110,"column":0},"end":{"line":110,"column":32}},"110":{"start":{"line":111,"column":0},"end":{"line":111,"column":26}},"111":{"start":{"line":112,"column":0},"end":{"line":112,"column":7}},"112":{"start":{"line":113,"column":0},"end":{"line":113,"column":21}},"113":{"start":{"line":114,"column":0},"end":{"line":114,"column":13}},"114":{"start":{"line":115,"column":0},"end":{"line":115,"column":31}},"115":{"start":{"line":116,"column":0},"end":{"line":116,"column":23}},"116":{"start":{"line":117,"column":0},"end":{"line":117,"column":51}},"117":{"start":{"line":118,"column":0},"end":{"line":118,"column":9}},"118":{"start":{"line":119,"column":0},"end":{"line":119,"column":15}},"119":{"start":{"line":120,"column":0},"end":{"line":120,"column":24}},"120":{"start":{"line":121,"column":0},"end":{"line":121,"column":5}},"121":{"start":{"line":122,"column":0},"end":{"line":122,"column":4}},"123":{"start":{"line":124,"column":0},"end":{"line":124,"column":10}},"124":{"start":{"line":125,"column":0},"end":{"line":125,"column":71}},"125":{"start":{"line":126,"column":0},"end":{"line":126,"column":40}},"126":{"start":{"line":127,"column":0},"end":{"line":127,"column":44}},"127":{"start":{"line":128,"column":0},"end":{"line":128,"column":86}},"128":{"start":{"line":129,"column":0},"end":{"line":129,"column":27}},"130":{"start":{"line":131,"column":0},"end":{"line":131,"column":28}},"131":{"start":{"line":132,"column":0},"end":{"line":132,"column":21}},"132":{"start":{"line":133,"column":0},"end":{"line":133,"column":21}},"133":{"start":{"line":134,"column":0},"end":{"line":134,"column":57}},"134":{"start":{"line":135,"column":0},"end":{"line":135,"column":58}},"135":{"start":{"line":136,"column":0},"end":{"line":136,"column":63}},"136":{"start":{"line":137,"column":0},"end":{"line":137,"column":63}},"137":{"start":{"line":138,"column":0},"end":{"line":138,"column":23}},"139":{"start":{"line":140,"column":0},"end":{"line":140,"column":40}},"140":{"start":{"line":141,"column":0},"end":{"line":141,"column":33}},"141":{"start":{"line":142,"column":0},"end":{"line":142,"column":68}},"142":{"start":{"line":143,"column":0},"end":{"line":143,"column":45}},"143":{"start":{"line":144,"column":0},"end":{"line":144,"column":63}},"144":{"start":{"line":145,"column":0},"end":{"line":145,"column":26}},"145":{"start":{"line":146,"column":0},"end":{"line":146,"column":39}},"146":{"start":{"line":147,"column":0},"end":{"line":147,"column":34}},"147":{"start":{"line":148,"column":0},"end":{"line":148,"column":52}},"148":{"start":{"line":149,"column":0},"end":{"line":149,"column":35}},"149":{"start":{"line":150,"column":0},"end":{"line":150,"column":64}},"150":{"start":{"line":151,"column":0},"end":{"line":151,"column":30}},"151":{"start":{"line":152,"column":0},"end":{"line":152,"column":22}},"152":{"start":{"line":153,"column":0},"end":{"line":153,"column":24}},"153":{"start":{"line":154,"column":0},"end":{"line":154,"column":45}},"154":{"start":{"line":155,"column":0},"end":{"line":155,"column":69}},"155":{"start":{"line":156,"column":0},"end":{"line":156,"column":26}},"156":{"start":{"line":157,"column":0},"end":{"line":157,"column":42}},"157":{"start":{"line":158,"column":0},"end":{"line":158,"column":37}},"158":{"start":{"line":159,"column":0},"end":{"line":159,"column":55}},"159":{"start":{"line":160,"column":0},"end":{"line":160,"column":38}},"160":{"start":{"line":161,"column":0},"end":{"line":161,"column":67}},"161":{"start":{"line":162,"column":0},"end":{"line":162,"column":30}},"162":{"start":{"line":163,"column":0},"end":{"line":163,"column":22}},"163":{"start":{"line":164,"column":0},"end":{"line":164,"column":24}},"164":{"start":{"line":165,"column":0},"end":{"line":165,"column":78}},"165":{"start":{"line":166,"column":0},"end":{"line":166,"column":59}},"166":{"start":{"line":167,"column":0},"end":{"line":167,"column":27}},"167":{"start":{"line":168,"column":0},"end":{"line":168,"column":47}},"168":{"start":{"line":169,"column":0},"end":{"line":169,"column":28}},"169":{"start":{"line":170,"column":0},"end":{"line":170,"column":35}},"170":{"start":{"line":171,"column":0},"end":{"line":171,"column":37}},"171":{"start":{"line":172,"column":0},"end":{"line":172,"column":63}},"172":{"start":{"line":173,"column":0},"end":{"line":173,"column":60}},"173":{"start":{"line":174,"column":0},"end":{"line":174,"column":21}},"175":{"start":{"line":176,"column":0},"end":{"line":176,"column":29}},"176":{"start":{"line":177,"column":0},"end":{"line":177,"column":24}},"177":{"start":{"line":178,"column":0},"end":{"line":178,"column":23}},"179":{"start":{"line":180,"column":0},"end":{"line":180,"column":75}},"180":{"start":{"line":181,"column":0},"end":{"line":181,"column":45}},"181":{"start":{"line":182,"column":0},"end":{"line":182,"column":62}},"182":{"start":{"line":183,"column":0},"end":{"line":183,"column":26}},"183":{"start":{"line":184,"column":0},"end":{"line":184,"column":38}},"184":{"start":{"line":185,"column":0},"end":{"line":185,"column":34}},"185":{"start":{"line":186,"column":0},"end":{"line":186,"column":52}},"186":{"start":{"line":187,"column":0},"end":{"line":187,"column":40}},"187":{"start":{"line":188,"column":0},"end":{"line":188,"column":69}},"188":{"start":{"line":189,"column":0},"end":{"line":189,"column":30}},"189":{"start":{"line":190,"column":0},"end":{"line":190,"column":22}},"190":{"start":{"line":191,"column":0},"end":{"line":191,"column":24}},"191":{"start":{"line":192,"column":0},"end":{"line":192,"column":78}},"192":{"start":{"line":193,"column":0},"end":{"line":193,"column":77}},"193":{"start":{"line":194,"column":0},"end":{"line":194,"column":27}},"194":{"start":{"line":195,"column":0},"end":{"line":195,"column":47}},"195":{"start":{"line":196,"column":0},"end":{"line":196,"column":28}},"196":{"start":{"line":197,"column":0},"end":{"line":197,"column":35}},"197":{"start":{"line":198,"column":0},"end":{"line":198,"column":37}},"198":{"start":{"line":199,"column":0},"end":{"line":199,"column":63}},"199":{"start":{"line":200,"column":0},"end":{"line":200,"column":38}},"200":{"start":{"line":201,"column":0},"end":{"line":201,"column":48}},"201":{"start":{"line":202,"column":0},"end":{"line":202,"column":42}},"202":{"start":{"line":203,"column":0},"end":{"line":203,"column":24}},"203":{"start":{"line":204,"column":0},"end":{"line":204,"column":21}},"205":{"start":{"line":206,"column":0},"end":{"line":206,"column":29}},"206":{"start":{"line":207,"column":0},"end":{"line":207,"column":24}},"207":{"start":{"line":208,"column":0},"end":{"line":208,"column":23}},"209":{"start":{"line":210,"column":0},"end":{"line":210,"column":26}},"211":{"start":{"line":212,"column":0},"end":{"line":212,"column":40}},"212":{"start":{"line":213,"column":0},"end":{"line":213,"column":66}},"213":{"start":{"line":214,"column":0},"end":{"line":214,"column":43}},"214":{"start":{"line":215,"column":0},"end":{"line":215,"column":61}},"215":{"start":{"line":216,"column":0},"end":{"line":216,"column":24}},"216":{"start":{"line":217,"column":0},"end":{"line":217,"column":37}},"217":{"start":{"line":218,"column":0},"end":{"line":218,"column":32}},"218":{"start":{"line":219,"column":0},"end":{"line":219,"column":50}},"219":{"start":{"line":220,"column":0},"end":{"line":220,"column":33}},"220":{"start":{"line":221,"column":0},"end":{"line":221,"column":62}},"221":{"start":{"line":222,"column":0},"end":{"line":222,"column":28}},"222":{"start":{"line":223,"column":0},"end":{"line":223,"column":20}},"223":{"start":{"line":224,"column":0},"end":{"line":224,"column":22}},"224":{"start":{"line":225,"column":0},"end":{"line":225,"column":43}},"225":{"start":{"line":226,"column":0},"end":{"line":226,"column":67}},"226":{"start":{"line":227,"column":0},"end":{"line":227,"column":24}},"227":{"start":{"line":228,"column":0},"end":{"line":228,"column":40}},"228":{"start":{"line":229,"column":0},"end":{"line":229,"column":35}},"229":{"start":{"line":230,"column":0},"end":{"line":230,"column":51}},"230":{"start":{"line":231,"column":0},"end":{"line":231,"column":36}},"231":{"start":{"line":232,"column":0},"end":{"line":232,"column":65}},"232":{"start":{"line":233,"column":0},"end":{"line":233,"column":28}},"233":{"start":{"line":234,"column":0},"end":{"line":234,"column":33}},"234":{"start":{"line":235,"column":0},"end":{"line":235,"column":20}},"235":{"start":{"line":236,"column":0},"end":{"line":236,"column":22}},"236":{"start":{"line":237,"column":0},"end":{"line":237,"column":76}},"237":{"start":{"line":238,"column":0},"end":{"line":238,"column":70}},"238":{"start":{"line":239,"column":0},"end":{"line":239,"column":25}},"239":{"start":{"line":240,"column":0},"end":{"line":240,"column":21}},"240":{"start":{"line":241,"column":0},"end":{"line":241,"column":26}},"241":{"start":{"line":242,"column":0},"end":{"line":242,"column":17}},"242":{"start":{"line":243,"column":0},"end":{"line":243,"column":22}},"243":{"start":{"line":244,"column":0},"end":{"line":244,"column":13}},"244":{"start":{"line":245,"column":0},"end":{"line":245,"column":10}},"246":{"start":{"line":247,"column":0},"end":{"line":247,"column":1}}},"s":{"0":1,"13":33,"14":33,"15":33,"16":33,"17":33,"18":33,"19":33,"21":33,"22":1,"23":1,"25":1,"26":1,"28":1,"29":1,"30":1,"31":1,"32":1,"33":1,"34":1,"36":0,"37":0,"38":0,"39":0,"40":0,"41":0,"42":0,"43":0,"44":0,"45":0,"46":0,"47":0,"48":1,"49":1,"50":1,"51":1,"52":1,"53":1,"54":1,"55":1,"56":1,"57":1,"59":33,"60":2,"61":2,"63":2,"64":2,"65":2,"66":2,"67":2,"69":2,"70":0,"71":0,"72":0,"73":0,"74":0,"75":2,"76":1,"77":1,"78":2,"79":1,"80":1,"81":1,"82":1,"83":1,"84":2,"85":2,"86":2,"87":2,"89":33,"90":2,"91":2,"93":2,"94":2,"95":2,"96":2,"98":2,"99":0,"100":0,"101":0,"102":0,"103":0,"104":2,"105":1,"106":1,"107":1,"108":1,"109":1,"110":1,"111":1,"112":2,"113":1,"114":1,"115":1,"116":1,"117":1,"118":2,"119":2,"120":2,"121":2,"123":33,"124":33,"125":33,"126":33,"127":33,"128":33,"130":33,"131":33,"132":33,"133":33,"134":33,"135":33,"136":33,"137":33,"139":33,"140":33,"141":24,"142":24,"143":24,"144":24,"145":24,"146":24,"147":24,"148":24,"149":24,"150":24,"151":24,"152":24,"153":24,"154":24,"155":24,"156":24,"157":24,"158":24,"159":24,"160":24,"161":24,"162":24,"163":24,"164":24,"165":24,"166":24,"167":24,"168":24,"169":24,"170":24,"171":24,"172":24,"173":24,"175":24,"176":24,"177":24,"179":9,"180":9,"181":9,"182":9,"183":9,"184":9,"185":9,"186":9,"187":9,"188":9,"189":9,"190":9,"191":9,"192":9,"193":9,"194":9,"195":9,"196":9,"197":9,"198":9,"199":9,"200":1,"201":1,"202":1,"203":9,"205":9,"206":9,"207":9,"209":33,"211":33,"212":33,"213":33,"214":33,"215":33,"216":33,"217":33,"218":33,"219":33,"220":33,"221":33,"222":33,"223":33,"224":33,"225":33,"226":33,"227":33,"228":33,"229":33,"230":33,"231":33,"232":33,"233":33,"234":33,"235":33,"236":33,"237":33,"238":33,"239":33,"240":33,"241":33,"242":33,"243":33,"244":33,"246":33},"branchMap":{"0":{"type":"branch","line":14,"loc":{"start":{"line":14,"column":0},"end":{"line":247,"column":1}},"locations":[{"start":{"line":14,"column":0},"end":{"line":247,"column":1}}]},"1":{"type":"branch","line":141,"loc":{"start":{"line":141,"column":16},"end":{"line":178,"column":23}},"locations":[{"start":{"line":141,"column":16},"end":{"line":178,"column":23}}]},"2":{"type":"branch","line":166,"loc":{"start":{"line":166,"column":21},"end":{"line":166,"column":49}},"locations":[{"start":{"line":166,"column":21},"end":{"line":166,"column":49}}]},"3":{"type":"branch","line":166,"loc":{"start":{"line":166,"column":31},"end":{"line":166,"column":59}},"locations":[{"start":{"line":166,"column":31},"end":{"line":166,"column":59}}]},"4":{"type":"branch","line":178,"loc":{"start":{"line":178,"column":16},"end":{"line":208,"column":23}},"locations":[{"start":{"line":178,"column":16},"end":{"line":208,"column":23}}]},"5":{"type":"branch","line":193,"loc":{"start":{"line":193,"column":21},"end":{"line":193,"column":58}},"locations":[{"start":{"line":193,"column":21},"end":{"line":193,"column":58}}]},"6":{"type":"branch","line":193,"loc":{"start":{"line":193,"column":31},"end":{"line":193,"column":77}},"locations":[{"start":{"line":193,"column":31},"end":{"line":193,"column":77}}]},"7":{"type":"branch","line":238,"loc":{"start":{"line":238,"column":19},"end":{"line":238,"column":53}},"locations":[{"start":{"line":238,"column":19},"end":{"line":238,"column":53}}]},"8":{"type":"branch","line":238,"loc":{"start":{"line":238,"column":29},"end":{"line":238,"column":70}},"locations":[{"start":{"line":238,"column":29},"end":{"line":238,"column":70}}]},"9":{"type":"branch","line":22,"loc":{"start":{"line":22,"column":23},"end":{"line":58,"column":4}},"locations":[{"start":{"line":22,"column":23},"end":{"line":58,"column":4}}]},"10":{"type":"branch","line":35,"loc":{"start":{"line":35,"column":7},"end":{"line":48,"column":7}},"locations":[{"start":{"line":35,"column":7},"end":{"line":48,"column":7}}]},"11":{"type":"branch","line":60,"loc":{"start":{"line":60,"column":23},"end":{"line":88,"column":4}},"locations":[{"start":{"line":60,"column":23},"end":{"line":88,"column":4}}]},"12":{"type":"branch","line":68,"loc":{"start":{"line":68,"column":7},"end":{"line":70,"column":17}},"locations":[{"start":{"line":68,"column":7},"end":{"line":70,"column":17}}]},"13":{"type":"branch","line":70,"loc":{"start":{"line":70,"column":17},"end":{"line":76,"column":13}},"locations":[{"start":{"line":70,"column":17},"end":{"line":76,"column":13}}]},"14":{"type":"branch","line":76,"loc":{"start":{"line":76,"column":6},"end":{"line":78,"column":7}},"locations":[{"start":{"line":76,"column":6},"end":{"line":78,"column":7}}]},"15":{"type":"branch","line":79,"loc":{"start":{"line":79,"column":4},"end":{"line":85,"column":6}},"locations":[{"start":{"line":79,"column":4},"end":{"line":85,"column":6}}]},"16":{"type":"branch","line":90,"loc":{"start":{"line":90,"column":30},"end":{"line":122,"column":4}},"locations":[{"start":{"line":90,"column":30},"end":{"line":122,"column":4}}]},"17":{"type":"branch","line":97,"loc":{"start":{"line":97,"column":7},"end":{"line":99,"column":17}},"locations":[{"start":{"line":97,"column":7},"end":{"line":99,"column":17}}]},"18":{"type":"branch","line":99,"loc":{"start":{"line":99,"column":17},"end":{"line":105,"column":13}},"locations":[{"start":{"line":99,"column":17},"end":{"line":105,"column":13}}]},"19":{"type":"branch","line":105,"loc":{"start":{"line":105,"column":6},"end":{"line":112,"column":7}},"locations":[{"start":{"line":105,"column":6},"end":{"line":112,"column":7}}]},"20":{"type":"branch","line":113,"loc":{"start":{"line":113,"column":4},"end":{"line":119,"column":6}},"locations":[{"start":{"line":113,"column":4},"end":{"line":119,"column":6}}]},"21":{"type":"branch","line":150,"loc":{"start":{"line":150,"column":32},"end":{"line":150,"column":64}},"locations":[{"start":{"line":150,"column":32},"end":{"line":150,"column":64}}]},"22":{"type":"branch","line":161,"loc":{"start":{"line":161,"column":32},"end":{"line":161,"column":67}},"locations":[{"start":{"line":161,"column":32},"end":{"line":161,"column":67}}]},"23":{"type":"branch","line":173,"loc":{"start":{"line":173,"column":31},"end":{"line":173,"column":60}},"locations":[{"start":{"line":173,"column":31},"end":{"line":173,"column":60}}]},"24":{"type":"branch","line":188,"loc":{"start":{"line":188,"column":32},"end":{"line":188,"column":69}},"locations":[{"start":{"line":188,"column":32},"end":{"line":188,"column":69}}]},"25":{"type":"branch","line":200,"loc":{"start":{"line":200,"column":31},"end":{"line":203,"column":24}},"locations":[{"start":{"line":200,"column":31},"end":{"line":203,"column":24}}]},"26":{"type":"branch","line":221,"loc":{"start":{"line":221,"column":30},"end":{"line":221,"column":62}},"locations":[{"start":{"line":221,"column":30},"end":{"line":221,"column":62}}]},"27":{"type":"branch","line":232,"loc":{"start":{"line":232,"column":30},"end":{"line":232,"column":65}},"locations":[{"start":{"line":232,"column":30},"end":{"line":232,"column":65}}]}},"b":{"0":[33],"1":[24],"2":[3],"3":[21],"4":[9],"5":[2],"6":[7],"7":[5],"8":[28],"9":[1],"10":[0],"11":[2],"12":[1],"13":[0],"14":[1],"15":[1],"16":[2],"17":[1],"18":[0],"19":[1],"20":[1],"21":[2],"22":[2],"23":[4],"24":[2],"25":[1],"26":[1],"27":[1]},"fnMap":{"0":{"name":"AuthForm","decl":{"start":{"line":14,"column":0},"end":{"line":247,"column":1}},"loc":{"start":{"line":14,"column":0},"end":{"line":247,"column":1}},"line":14},"1":{"name":"handleSignUp","decl":{"start":{"line":22,"column":23},"end":{"line":58,"column":4}},"loc":{"start":{"line":22,"column":23},"end":{"line":58,"column":4}},"line":22},"2":{"name":"handleSignIn","decl":{"start":{"line":60,"column":23},"end":{"line":88,"column":4}},"loc":{"start":{"line":60,"column":23},"end":{"line":88,"column":4}},"line":60},"3":{"name":"handleResetPassword","decl":{"start":{"line":90,"column":30},"end":{"line":122,"column":4}},"loc":{"start":{"line":90,"column":30},"end":{"line":122,"column":4}},"line":90},"4":{"name":"onChange","decl":{"start":{"line":150,"column":32},"end":{"line":150,"column":64}},"loc":{"start":{"line":150,"column":32},"end":{"line":150,"column":64}},"line":150},"5":{"name":"onChange","decl":{"start":{"line":161,"column":32},"end":{"line":161,"column":67}},"loc":{"start":{"line":161,"column":32},"end":{"line":161,"column":67}},"line":161},"6":{"name":"onClick","decl":{"start":{"line":173,"column":31},"end":{"line":173,"column":60}},"loc":{"start":{"line":173,"column":31},"end":{"line":173,"column":60}},"line":173},"7":{"name":"onChange","decl":{"start":{"line":188,"column":32},"end":{"line":188,"column":69}},"loc":{"start":{"line":188,"column":32},"end":{"line":188,"column":69}},"line":188},"8":{"name":"onClick","decl":{"start":{"line":200,"column":31},"end":{"line":203,"column":24}},"loc":{"start":{"line":200,"column":31},"end":{"line":203,"column":24}},"line":200},"9":{"name":"onChange","decl":{"start":{"line":221,"column":30},"end":{"line":221,"column":62}},"loc":{"start":{"line":221,"column":30},"end":{"line":221,"column":62}},"line":221},"10":{"name":"onChange","decl":{"start":{"line":232,"column":30},"end":{"line":232,"column":65}},"loc":{"start":{"line":232,"column":30},"end":{"line":232,"column":65}},"line":232}},"f":{"0":33,"1":1,"2":2,"3":2,"4":2,"5":2,"6":4,"7":2,"8":1,"9":1,"10":1}}
,"/home/eduardoferro/Dropbox/dev/promptscribe-mcp/src/components/auth/PasswordChangeForm.tsx": {"path":"/home/eduardoferro/Dropbox/dev/promptscribe-mcp/src/components/auth/PasswordChangeForm.tsx","all":false,"statementMap":{"0":{"start":{"line":1,"column":0},"end":{"line":1,"column":33}},"14":{"start":{"line":15,"column":0},"end":{"line":15,"column":102}},"15":{"start":{"line":16,"column":0},"end":{"line":16,"column":53}},"16":{"start":{"line":17,"column":0},"end":{"line":17,"column":61}},"17":{"start":{"line":18,"column":0},"end":{"line":18,"column":48}},"18":{"start":{"line":19,"column":0},"end":{"line":19,"column":31}},"20":{"start":{"line":21,"column":0},"end":{"line":21,"column":62}},"21":{"start":{"line":22,"column":0},"end":{"line":22,"column":23}},"23":{"start":{"line":24,"column":0},"end":{"line":24,"column":42}},"24":{"start":{"line":25,"column":0},"end":{"line":25,"column":13}},"25":{"start":{"line":26,"column":0},"end":{"line":26,"column":31}},"26":{"start":{"line":27,"column":0},"end":{"line":27,"column":35}},"27":{"start":{"line":28,"column":0},"end":{"line":28,"column":61}},"28":{"start":{"line":29,"column":0},"end":{"line":29,"column":9}},"29":{"start":{"line":30,"column":0},"end":{"line":30,"column":13}},"30":{"start":{"line":31,"column":0},"end":{"line":31,"column":5}},"32":{"start":{"line":33,"column":0},"end":{"line":33,"column":33}},"33":{"start":{"line":34,"column":0},"end":{"line":34,"column":13}},"34":{"start":{"line":35,"column":0},"end":{"line":35,"column":31}},"35":{"start":{"line":36,"column":0},"end":{"line":36,"column":36}},"36":{"start":{"line":37,"column":0},"end":{"line":37,"column":67}},"37":{"start":{"line":38,"column":0},"end":{"line":38,"column":9}},"38":{"start":{"line":39,"column":0},"end":{"line":39,"column":13}},"39":{"start":{"line":40,"column":0},"end":{"line":40,"column":5}},"41":{"start":{"line":42,"column":0},"end":{"line":42,"column":21}},"43":{"start":{"line":44,"column":0},"end":{"line":44,"column":9}},"44":{"start":{"line":45,"column":0},"end":{"line":45,"column":56}},"45":{"start":{"line":46,"column":0},"end":{"line":46,"column":29}},"46":{"start":{"line":47,"column":0},"end":{"line":47,"column":9}},"48":{"start":{"line":49,"column":0},"end":{"line":49,"column":18}},"49":{"start":{"line":50,"column":0},"end":{"line":50,"column":15}},"50":{"start":{"line":51,"column":0},"end":{"line":51,"column":33}},"51":{"start":{"line":52,"column":0},"end":{"line":52,"column":42}},"52":{"start":{"line":53,"column":0},"end":{"line":53,"column":36}},"53":{"start":{"line":54,"column":0},"end":{"line":54,"column":11}},"54":{"start":{"line":55,"column":0},"end":{"line":55,"column":14}},"55":{"start":{"line":56,"column":0},"end":{"line":56,"column":15}},"56":{"start":{"line":57,"column":0},"end":{"line":57,"column":36}},"57":{"start":{"line":58,"column":0},"end":{"line":58,"column":69}},"58":{"start":{"line":59,"column":0},"end":{"line":59,"column":11}},"59":{"start":{"line":60,"column":0},"end":{"line":60,"column":28}},"60":{"start":{"line":61,"column":0},"end":{"line":61,"column":7}},"61":{"start":{"line":62,"column":0},"end":{"line":62,"column":21}},"62":{"start":{"line":63,"column":0},"end":{"line":63,"column":13}},"63":{"start":{"line":64,"column":0},"end":{"line":64,"column":31}},"64":{"start":{"line":65,"column":0},"end":{"line":65,"column":23}},"65":{"start":{"line":66,"column":0},"end":{"line":66,"column":81}},"66":{"start":{"line":67,"column":0},"end":{"line":67,"column":9}},"67":{"start":{"line":68,"column":0},"end":{"line":68,"column":15}},"68":{"start":{"line":69,"column":0},"end":{"line":69,"column":24}},"69":{"start":{"line":70,"column":0},"end":{"line":70,"column":5}},"70":{"start":{"line":71,"column":0},"end":{"line":71,"column":4}},"72":{"start":{"line":73,"column":0},"end":{"line":73,"column":10}},"73":{"start":{"line":74,"column":0},"end":{"line":74,"column":71}},"74":{"start":{"line":75,"column":0},"end":{"line":75,"column":40}},"75":{"start":{"line":76,"column":0},"end":{"line":76,"column":44}},"76":{"start":{"line":77,"column":0},"end":{"line":77,"column":110}},"77":{"start":{"line":78,"column":0},"end":{"line":78,"column":53}},"78":{"start":{"line":79,"column":0},"end":{"line":79,"column":16}},"79":{"start":{"line":80,"column":0},"end":{"line":80,"column":74}},"80":{"start":{"line":81,"column":0},"end":{"line":81,"column":27}},"82":{"start":{"line":83,"column":0},"end":{"line":83,"column":28}},"83":{"start":{"line":84,"column":0},"end":{"line":84,"column":21}},"84":{"start":{"line":85,"column":0},"end":{"line":85,"column":21}},"85":{"start":{"line":86,"column":0},"end":{"line":86,"column":70}},"86":{"start":{"line":87,"column":0},"end":{"line":87,"column":39}},"87":{"start":{"line":88,"column":0},"end":{"line":88,"column":64}},"88":{"start":{"line":89,"column":0},"end":{"line":89,"column":20}},"89":{"start":{"line":90,"column":0},"end":{"line":90,"column":33}},"90":{"start":{"line":91,"column":0},"end":{"line":91,"column":31}},"91":{"start":{"line":92,"column":0},"end":{"line":92,"column":53}},"92":{"start":{"line":93,"column":0},"end":{"line":93,"column":35}},"93":{"start":{"line":94,"column":0},"end":{"line":94,"column":64}},"94":{"start":{"line":95,"column":0},"end":{"line":95,"column":24}},"95":{"start":{"line":96,"column":0},"end":{"line":96,"column":29}},"96":{"start":{"line":97,"column":0},"end":{"line":97,"column":16}},"97":{"start":{"line":98,"column":0},"end":{"line":98,"column":18}},"98":{"start":{"line":99,"column":0},"end":{"line":99,"column":39}},"99":{"start":{"line":100,"column":0},"end":{"line":100,"column":76}},"100":{"start":{"line":101,"column":0},"end":{"line":101,"column":20}},"101":{"start":{"line":102,"column":0},"end":{"line":102,"column":37}},"102":{"start":{"line":103,"column":0},"end":{"line":103,"column":31}},"103":{"start":{"line":104,"column":0},"end":{"line":104,"column":55}},"104":{"start":{"line":105,"column":0},"end":{"line":105,"column":39}},"105":{"start":{"line":106,"column":0},"end":{"line":106,"column":68}},"106":{"start":{"line":107,"column":0},"end":{"line":107,"column":24}},"107":{"start":{"line":108,"column":0},"end":{"line":108,"column":29}},"108":{"start":{"line":109,"column":0},"end":{"line":109,"column":16}},"109":{"start":{"line":110,"column":0},"end":{"line":110,"column":18}},"110":{"start":{"line":111,"column":0},"end":{"line":111,"column":40}},"111":{"start":{"line":112,"column":0},"end":{"line":112,"column":74}},"112":{"start":{"line":113,"column":0},"end":{"line":113,"column":70}},"113":{"start":{"line":114,"column":0},"end":{"line":114,"column":23}},"114":{"start":{"line":115,"column":0},"end":{"line":115,"column":22}},"115":{"start":{"line":116,"column":0},"end":{"line":116,"column":30}},"116":{"start":{"line":117,"column":0},"end":{"line":117,"column":34}},"117":{"start":{"line":118,"column":0},"end":{"line":118,"column":34}},"118":{"start":{"line":119,"column":0},"end":{"line":119,"column":34}},"119":{"start":{"line":120,"column":0},"end":{"line":120,"column":15}},"121":{"start":{"line":122,"column":0},"end":{"line":122,"column":23}},"122":{"start":{"line":123,"column":0},"end":{"line":123,"column":18}},"123":{"start":{"line":124,"column":0},"end":{"line":124,"column":17}},"124":{"start":{"line":125,"column":0},"end":{"line":125,"column":22}},"125":{"start":{"line":126,"column":0},"end":{"line":126,"column":13}},"126":{"start":{"line":127,"column":0},"end":{"line":127,"column":10}},"128":{"start":{"line":129,"column":0},"end":{"line":129,"column":1}}},"s":{"0":1,"14":35,"15":35,"16":35,"17":35,"18":35,"20":35,"21":8,"23":8,"24":1,"25":1,"26":1,"27":1,"28":1,"29":1,"30":1,"32":8,"33":2,"34":2,"35":2,"36":2,"37":2,"38":2,"39":2,"41":5,"43":5,"44":5,"45":5,"46":5,"48":8,"49":1,"50":1,"51":1,"52":1,"53":1,"54":1,"55":1,"56":1,"57":1,"58":1,"59":1,"60":1,"61":8,"62":2,"63":2,"64":2,"65":2,"66":2,"67":8,"68":4,"69":4,"70":8,"72":35,"73":35,"74":35,"75":35,"76":35,"77":35,"78":35,"79":35,"80":35,"82":35,"83":35,"84":35,"85":35,"86":35,"87":35,"88":35,"89":35,"90":35,"91":35,"92":35,"93":35,"94":35,"95":35,"96":35,"97":35,"98":35,"99":35,"100":35,"101":35,"102":35,"103":35,"104":35,"105":35,"106":35,"107":35,"108":35,"109":35,"110":35,"111":35,"112":35,"113":35,"114":35,"115":35,"116":35,"117":35,"118":35,"119":35,"121":35,"122":35,"123":35,"124":35,"125":35,"126":35,"128":35},"branchMap":{"0":{"type":"branch","line":15,"loc":{"start":{"line":15,"column":0},"end":{"line":129,"column":1}},"locations":[{"start":{"line":15,"column":0},"end":{"line":129,"column":1}}]},"1":{"type":"branch","line":113,"loc":{"start":{"line":113,"column":17},"end":{"line":113,"column":52}},"locations":[{"start":{"line":113,"column":17},"end":{"line":113,"column":52}}]},"2":{"type":"branch","line":113,"loc":{"start":{"line":113,"column":27},"end":{"line":113,"column":70}},"locations":[{"start":{"line":113,"column":27},"end":{"line":113,"column":70}}]},"3":{"type":"branch","line":21,"loc":{"start":{"line":21,"column":31},"end":{"line":71,"column":4}},"locations":[{"start":{"line":21,"column":31},"end":{"line":71,"column":4}}]},"4":{"type":"branch","line":24,"loc":{"start":{"line":24,"column":41},"end":{"line":31,"column":5}},"locations":[{"start":{"line":24,"column":41},"end":{"line":31,"column":5}}]},"5":{"type":"branch","line":31,"loc":{"start":{"line":31,"column":4},"end":{"line":33,"column":32}},"locations":[{"start":{"line":31,"column":4},"end":{"line":33,"column":32}}]},"6":{"type":"branch","line":33,"loc":{"start":{"line":33,"column":32},"end":{"line":40,"column":5}},"locations":[{"start":{"line":33,"column":32},"end":{"line":40,"column":5}}]},"7":{"type":"branch","line":40,"loc":{"start":{"line":40,"column":4},"end":{"line":47,"column":9}},"locations":[{"start":{"line":40,"column":4},"end":{"line":47,"column":9}}]},"8":{"type":"branch","line":47,"loc":{"start":{"line":47,"column":7},"end":{"line":49,"column":17}},"locations":[{"start":{"line":47,"column":7},"end":{"line":49,"column":17}}]},"9":{"type":"branch","line":49,"loc":{"start":{"line":49,"column":17},"end":{"line":61,"column":7}},"locations":[{"start":{"line":49,"column":17},"end":{"line":61,"column":7}}]},"10":{"type":"branch","line":62,"loc":{"start":{"line":62,"column":4},"end":{"line":68,"column":6}},"locations":[{"start":{"line":62,"column":4},"end":{"line":68,"column":6}}]},"11":{"type":"branch","line":68,"loc":{"start":{"line":68,"column":4},"end":{"line":70,"column":5}},"locations":[{"start":{"line":68,"column":4},"end":{"line":70,"column":5}}]},"12":{"type":"branch","line":94,"loc":{"start":{"line":94,"column":26},"end":{"line":94,"column":64}},"locations":[{"start":{"line":94,"column":26},"end":{"line":94,"column":64}}]},"13":{"type":"branch","line":106,"loc":{"start":{"line":106,"column":26},"end":{"line":106,"column":68}},"locations":[{"start":{"line":106,"column":26},"end":{"line":106,"column":68}}]}},"b":{"0":[35],"1":[5],"2":[30],"3":[8],"4":[1],"5":[7],"6":[2],"7":[5],"8":[3],"9":[1],"10":[2],"11":[4],"12":[8],"13":[8]},"fnMap":{"0":{"name":"PasswordChangeForm","decl":{"start":{"line":15,"column":0},"end":{"line":129,"column":1}},"loc":{"start":{"line":15,"column":0},"end":{"line":129,"column":1}},"line":15},"1":{"name":"handlePasswordChange","decl":{"start":{"line":21,"column":31},"end":{"line":71,"column":4}},"loc":{"start":{"line":21,"column":31},"end":{"line":71,"column":4}},"line":21},"2":{"name":"onChange","decl":{"start":{"line":94,"column":26},"end":{"line":94,"column":64}},"loc":{"start":{"line":94,"column":26},"end":{"line":94,"column":64}},"line":94},"3":{"name":"onChange","decl":{"start":{"line":106,"column":26},"end":{"line":106,"column":68}},"loc":{"start":{"line":106,"column":26},"end":{"line":106,"column":68}},"line":106}},"f":{"0":35,"1":8,"2":8,"3":8}}
,"/home/eduardoferro/Dropbox/dev/promptscribe-mcp/src/components/templates/TemplateCard.tsx": {"path":"/home/eduardoferro/Dropbox/dev/promptscribe-mcp/src/components/templates/TemplateCard.tsx","all":false,"statementMap":{"0":{"start":{"line":1,"column":0},"end":{"line":1,"column":97}},"25":{"start":{"line":26,"column":0},"end":{"line":26,"column":106}},"26":{"start":{"line":27,"column":0},"end":{"line":27,"column":46}},"27":{"start":{"line":28,"column":0},"end":{"line":28,"column":61}},"28":{"start":{"line":29,"column":0},"end":{"line":29,"column":22}},"29":{"start":{"line":30,"column":0},"end":{"line":30,"column":21}},"30":{"start":{"line":31,"column":0},"end":{"line":31,"column":20}},"31":{"start":{"line":32,"column":0},"end":{"line":32,"column":7}},"32":{"start":{"line":33,"column":0},"end":{"line":33,"column":4}},"34":{"start":{"line":35,"column":0},"end":{"line":35,"column":71}},"35":{"start":{"line":36,"column":0},"end":{"line":36,"column":69}},"37":{"start":{"line":38,"column":0},"end":{"line":38,"column":52}},"39":{"start":{"line":40,"column":0},"end":{"line":40,"column":112}},"40":{"start":{"line":41,"column":0},"end":{"line":41,"column":13}},"41":{"start":{"line":42,"column":0},"end":{"line":42,"column":5}},"42":{"start":{"line":43,"column":0},"end":{"line":43,"column":21}},"43":{"start":{"line":44,"column":0},"end":{"line":44,"column":4}},"45":{"start":{"line":46,"column":0},"end":{"line":46,"column":10}},"46":{"start":{"line":47,"column":0},"end":{"line":47,"column":111}},"47":{"start":{"line":48,"column":0},"end":{"line":48,"column":35}},"48":{"start":{"line":49,"column":0},"end":{"line":49,"column":58}},"49":{"start":{"line":50,"column":0},"end":{"line":50,"column":44}},"50":{"start":{"line":51,"column":0},"end":{"line":51,"column":83}},"51":{"start":{"line":52,"column":0},"end":{"line":52,"column":54}},"52":{"start":{"line":53,"column":0},"end":{"line":53,"column":65}},"53":{"start":{"line":54,"column":0},"end":{"line":54,"column":30}},"54":{"start":{"line":55,"column":0},"end":{"line":55,"column":16}},"56":{"start":{"line":57,"column":0},"end":{"line":57,"column":51}},"57":{"start":{"line":58,"column":0},"end":{"line":58,"column":94}},"58":{"start":{"line":59,"column":0},"end":{"line":59,"column":37}},"59":{"start":{"line":60,"column":0},"end":{"line":60,"column":18}},"60":{"start":{"line":61,"column":0},"end":{"line":61,"column":52}},"62":{"start":{"line":63,"column":0},"end":{"line":63,"column":19}},"64":{"start":{"line":65,"column":0},"end":{"line":65,"column":18}},"65":{"start":{"line":66,"column":0},"end":{"line":66,"column":51}},"67":{"start":{"line":68,"column":0},"end":{"line":68,"column":19}},"69":{"start":{"line":70,"column":0},"end":{"line":70,"column":20}},"71":{"start":{"line":72,"column":0},"end":{"line":72,"column":25}},"72":{"start":{"line":73,"column":0},"end":{"line":73,"column":28}},"73":{"start":{"line":74,"column":0},"end":{"line":74,"column":45}},"74":{"start":{"line":75,"column":0},"end":{"line":75,"column":76}},"75":{"start":{"line":76,"column":0},"end":{"line":76,"column":58}},"76":{"start":{"line":77,"column":0},"end":{"line":77,"column":27}},"77":{"start":{"line":78,"column":0},"end":{"line":78,"column":38}},"78":{"start":{"line":79,"column":0},"end":{"line":79,"column":49}},"79":{"start":{"line":80,"column":0},"end":{"line":80,"column":69}},"80":{"start":{"line":81,"column":0},"end":{"line":81,"column":52}},"82":{"start":{"line":83,"column":0},"end":{"line":83,"column":37}},"83":{"start":{"line":84,"column":0},"end":{"line":84,"column":30}},"84":{"start":{"line":85,"column":0},"end":{"line":85,"column":71}},"85":{"start":{"line":86,"column":0},"end":{"line":86,"column":55}},"87":{"start":{"line":88,"column":0},"end":{"line":88,"column":39}},"89":{"start":{"line":90,"column":0},"end":{"line":90,"column":32}},"90":{"start":{"line":91,"column":0},"end":{"line":91,"column":102}},"91":{"start":{"line":92,"column":0},"end":{"line":92,"column":57}},"93":{"start":{"line":94,"column":0},"end":{"line":94,"column":39}},"95":{"start":{"line":96,"column":0},"end":{"line":96,"column":38}},"96":{"start":{"line":97,"column":0},"end":{"line":97,"column":29}},"98":{"start":{"line":99,"column":0},"end":{"line":99,"column":16}},"99":{"start":{"line":100,"column":0},"end":{"line":100,"column":14}},"100":{"start":{"line":101,"column":0},"end":{"line":101,"column":19}},"102":{"start":{"line":103,"column":0},"end":{"line":103,"column":36}},"103":{"start":{"line":104,"column":0},"end":{"line":104,"column":89}},"104":{"start":{"line":105,"column":0},"end":{"line":105,"column":38}},"105":{"start":{"line":106,"column":0},"end":{"line":106,"column":45}},"106":{"start":{"line":107,"column":0},"end":{"line":107,"column":48}},"107":{"start":{"line":108,"column":0},"end":{"line":108,"column":16}},"108":{"start":{"line":109,"column":0},"end":{"line":109,"column":56}},"109":{"start":{"line":110,"column":0},"end":{"line":110,"column":14}},"111":{"start":{"line":112,"column":0},"end":{"line":112,"column":16}},"112":{"start":{"line":113,"column":0},"end":{"line":113,"column":28}},"113":{"start":{"line":114,"column":0},"end":{"line":114,"column":20}},"114":{"start":{"line":115,"column":0},"end":{"line":115,"column":33}},"115":{"start":{"line":116,"column":0},"end":{"line":116,"column":27}},"116":{"start":{"line":117,"column":0},"end":{"line":117,"column":54}},"117":{"start":{"line":118,"column":0},"end":{"line":118,"column":29}},"118":{"start":{"line":119,"column":0},"end":{"line":119,"column":12}},"120":{"start":{"line":121,"column":0},"end":{"line":121,"column":42}},"122":{"start":{"line":123,"column":0},"end":{"line":123,"column":17}},"123":{"start":{"line":124,"column":0},"end":{"line":124,"column":20}},"124":{"start":{"line":125,"column":0},"end":{"line":125,"column":11}},"126":{"start":{"line":127,"column":0},"end":{"line":127,"column":1}}},"s":{"0":1,"25":12,"26":12,"27":12,"28":12,"29":12,"30":12,"31":12,"32":12,"34":12,"35":12,"37":12,"39":2,"40":1,"41":1,"42":1,"43":2,"45":12,"46":12,"47":12,"48":12,"49":12,"50":12,"51":12,"52":12,"53":12,"54":12,"56":12,"57":12,"58":12,"59":11,"60":11,"62":11,"64":1,"65":1,"67":1,"69":12,"71":12,"72":11,"73":11,"74":11,"75":11,"76":11,"77":11,"78":11,"79":11,"80":11,"82":11,"83":11,"84":2,"85":2,"87":2,"89":11,"90":1,"91":1,"93":1,"95":11,"96":11,"98":12,"99":12,"100":12,"102":12,"103":12,"104":12,"105":12,"106":12,"107":12,"108":12,"109":12,"111":12,"112":12,"113":12,"114":12,"115":12,"116":2,"117":2,"118":2,"120":12,"122":12,"123":12,"124":12,"126":12},"branchMap":{"0":{"type":"branch","line":26,"loc":{"start":{"line":26,"column":0},"end":{"line":127,"column":1}},"locations":[{"start":{"line":26,"column":0},"end":{"line":127,"column":1}}]},"1":{"type":"branch","line":35,"loc":{"start":{"line":35,"column":33},"end":{"line":35,"column":69}},"locations":[{"start":{"line":35,"column":33},"end":{"line":35,"column":69}}]},"2":{"type":"branch","line":35,"loc":{"start":{"line":35,"column":59},"end":{"line":35,"column":71}},"locations":[{"start":{"line":35,"column":59},"end":{"line":35,"column":71}}]},"3":{"type":"branch","line":36,"loc":{"start":{"line":36,"column":32},"end":{"line":36,"column":67}},"locations":[{"start":{"line":36,"column":32},"end":{"line":36,"column":67}}]},"4":{"type":"branch","line":36,"loc":{"start":{"line":36,"column":57},"end":{"line":36,"column":69}},"locations":[{"start":{"line":36,"column":57},"end":{"line":36,"column":69}}]},"5":{"type":"branch","line":53,"loc":{"start":{"line":53,"column":24},"end":{"line":53,"column":65}},"locations":[{"start":{"line":53,"column":24},"end":{"line":53,"column":65}}]},"6":{"type":"branch","line":58,"loc":{"start":{"line":58,"column":37},"end":{"line":58,"column":61}},"locations":[{"start":{"line":58,"column":37},"end":{"line":58,"column":61}}]},"7":{"type":"branch","line":58,"loc":{"start":{"line":58,"column":49},"end":{"line":58,"column":74}},"locations":[{"start":{"line":58,"column":49},"end":{"line":58,"column":74}}]},"8":{"type":"branch","line":59,"loc":{"start":{"line":59,"column":24},"end":{"line":63,"column":19}},"locations":[{"start":{"line":59,"column":24},"end":{"line":63,"column":19}}]},"9":{"type":"branch","line":63,"loc":{"start":{"line":63,"column":16},"end":{"line":68,"column":19}},"locations":[{"start":{"line":63,"column":16},"end":{"line":68,"column":19}}]},"10":{"type":"branch","line":72,"loc":{"start":{"line":72,"column":13},"end":{"line":97,"column":29}},"locations":[{"start":{"line":72,"column":13},"end":{"line":97,"column":29}}]},"11":{"type":"branch","line":84,"loc":{"start":{"line":84,"column":19},"end":{"line":88,"column":39}},"locations":[{"start":{"line":84,"column":19},"end":{"line":88,"column":39}}]},"12":{"type":"branch","line":90,"loc":{"start":{"line":90,"column":19},"end":{"line":94,"column":39}},"locations":[{"start":{"line":90,"column":19},"end":{"line":94,"column":39}}]},"13":{"type":"branch","line":27,"loc":{"start":{"line":27,"column":21},"end":{"line":33,"column":4}},"locations":[{"start":{"line":27,"column":21},"end":{"line":33,"column":4}}]},"14":{"type":"branch","line":38,"loc":{"start":{"line":38,"column":26},"end":{"line":44,"column":4}},"locations":[{"start":{"line":38,"column":26},"end":{"line":44,"column":4}}]},"15":{"type":"branch","line":40,"loc":{"start":{"line":40,"column":50},"end":{"line":40,"column":111}},"locations":[{"start":{"line":40,"column":50},"end":{"line":40,"column":111}}]},"16":{"type":"branch","line":40,"loc":{"start":{"line":40,"column":111},"end":{"line":43,"column":21}},"locations":[{"start":{"line":40,"column":111},"end":{"line":43,"column":21}}]},"17":{"type":"branch","line":116,"loc":{"start":{"line":116,"column":19},"end":{"line":119,"column":12}},"locations":[{"start":{"line":116,"column":19},"end":{"line":119,"column":12}}]}},"b":{"0":[12],"1":[11],"2":[1],"3":[11],"4":[1],"5":[1],"6":[11],"7":[1],"8":[11],"9":[1],"10":[11],"11":[2],"12":[1],"13":[12],"14":[2],"15":[1],"16":[1],"17":[2]},"fnMap":{"0":{"name":"TemplateCard","decl":{"start":{"line":26,"column":0},"end":{"line":127,"column":1}},"loc":{"start":{"line":26,"column":0},"end":{"line":127,"column":1}},"line":26},"1":{"name":"formatDate","decl":{"start":{"line":27,"column":21},"end":{"line":33,"column":4}},"loc":{"start":{"line":27,"column":21},"end":{"line":33,"column":4}},"line":27},"2":{"name":"handleCardClick","decl":{"start":{"line":38,"column":26},"end":{"line":44,"column":4}},"loc":{"start":{"line":38,"column":26},"end":{"line":44,"column":4}},"line":38},"3":{"name":"onClick","decl":{"start":{"line":80,"column":45},"end":{"line":80,"column":69}},"loc":{"start":{"line":80,"column":45},"end":{"line":80,"column":69}},"line":80},"4":{"name":"onClick","decl":{"start":{"line":85,"column":47},"end":{"line":85,"column":71}},"loc":{"start":{"line":85,"column":47},"end":{"line":85,"column":71}},"line":85},"5":{"name":"onClick","decl":{"start":{"line":91,"column":47},"end":{"line":91,"column":73}},"loc":{"start":{"line":91,"column":47},"end":{"line":91,"column":73}},"line":91},"6":{"name":"onClick","decl":{"start":{"line":116,"column":19},"end":{"line":119,"column":12}},"loc":{"start":{"line":116,"column":19},"end":{"line":119,"column":12}},"line":116}},"f":{"0":12,"1":12,"2":2,"3":0,"4":0,"5":0,"6":2}}
,"/home/eduardoferro/Dropbox/dev/promptscribe-mcp/src/components/templates/TemplateEditor.tsx": {"path":"/home/eduardoferro/Dropbox/dev/promptscribe-mcp/src/components/templates/TemplateEditor.tsx","all":false,"statementMap":{"0":{"start":{"line":1,"column":0},"end":{"line":1,"column":33}},"37":{"start":{"line":38,"column":0},"end":{"line":38,"column":93}},"38":{"start":{"line":39,"column":0},"end":{"line":39,"column":57}},"39":{"start":{"line":40,"column":0},"end":{"line":40,"column":78}},"40":{"start":{"line":41,"column":0},"end":{"line":41,"column":73}},"43":{"start":{"line":44,"column":0},"end":{"line":44,"column":53}},"44":{"start":{"line":45,"column":0},"end":{"line":45,"column":66}},"45":{"start":{"line":46,"column":0},"end":{"line":46,"column":32}},"46":{"start":{"line":47,"column":0},"end":{"line":47,"column":4}},"47":{"start":{"line":48,"column":0},"end":{"line":48,"column":62}},"48":{"start":{"line":49,"column":0},"end":{"line":49,"column":70}},"49":{"start":{"line":50,"column":0},"end":{"line":50,"column":4}},"51":{"start":{"line":52,"column":0},"end":{"line":52,"column":48}},"52":{"start":{"line":53,"column":0},"end":{"line":53,"column":31}},"54":{"start":{"line":55,"column":0},"end":{"line":55,"column":29}},"55":{"start":{"line":56,"column":0},"end":{"line":56,"column":82}},"56":{"start":{"line":57,"column":0},"end":{"line":57,"column":4}},"58":{"start":{"line":59,"column":0},"end":{"line":59,"column":45}},"59":{"start":{"line":60,"column":0},"end":{"line":60,"column":59}},"60":{"start":{"line":61,"column":0},"end":{"line":61,"column":4}},"62":{"start":{"line":63,"column":0},"end":{"line":63,"column":101}},"63":{"start":{"line":64,"column":0},"end":{"line":64,"column":36}},"64":{"start":{"line":65,"column":0},"end":{"line":65,"column":59}},"65":{"start":{"line":66,"column":0},"end":{"line":66,"column":26}},"66":{"start":{"line":67,"column":0},"end":{"line":67,"column":4}},"68":{"start":{"line":69,"column":0},"end":{"line":69,"column":28}},"69":{"start":{"line":70,"column":0},"end":{"line":70,"column":62}},"70":{"start":{"line":71,"column":0},"end":{"line":71,"column":4}},"72":{"start":{"line":73,"column":0},"end":{"line":73,"column":44}},"73":{"start":{"line":74,"column":0},"end":{"line":74,"column":56}},"74":{"start":{"line":75,"column":0},"end":{"line":75,"column":4}},"76":{"start":{"line":77,"column":0},"end":{"line":77,"column":89}},"77":{"start":{"line":78,"column":0},"end":{"line":78,"column":34}},"78":{"start":{"line":79,"column":0},"end":{"line":79,"column":59}},"79":{"start":{"line":80,"column":0},"end":{"line":80,"column":25}},"80":{"start":{"line":81,"column":0},"end":{"line":81,"column":4}},"82":{"start":{"line":83,"column":0},"end":{"line":83,"column":34}},"83":{"start":{"line":84,"column":0},"end":{"line":84,"column":23}},"84":{"start":{"line":85,"column":0},"end":{"line":85,"column":13}},"85":{"start":{"line":86,"column":0},"end":{"line":86,"column":31}},"86":{"start":{"line":87,"column":0},"end":{"line":87,"column":34}},"87":{"start":{"line":88,"column":0},"end":{"line":88,"column":48}},"88":{"start":{"line":89,"column":0},"end":{"line":89,"column":9}},"89":{"start":{"line":90,"column":0},"end":{"line":90,"column":13}},"90":{"start":{"line":91,"column":0},"end":{"line":91,"column":5}},"92":{"start":{"line":93,"column":0},"end":{"line":93,"column":32}},"93":{"start":{"line":94,"column":0},"end":{"line":94,"column":13}},"94":{"start":{"line":95,"column":0},"end":{"line":95,"column":31}},"95":{"start":{"line":96,"column":0},"end":{"line":96,"column":34}},"96":{"start":{"line":97,"column":0},"end":{"line":97,"column":55}},"97":{"start":{"line":98,"column":0},"end":{"line":98,"column":9}},"98":{"start":{"line":99,"column":0},"end":{"line":99,"column":13}},"99":{"start":{"line":100,"column":0},"end":{"line":100,"column":5}},"101":{"start":{"line":102,"column":0},"end":{"line":102,"column":21}},"103":{"start":{"line":104,"column":0},"end":{"line":104,"column":9}},"104":{"start":{"line":105,"column":0},"end":{"line":105,"column":63}},"105":{"start":{"line":106,"column":0},"end":{"line":106,"column":18}},"106":{"start":{"line":107,"column":0},"end":{"line":107,"column":15}},"107":{"start":{"line":108,"column":0},"end":{"line":108,"column":33}},"108":{"start":{"line":109,"column":0},"end":{"line":109,"column":40}},"109":{"start":{"line":110,"column":0},"end":{"line":110,"column":64}},"110":{"start":{"line":111,"column":0},"end":{"line":111,"column":11}},"111":{"start":{"line":112,"column":0},"end":{"line":112,"column":15}},"112":{"start":{"line":113,"column":0},"end":{"line":113,"column":7}},"115":{"start":{"line":116,"column":0},"end":{"line":116,"column":28}},"116":{"start":{"line":117,"column":0},"end":{"line":117,"column":26}},"117":{"start":{"line":118,"column":0},"end":{"line":118,"column":46}},"118":{"start":{"line":119,"column":0},"end":{"line":119,"column":30}},"119":{"start":{"line":120,"column":0},"end":{"line":120,"column":26}},"120":{"start":{"line":121,"column":0},"end":{"line":121,"column":8}},"122":{"start":{"line":123,"column":0},"end":{"line":123,"column":31}},"123":{"start":{"line":124,"column":0},"end":{"line":124,"column":26}},"124":{"start":{"line":125,"column":0},"end":{"line":125,"column":48}},"125":{"start":{"line":126,"column":0},"end":{"line":126,"column":43}},"126":{"start":{"line":127,"column":0},"end":{"line":127,"column":28}},"127":{"start":{"line":128,"column":0},"end":{"line":128,"column":24}},"128":{"start":{"line":129,"column":0},"end":{"line":129,"column":8}},"130":{"start":{"line":131,"column":0},"end":{"line":131,"column":16}},"131":{"start":{"line":132,"column":0},"end":{"line":132,"column":25}},"133":{"start":{"line":134,"column":0},"end":{"line":134,"column":53}},"134":{"start":{"line":135,"column":0},"end":{"line":135,"column":35}},"135":{"start":{"line":136,"column":0},"end":{"line":136,"column":34}},"136":{"start":{"line":137,"column":0},"end":{"line":137,"column":33}},"137":{"start":{"line":138,"column":0},"end":{"line":138,"column":28}},"138":{"start":{"line":139,"column":0},"end":{"line":139,"column":14}},"140":{"start":{"line":141,"column":0},"end":{"line":141,"column":53}},"141":{"start":{"line":142,"column":0},"end":{"line":142,"column":35}},"142":{"start":{"line":143,"column":0},"end":{"line":143,"column":37}},"143":{"start":{"line":144,"column":0},"end":{"line":144,"column":28}},"144":{"start":{"line":145,"column":0},"end":{"line":145,"column":7}},"146":{"start":{"line":147,"column":0},"end":{"line":147,"column":18}},"147":{"start":{"line":148,"column":0},"end":{"line":148,"column":15}},"148":{"start":{"line":149,"column":0},"end":{"line":149,"column":33}},"149":{"start":{"line":150,"column":0},"end":{"line":150,"column":31}},"150":{"start":{"line":151,"column":0},"end":{"line":151,"column":36}},"151":{"start":{"line":152,"column":0},"end":{"line":152,"column":11}},"152":{"start":{"line":153,"column":0},"end":{"line":153,"column":14}},"153":{"start":{"line":154,"column":0},"end":{"line":154,"column":15}},"154":{"start":{"line":155,"column":0},"end":{"line":155,"column":27}},"155":{"start":{"line":156,"column":0},"end":{"line":156,"column":103}},"156":{"start":{"line":157,"column":0},"end":{"line":157,"column":11}},"157":{"start":{"line":158,"column":0},"end":{"line":158,"column":17}},"158":{"start":{"line":159,"column":0},"end":{"line":159,"column":7}},"159":{"start":{"line":160,"column":0},"end":{"line":160,"column":21}},"160":{"start":{"line":161,"column":0},"end":{"line":161,"column":13}},"161":{"start":{"line":162,"column":0},"end":{"line":162,"column":31}},"162":{"start":{"line":163,"column":0},"end":{"line":163,"column":23}},"163":{"start":{"line":164,"column":0},"end":{"line":164,"column":51}},"164":{"start":{"line":165,"column":0},"end":{"line":165,"column":9}},"165":{"start":{"line":166,"column":0},"end":{"line":166,"column":15}},"166":{"start":{"line":167,"column":0},"end":{"line":167,"column":24}},"167":{"start":{"line":168,"column":0},"end":{"line":168,"column":5}},"168":{"start":{"line":169,"column":0},"end":{"line":169,"column":4}},"170":{"start":{"line":171,"column":0},"end":{"line":171,"column":10}},"171":{"start":{"line":172,"column":0},"end":{"line":172,"column":53}},"172":{"start":{"line":173,"column":0},"end":{"line":173,"column":47}},"173":{"start":{"line":174,"column":0},"end":{"line":174,"column":63}},"174":{"start":{"line":175,"column":0},"end":{"line":175,"column":48}},"176":{"start":{"line":177,"column":0},"end":{"line":177,"column":17}},"177":{"start":{"line":178,"column":0},"end":{"line":178,"column":43}},"178":{"start":{"line":179,"column":0},"end":{"line":179,"column":59}},"179":{"start":{"line":180,"column":0},"end":{"line":180,"column":13}},"180":{"start":{"line":181,"column":0},"end":{"line":181,"column":12}},"182":{"start":{"line":183,"column":0},"end":{"line":183,"column":33}},"184":{"start":{"line":185,"column":0},"end":{"line":185,"column":14}},"185":{"start":{"line":186,"column":0},"end":{"line":186,"column":22}},"186":{"start":{"line":187,"column":0},"end":{"line":187,"column":51}},"187":{"start":{"line":188,"column":0},"end":{"line":188,"column":29}},"189":{"start":{"line":190,"column":0},"end":{"line":190,"column":30}},"190":{"start":{"line":191,"column":0},"end":{"line":191,"column":23}},"191":{"start":{"line":192,"column":0},"end":{"line":192,"column":45}},"192":{"start":{"line":193,"column":0},"end":{"line":193,"column":39}},"193":{"start":{"line":194,"column":0},"end":{"line":194,"column":50}},"194":{"start":{"line":195,"column":0},"end":{"line":195,"column":20}},"195":{"start":{"line":196,"column":0},"end":{"line":196,"column":25}},"196":{"start":{"line":197,"column":0},"end":{"line":197,"column":49}},"197":{"start":{"line":198,"column":0},"end":{"line":198,"column":28}},"198":{"start":{"line":199,"column":0},"end":{"line":199,"column":57}},"199":{"start":{"line":200,"column":0},"end":{"line":200,"column":16}},"200":{"start":{"line":201,"column":0},"end":{"line":201,"column":18}},"202":{"start":{"line":203,"column":0},"end":{"line":203,"column":39}},"203":{"start":{"line":204,"column":0},"end":{"line":204,"column":62}},"204":{"start":{"line":205,"column":0},"end":{"line":205,"column":23}},"205":{"start":{"line":206,"column":0},"end":{"line":206,"column":32}},"206":{"start":{"line":207,"column":0},"end":{"line":207,"column":62}},"207":{"start":{"line":208,"column":0},"end":{"line":208,"column":35}},"208":{"start":{"line":209,"column":0},"end":{"line":209,"column":64}},"209":{"start":{"line":210,"column":0},"end":{"line":210,"column":24}},"210":{"start":{"line":211,"column":0},"end":{"line":211,"column":16}},"211":{"start":{"line":212,"column":0},"end":{"line":212,"column":18}},"213":{"start":{"line":214,"column":0},"end":{"line":214,"column":57}},"214":{"start":{"line":215,"column":0},"end":{"line":215,"column":21}},"215":{"start":{"line":216,"column":0},"end":{"line":216,"column":27}},"216":{"start":{"line":217,"column":0},"end":{"line":217,"column":34}},"217":{"start":{"line":218,"column":0},"end":{"line":218,"column":45}},"218":{"start":{"line":219,"column":0},"end":{"line":219,"column":16}},"219":{"start":{"line":220,"column":0},"end":{"line":220,"column":71}},"220":{"start":{"line":221,"column":0},"end":{"line":221,"column":18}},"221":{"start":{"line":222,"column":0},"end":{"line":222,"column":24}},"222":{"start":{"line":223,"column":0},"end":{"line":223,"column":15}},"225":{"start":{"line":226,"column":0},"end":{"line":226,"column":14}},"226":{"start":{"line":227,"column":0},"end":{"line":227,"column":22}},"227":{"start":{"line":228,"column":0},"end":{"line":228,"column":63}},"228":{"start":{"line":229,"column":0},"end":{"line":229,"column":19}},"229":{"start":{"line":230,"column":0},"end":{"line":230,"column":48}},"230":{"start":{"line":231,"column":0},"end":{"line":231,"column":33}},"232":{"start":{"line":233,"column":0},"end":{"line":233,"column":34}},"233":{"start":{"line":234,"column":0},"end":{"line":234,"column":20}},"234":{"start":{"line":235,"column":0},"end":{"line":235,"column":54}},"235":{"start":{"line":236,"column":0},"end":{"line":236,"column":49}},"237":{"start":{"line":238,"column":0},"end":{"line":238,"column":23}},"238":{"start":{"line":239,"column":0},"end":{"line":239,"column":18}},"239":{"start":{"line":240,"column":0},"end":{"line":240,"column":23}},"240":{"start":{"line":241,"column":0},"end":{"line":241,"column":45}},"241":{"start":{"line":242,"column":0},"end":{"line":242,"column":40}},"242":{"start":{"line":243,"column":0},"end":{"line":243,"column":68}},"243":{"start":{"line":244,"column":0},"end":{"line":244,"column":137}},"244":{"start":{"line":245,"column":0},"end":{"line":245,"column":18}},"246":{"start":{"line":247,"column":0},"end":{"line":247,"column":46}},"247":{"start":{"line":248,"column":0},"end":{"line":248,"column":105}},"248":{"start":{"line":249,"column":0},"end":{"line":249,"column":45}},"249":{"start":{"line":250,"column":0},"end":{"line":250,"column":41}},"250":{"start":{"line":251,"column":0},"end":{"line":251,"column":26}},"251":{"start":{"line":252,"column":0},"end":{"line":252,"column":60}},"252":{"start":{"line":253,"column":0},"end":{"line":253,"column":38}},"253":{"start":{"line":254,"column":0},"end":{"line":254,"column":85}},"254":{"start":{"line":255,"column":0},"end":{"line":255,"column":22}},"255":{"start":{"line":256,"column":0},"end":{"line":256,"column":24}},"256":{"start":{"line":257,"column":0},"end":{"line":257,"column":45}},"257":{"start":{"line":258,"column":0},"end":{"line":258,"column":46}},"258":{"start":{"line":259,"column":0},"end":{"line":259,"column":26}},"259":{"start":{"line":260,"column":0},"end":{"line":260,"column":58}},"260":{"start":{"line":261,"column":0},"end":{"line":261,"column":45}},"261":{"start":{"line":262,"column":0},"end":{"line":262,"column":92}},"262":{"start":{"line":263,"column":0},"end":{"line":263,"column":22}},"263":{"start":{"line":264,"column":0},"end":{"line":264,"column":24}},"264":{"start":{"line":265,"column":0},"end":{"line":265,"column":83}},"265":{"start":{"line":266,"column":0},"end":{"line":266,"column":65}},"266":{"start":{"line":267,"column":0},"end":{"line":267,"column":29}},"267":{"start":{"line":268,"column":0},"end":{"line":268,"column":46}},"268":{"start":{"line":269,"column":0},"end":{"line":269,"column":97}},"269":{"start":{"line":270,"column":0},"end":{"line":270,"column":24}},"270":{"start":{"line":271,"column":0},"end":{"line":271,"column":45}},"271":{"start":{"line":272,"column":0},"end":{"line":272,"column":26}},"272":{"start":{"line":273,"column":0},"end":{"line":273,"column":94}},"273":{"start":{"line":274,"column":0},"end":{"line":274,"column":52}},"274":{"start":{"line":275,"column":0},"end":{"line":275,"column":29}},"275":{"start":{"line":276,"column":0},"end":{"line":276,"column":24}},"276":{"start":{"line":277,"column":0},"end":{"line":277,"column":22}},"277":{"start":{"line":278,"column":0},"end":{"line":278,"column":16}},"279":{"start":{"line":280,"column":0},"end":{"line":280,"column":24}},"280":{"start":{"line":281,"column":0},"end":{"line":281,"column":15}},"283":{"start":{"line":284,"column":0},"end":{"line":284,"column":14}},"284":{"start":{"line":285,"column":0},"end":{"line":285,"column":22}},"285":{"start":{"line":286,"column":0},"end":{"line":286,"column":63}},"286":{"start":{"line":287,"column":0},"end":{"line":287,"column":19}},"287":{"start":{"line":288,"column":0},"end":{"line":288,"column":47}},"288":{"start":{"line":289,"column":0},"end":{"line":289,"column":33}},"290":{"start":{"line":291,"column":0},"end":{"line":291,"column":34}},"291":{"start":{"line":292,"column":0},"end":{"line":292,"column":20}},"292":{"start":{"line":293,"column":0},"end":{"line":293,"column":53}},"293":{"start":{"line":294,"column":0},"end":{"line":294,"column":49}},"295":{"start":{"line":296,"column":0},"end":{"line":296,"column":23}},"296":{"start":{"line":297,"column":0},"end":{"line":297,"column":18}},"297":{"start":{"line":298,"column":0},"end":{"line":298,"column":23}},"298":{"start":{"line":299,"column":0},"e
[...]
anch","line":130,"loc":{"start":{"line":130,"column":66},"end":{"line":131,"column":100}},"locations":[{"start":{"line":130,"column":66},"end":{"line":131,"column":100}}]},"42":{"type":"branch","line":134,"loc":{"start":{"line":134,"column":57},"end":{"line":136,"column":100}},"locations":[{"start":{"line":134,"column":57},"end":{"line":136,"column":100}}]},"43":{"type":"branch","line":135,"loc":{"start":{"line":135,"column":66},"end":{"line":136,"column":100}},"locations":[{"start":{"line":135,"column":66},"end":{"line":136,"column":100}}]},"44":{"type":"branch","line":194,"loc":{"start":{"line":194,"column":24},"end":{"line":194,"column":62}},"locations":[{"start":{"line":194,"column":24},"end":{"line":194,"column":62}}]},"45":{"type":"branch","line":214,"loc":{"start":{"line":214,"column":35},"end":{"line":215,"column":84}},"locations":[{"start":{"line":214,"column":35},"end":{"line":215,"column":84}}]},"46":{"type":"branch","line":220,"loc":{"start":{"line":220,"column":41},"end":{"line":228,"column":20}},"locations":[{"start":{"line":220,"column":41},"end":{"line":228,"column":20}}]},"47":{"type":"branch","line":247,"loc":{"start":{"line":247,"column":35},"end":{"line":248,"column":84}},"locations":[{"start":{"line":247,"column":35},"end":{"line":248,"column":84}}]},"48":{"type":"branch","line":253,"loc":{"start":{"line":253,"column":45},"end":{"line":261,"column":20}},"locations":[{"start":{"line":253,"column":45},"end":{"line":261,"column":20}}]},"49":{"type":"branch","line":258,"loc":{"start":{"line":258,"column":59},"end":{"line":258,"column":82}},"locations":[{"start":{"line":258,"column":59},"end":{"line":258,"column":82}}]},"50":{"type":"branch","line":259,"loc":{"start":{"line":259,"column":61},"end":{"line":259,"column":86}},"locations":[{"start":{"line":259,"column":61},"end":{"line":259,"column":86}}]}},"b":{"0":[49],"1":[9],"2":[7],"3":[39],"4":[2],"5":[2],"6":[37],"7":[18],"8":[19],"9":[16],"10":[3],"11":[1],"12":[2],"13":[18],"14":[19],"15":[16],"16":[3],"17":[1],"18":[2],"19":[15],"20":[17],"21":[16],"22":[0],"23":[16],"24":[0],"25":[16],"26":[0],"27":[0],"28":[1],"29":[3],"30":[1],"31":[1],"32":[3],"33":[1],"34":[2],"35":[1],"36":[0],"37":[1],"38":[1],"39":[1],"40":[23],"41":[1],"42":[23],"43":[1],"44":[1],"45":[108],"46":[16],"47":[108],"48":[16],"49":[0],"50":[0]},"fnMap":{"0":{"name":"Dashboard","decl":{"start":{"line":31,"column":0},"end":{"line":276,"column":1}},"loc":{"start":{"line":31,"column":0},"end":{"line":276,"column":1}},"line":31},"1":{"name":"fetchTemplates","decl":{"start":{"line":44,"column":25},"end":{"line":76,"column":4}},"loc":{"start":{"line":44,"column":25},"end":{"line":76,"column":4}},"line":44},"2":{"name":"handleCreateNew","decl":{"start":{"line":78,"column":26},"end":{"line":81,"column":4}},"loc":{"start":{"line":78,"column":26},"end":{"line":81,"column":4}},"line":78},"3":{"name":"handleEdit","decl":{"start":{"line":83,"column":21},"end":{"line":86,"column":4}},"loc":{"start":{"line":83,"column":21},"end":{"line":86,"column":4}},"line":83},"4":{"name":"handleView","decl":{"start":{"line":88,"column":21},"end":{"line":91,"column":4}},"loc":{"start":{"line":88,"column":21},"end":{"line":91,"column":4}},"line":88},"5":{"name":"handleDelete","decl":{"start":{"line":93,"column":23},"end":{"line":117,"column":4}},"loc":{"start":{"line":93,"column":23},"end":{"line":117,"column":4}},"line":93},"6":{"name":"handleSave","decl":{"start":{"line":119,"column":21},"end":{"line":122,"column":4}},"loc":{"start":{"line":119,"column":21},"end":{"line":122,"column":4}},"line":119},"7":{"name":"handleCancel","decl":{"start":{"line":124,"column":23},"end":{"line":127,"column":4}},"loc":{"start":{"line":124,"column":23},"end":{"line":127,"column":4}},"line":124},"8":{"name":"onChange","decl":{"start":{"line":194,"column":24},"end":{"line":194,"column":62}},"loc":{"start":{"line":194,"column":24},"end":{"line":194,"column":62}},"line":194}},"f":{"0":49,"1":17,"2":3,"3":1,"4":1,"5":3,"6":1,"7":1,"8":1}}
,"/home/eduardoferro/Dropbox/dev/promptscribe-mcp/src/pages/Index.tsx": {"path":"/home/eduardoferro/Dropbox/dev/promptscribe-mcp/src/pages/Index.tsx","all":false,"statementMap":{"0":{"start":{"line":1,"column":0},"end":{"line":1,"column":44}},"2":{"start":{"line":3,"column":0},"end":{"line":3,"column":58}},"3":{"start":{"line":4,"column":0},"end":{"line":4,"column":50}},"4":{"start":{"line":5,"column":0},"end":{"line":5,"column":42}},"5":{"start":{"line":6,"column":0},"end":{"line":6,"column":70}},"7":{"start":{"line":8,"column":0},"end":{"line":8,"column":21}},"8":{"start":{"line":9,"column":0},"end":{"line":9,"column":54}},"9":{"start":{"line":10,"column":0},"end":{"line":10,"column":63}},"10":{"start":{"line":11,"column":0},"end":{"line":11,"column":47}},"11":{"start":{"line":12,"column":0},"end":{"line":12,"column":70}},"13":{"start":{"line":14,"column":0},"end":{"line":14,"column":19}},"14":{"start":{"line":15,"column":0},"end":{"line":15,"column":25}},"16":{"start":{"line":17,"column":0},"end":{"line":17,"column":40}},"17":{"start":{"line":18,"column":0},"end":{"line":18,"column":11}},"19":{"start":{"line":20,"column":0},"end":{"line":20,"column":78}},"21":{"start":{"line":22,"column":0},"end":{"line":22,"column":31}},"23":{"start":{"line":24,"column":0},"end":{"line":24,"column":24}},"24":{"start":{"line":25,"column":0},"end":{"line":25,"column":30}},"25":{"start":{"line":26,"column":0},"end":{"line":26,"column":41}},"26":{"start":{"line":27,"column":0},"end":{"line":27,"column":28}},"27":{"start":{"line":28,"column":0},"end":{"line":28,"column":9}},"28":{"start":{"line":29,"column":0},"end":{"line":29,"column":23}},"29":{"start":{"line":30,"column":0},"end":{"line":30,"column":59}},"30":{"start":{"line":31,"column":0},"end":{"line":31,"column":24}},"31":{"start":{"line":32,"column":0},"end":{"line":32,"column":28}},"32":{"start":{"line":33,"column":0},"end":{"line":33,"column":9}},"33":{"start":{"line":34,"column":0},"end":{"line":34,"column":7}},"34":{"start":{"line":35,"column":0},"end":{"line":35,"column":6}},"37":{"start":{"line":38,"column":0},"end":{"line":38,"column":66}},"38":{"start":{"line":39,"column":0},"end":{"line":39,"column":54}},"39":{"start":{"line":40,"column":0},"end":{"line":40,"column":56}},"40":{"start":{"line":41,"column":0},"end":{"line":41,"column":39}},"43":{"start":{"line":44,"column":0},"end":{"line":44,"column":61}},"44":{"start":{"line":45,"column":0},"end":{"line":45,"column":34}},"46":{"start":{"line":47,"column":0},"end":{"line":47,"column":80}},"47":{"start":{"line":48,"column":0},"end":{"line":48,"column":5}},"50":{"start":{"line":51,"column":0},"end":{"line":51,"column":71}},"51":{"start":{"line":52,"column":0},"end":{"line":52,"column":27}},"52":{"start":{"line":53,"column":0},"end":{"line":53,"column":24}},"53":{"start":{"line":54,"column":0},"end":{"line":54,"column":30}},"54":{"start":{"line":55,"column":0},"end":{"line":55,"column":41}},"55":{"start":{"line":56,"column":0},"end":{"line":56,"column":28}},"56":{"start":{"line":57,"column":0},"end":{"line":57,"column":9}},"59":{"start":{"line":60,"column":0},"end":{"line":60,"column":57}},"60":{"start":{"line":61,"column":0},"end":{"line":61,"column":38}},"61":{"start":{"line":62,"column":0},"end":{"line":62,"column":9}},"62":{"start":{"line":63,"column":0},"end":{"line":63,"column":7}},"63":{"start":{"line":64,"column":0},"end":{"line":64,"column":6}},"66":{"start":{"line":67,"column":0},"end":{"line":67,"column":21}},"68":{"start":{"line":69,"column":0},"end":{"line":69,"column":18}},"69":{"start":{"line":70,"column":0},"end":{"line":70,"column":24}},"70":{"start":{"line":71,"column":0},"end":{"line":71,"column":33}},"71":{"start":{"line":72,"column":0},"end":{"line":72,"column":6}},"72":{"start":{"line":73,"column":0},"end":{"line":73,"column":9}},"74":{"start":{"line":75,"column":0},"end":{"line":75,"column":35}},"76":{"start":{"line":77,"column":0},"end":{"line":77,"column":4}},"78":{"start":{"line":79,"column":0},"end":{"line":79,"column":37}},"79":{"start":{"line":80,"column":0},"end":{"line":80,"column":34}},"81":{"start":{"line":82,"column":0},"end":{"line":82,"column":4}},"83":{"start":{"line":84,"column":0},"end":{"line":84,"column":39}},"84":{"start":{"line":85,"column":0},"end":{"line":85,"column":33}},"86":{"start":{"line":87,"column":0},"end":{"line":87,"column":4}},"88":{"start":{"line":89,"column":0},"end":{"line":89,"column":44}},"89":{"start":{"line":90,"column":0},"end":{"line":90,"column":33}},"91":{"start":{"line":92,"column":0},"end":{"line":92,"column":28}},"92":{"start":{"line":93,"column":0},"end":{"line":93,"column":4}},"94":{"start":{"line":95,"column":0},"end":{"line":95,"column":16}},"95":{"start":{"line":96,"column":0},"end":{"line":96,"column":12}},"96":{"start":{"line":97,"column":0},"end":{"line":97,"column":83}},"97":{"start":{"line":98,"column":0},"end":{"line":98,"column":37}},"98":{"start":{"line":99,"column":0},"end":{"line":99,"column":125}},"99":{"start":{"line":100,"column":0},"end":{"line":100,"column":61}},"100":{"start":{"line":101,"column":0},"end":{"line":101,"column":14}},"101":{"start":{"line":102,"column":0},"end":{"line":102,"column":12}},"103":{"start":{"line":104,"column":0},"end":{"line":104,"column":3}},"105":{"start":{"line":106,"column":0},"end":{"line":106,"column":14}},"106":{"start":{"line":107,"column":0},"end":{"line":107,"column":58}},"107":{"start":{"line":108,"column":0},"end":{"line":108,"column":3}},"110":{"start":{"line":111,"column":0},"end":{"line":111,"column":27}},"111":{"start":{"line":112,"column":0},"end":{"line":112,"column":12}},"112":{"start":{"line":113,"column":0},"end":{"line":113,"column":26}},"113":{"start":{"line":114,"column":0},"end":{"line":114,"column":49}},"114":{"start":{"line":115,"column":0},"end":{"line":115,"column":45}},"115":{"start":{"line":116,"column":0},"end":{"line":116,"column":8}},"117":{"start":{"line":118,"column":0},"end":{"line":118,"column":3}},"119":{"start":{"line":120,"column":0},"end":{"line":120,"column":61}},"120":{"start":{"line":121,"column":0},"end":{"line":121,"column":2}},"122":{"start":{"line":123,"column":0},"end":{"line":123,"column":21}}},"s":{"0":1,"2":1,"3":1,"4":1,"5":1,"7":1,"8":40,"9":40,"10":40,"11":40,"13":40,"14":19,"16":19,"17":19,"19":19,"21":19,"23":19,"24":11,"25":11,"26":11,"27":11,"28":19,"29":2,"30":2,"31":2,"32":2,"33":2,"34":19,"37":19,"38":19,"39":19,"40":19,"43":19,"44":3,"46":3,"47":3,"50":19,"51":19,"52":5,"53":5,"54":5,"55":5,"56":5,"59":5,"60":1,"61":1,"62":5,"63":19,"66":19,"68":19,"69":19,"70":19,"71":19,"72":40,"74":40,"76":1,"78":40,"79":1,"81":1,"83":40,"84":1,"86":1,"88":40,"89":1,"91":1,"92":1,"94":40,"95":22,"96":22,"97":22,"98":22,"99":22,"100":22,"101":22,"103":22,"105":36,"106":6,"107":6,"110":36,"111":4,"112":4,"113":4,"114":4,"115":4,"117":4,"119":6,"120":6,"122":1},"branchMap":{"0":{"type":"branch","line":8,"loc":{"start":{"line":8,"column":14},"end":{"line":121,"column":2}},"locations":[{"start":{"line":8,"column":14},"end":{"line":121,"column":2}}]},"1":{"type":"branch","line":95,"loc":{"start":{"line":95,"column":15},"end":{"line":104,"column":3}},"locations":[{"start":{"line":95,"column":15},"end":{"line":104,"column":3}}]},"2":{"type":"branch","line":104,"loc":{"start":{"line":104,"column":2},"end":{"line":121,"column":2}},"locations":[{"start":{"line":104,"column":2},"end":{"line":121,"column":2}}]},"3":{"type":"branch","line":104,"loc":{"start":{"line":104,"column":2},"end":{"line":106,"column":13}},"locations":[{"start":{"line":104,"column":2},"end":{"line":106,"column":13}}]},"4":{"type":"branch","line":106,"loc":{"start":{"line":106,"column":13},"end":{"line":108,"column":3}},"locations":[{"start":{"line":106,"column":13},"end":{"line":108,"column":3}}]},"5":{"type":"branch","line":108,"loc":{"start":{"line":108,"column":2},"end":{"line":111,"column":26}},"locations":[{"start":{"line":108,"column":2},"end":{"line":111,"column":26}}]},"6":{"type":"branch","line":111,"loc":{"start":{"line":111,"column":26},"end":{"line":118,"column":3}},"locations":[{"start":{"line":111,"column":26},"end":{"line":118,"column":3}}]},"7":{"type":"branch","line":118,"loc":{"start":{"line":118,"column":2},"end":{"line":121,"column":2}},"locations":[{"start":{"line":118,"column":2},"end":{"line":121,"column":2}}]},"8":{"type":"branch","line":14,"loc":{"start":{"line":14,"column":12},"end":{"line":73,"column":5}},"locations":[{"start":{"line":14,"column":12},"end":{"line":73,"column":5}}]},"9":{"type":"branch","line":44,"loc":{"start":{"line":44,"column":8},"end":{"line":44,"column":39}},"locations":[{"start":{"line":44,"column":8},"end":{"line":44,"column":39}}]},"10":{"type":"branch","line":44,"loc":{"start":{"line":44,"column":23},"end":{"line":44,"column":60}},"locations":[{"start":{"line":44,"column":23},"end":{"line":44,"column":60}}]},"11":{"type":"branch","line":44,"loc":{"start":{"line":44,"column":60},"end":{"line":48,"column":5}},"locations":[{"start":{"line":44,"column":60},"end":{"line":48,"column":5}}]},"12":{"type":"branch","line":17,"loc":{"start":{"line":17,"column":27},"end":{"line":35,"column":6}},"locations":[{"start":{"line":17,"column":27},"end":{"line":35,"column":6}}]},"13":{"type":"branch","line":20,"loc":{"start":{"line":20,"column":76},"end":{"line":22,"column":25}},"locations":[{"start":{"line":20,"column":76},"end":{"line":22,"column":25}}]},"14":{"type":"branch","line":22,"loc":{"start":{"line":22,"column":19},"end":{"line":22,"column":31}},"locations":[{"start":{"line":22,"column":19},"end":{"line":22,"column":31}}]},"15":{"type":"branch","line":22,"loc":{"start":{"line":22,"column":25},"end":{"line":24,"column":23}},"locations":[{"start":{"line":22,"column":25},"end":{"line":24,"column":23}}]},"16":{"type":"branch","line":24,"loc":{"start":{"line":24,"column":23},"end":{"line":28,"column":9}},"locations":[{"start":{"line":24,"column":23},"end":{"line":28,"column":9}}]},"17":{"type":"branch","line":26,"loc":{"start":{"line":26,"column":18},"end":{"line":26,"column":35}},"locations":[{"start":{"line":26,"column":18},"end":{"line":26,"column":35}}]},"18":{"type":"branch","line":26,"loc":{"start":{"line":26,"column":27},"end":{"line":26,"column":39}},"locations":[{"start":{"line":26,"column":27},"end":{"line":26,"column":39}}]},"19":{"type":"branch","line":29,"loc":{"start":{"line":29,"column":6},"end":{"line":34,"column":7}},"locations":[{"start":{"line":29,"column":6},"end":{"line":34,"column":7}}]},"20":{"type":"branch","line":52,"loc":{"start":{"line":52,"column":6},"end":{"line":63,"column":7}},"locations":[{"start":{"line":52,"column":6},"end":{"line":63,"column":7}}]},"21":{"type":"branch","line":55,"loc":{"start":{"line":55,"column":18},"end":{"line":55,"column":35}},"locations":[{"start":{"line":55,"column":18},"end":{"line":55,"column":35}}]},"22":{"type":"branch","line":55,"loc":{"start":{"line":55,"column":27},"end":{"line":55,"column":39}},"locations":[{"start":{"line":55,"column":27},"end":{"line":55,"column":39}}]},"23":{"type":"branch","line":60,"loc":{"start":{"line":60,"column":22},"end":{"line":60,"column":56}},"locations":[{"start":{"line":60,"column":22},"end":{"line":60,"column":56}}]},"24":{"type":"branch","line":60,"loc":{"start":{"line":60,"column":56},"end":{"line":62,"column":9}},"locations":[{"start":{"line":60,"column":56},"end":{"line":62,"column":9}}]},"25":{"type":"branch","line":69,"loc":{"start":{"line":69,"column":11},"end":{"line":72,"column":6}},"locations":[{"start":{"line":69,"column":11},"end":{"line":72,"column":6}}]},"26":{"type":"branch","line":75,"loc":{"start":{"line":75,"column":28},"end":{"line":77,"column":4}},"locations":[{"start":{"line":75,"column":28},"end":{"line":77,"column":4}}]},"27":{"type":"branch","line":79,"loc":{"start":{"line":79,"column":24},"end":{"line":82,"column":4}},"locations":[{"start":{"line":79,"column":24},"end":{"line":82,"column":4}}]},"28":{"type":"branch","line":84,"loc":{"start":{"line":84,"column":32},"end":{"line":87,"column":4}},"locations":[{"start":{"line":84,"column":32},"end":{"line":87,"column":4}}]},"29":{"type":"branch","line":89,"loc":{"start":{"line":89,"column":37},"end":{"line":93,"column":4}},"locations":[{"start":{"line":89,"column":37},"end":{"line":93,"column":4}}]}},"b":{"0":[40],"1":[22],"2":[36],"3":[16],"4":[6],"5":[10],"6":[4],"7":[6],"8":[19],"9":[3],"10":[3],"11":[3],"12":[19],"13":[18],"14":[1],"15":[17],"16":[11],"17":[6],"18":[5],"19":[2],"20":[5],"21":[2],"22":[3],"23":[1],"24":[1],"25":[19],"26":[1],"27":[1],"28":[1],"29":[1]},"fnMap":{"0":{"name":"Index","decl":{"start":{"line":8,"column":14},"end":{"line":121,"column":2}},"loc":{"start":{"line":8,"column":14},"end":{"line":121,"column":2}},"line":8},"1":{"name":"initializeAuth","decl":{"start":{"line":17,"column":27},"end":{"line":35,"column":6}},"loc":{"start":{"line":17,"column":27},"end":{"line":35,"column":6}},"line":17},"2":{"name":"handleAuthSuccess","decl":{"start":{"line":75,"column":28},"end":{"line":77,"column":4}},"loc":{"start":{"line":75,"column":28},"end":{"line":77,"column":4}},"line":75},"3":{"name":"handleSignOut","decl":{"start":{"line":79,"column":24},"end":{"line":82,"column":4}},"loc":{"start":{"line":79,"column":24},"end":{"line":82,"column":4}},"line":79},"4":{"name":"handlePasswordChanged","decl":{"start":{"line":84,"column":32},"end":{"line":87,"column":4}},"loc":{"start":{"line":84,"column":32},"end":{"line":87,"column":4}},"line":84},"5":{"name":"handlePasswordChangeCancel","decl":{"start":{"line":89,"column":37},"end":{"line":93,"column":4}},"loc":{"start":{"line":89,"column":37},"end":{"line":93,"column":4}},"line":89}},"f":{"0":40,"1":19,"2":1,"3":1,"4":1,"5":1}}
,"/home/eduardoferro/Dropbox/dev/promptscribe-mcp/src/pages/NotFound.tsx": {"path":"/home/eduardoferro/Dropbox/dev/promptscribe-mcp/src/pages/NotFound.tsx","all":false,"statementMap":{"0":{"start":{"line":1,"column":0},"end":{"line":1,"column":47}},"1":{"start":{"line":2,"column":0},"end":{"line":2,"column":34}},"3":{"start":{"line":4,"column":0},"end":{"line":4,"column":24}},"4":{"start":{"line":5,"column":0},"end":{"line":5,"column":33}},"6":{"start":{"line":7,"column":0},"end":{"line":7,"column":19}},"7":{"start":{"line":8,"column":0},"end":{"line":8,"column":18}},"8":{"start":{"line":9,"column":0},"end":{"line":9,"column":64}},"9":{"start":{"line":10,"column":0},"end":{"line":10,"column":23}},"10":{"start":{"line":11,"column":0},"end":{"line":11,"column":6}},"11":{"start":{"line":12,"column":0},"end":{"line":12,"column":26}},"13":{"start":{"line":14,"column":0},"end":{"line":14,"column":10}},"14":{"start":{"line":15,"column":0},"end":{"line":15,"column":79}},"15":{"start":{"line":16,"column":0},"end":{"line":16,"column":35}},"16":{"start":{"line":17,"column":0},"end":{"line":17,"column":56}},"17":{"start":{"line":18,"column":0},"end":{"line":18,"column":74}},"18":{"start":{"line":19,"column":0},"end":{"line":19,"column":76}},"20":{"start":{"line":21,"column":0},"end":{"line":21,"column":12}},"21":{"start":{"line":22,"column":0},"end":{"line":22,"column":12}},"22":{"start":{"line":23,"column":0},"end":{"line":23,"column":10}},"24":{"start":{"line":25,"column":0},"end":{"line":25,"column":2}},"26":{"start":{"line":27,"column":0},"end":{"line":27,"column":24}}},"s":{"0":1,"1":1,"3":1,"4":9,"6":9,"7":8,"8":8,"9":8,"10":8,"11":9,"13":9,"14":9,"15":9,"16":9,"17":9,"18":9,"20":9,"21":9,"22":9,"24":9,"26":1},"branchMap":{"0":{"type":"branch","line":4,"loc":{"start":{"line":4,"column":17},"end":{"line":25,"column":2}},"locations":[{"start":{"line":4,"column":17},"end":{"line":25,"column":2}}]},"1":{"type":"branch","line":7,"loc":{"start":{"line":7,"column":12},"end":{"line":12,"column":5}},"locations":[{"start":{"line":7,"column":12},"end":{"line":12,"column":5}}]}},"b":{"0":[9],"1":[8]},"fnMap":{"0":{"name":"NotFound","decl":{"start":{"line":4,"column":17},"end":{"line":25,"column":2}},"loc":{"start":{"line":4,"column":17},"end":{"line":25,"column":2}},"line":4}},"f":{"0":9}}
}
