TN:
SF:postcss.config.js
FN:1,(empty-report)
FNF:1
FNH:0
FNDA:0,(empty-report)
DA:1,0
DA:2,0
DA:3,0
DA:4,0
DA:5,0
DA:6,0
LF:6
LH:0
BRDA:1,0,0,0
BRF:1
BRH:0
end_of_record
TN:
SF:tailwind.config.ts
FN:1,(empty-report)
FNF:1
FNH:0
FNDA:0,(empty-report)
DA:1,0
DA:2,0
DA:4,0
DA:5,0
DA:6,0
DA:7,0
DA:8,0
DA:9,0
DA:10,0
DA:11,0
DA:12,0
DA:13,0
DA:14,0
DA:15,0
DA:16,0
DA:17,0
DA:18,0
DA:19,0
DA:20,0
DA:21,0
DA:22,0
DA:23,0
DA:24,0
DA:25,0
DA:26,0
DA:27,0
DA:28,0
DA:29,0
DA:30,0
DA:31,0
DA:32,0
DA:33,0
DA:34,0
DA:35,0
DA:36,0
DA:37,0
DA:38,0
DA:39,0
DA:40,0
DA:41,0
DA:42,0
DA:43,0
DA:44,0
DA:45,0
DA:46,0
DA:47,0
DA:48,0
DA:49,0
DA:50,0
DA:51,0
DA:52,0
DA:53,0
DA:54,0
DA:55,0
DA:56,0
DA:57,0
DA:58,0
DA:59,0
DA:60,0
DA:61,0
DA:62,0
DA:63,0
DA:64,0
DA:65,0
DA:66,0
DA:67,0
DA:68,0
DA:69,0
DA:70,0
DA:71,0
DA:72,0
DA:73,0
DA:74,0
DA:75,0
DA:76,0
DA:77,0
DA:78,0
DA:79,0
DA:80,0
DA:81,0
DA:82,0
DA:83,0
DA:84,0
DA:85,0
DA:86,0
DA:87,0
DA:88,0
DA:89,0
DA:90,0
DA:91,0
DA:92,0
DA:93,0
DA:94,0
DA:95,0
DA:96,0
DA:97,0
DA:98,0
DA:99,0
DA:100,0
DA:101,0
LF:100
LH:0
BRDA:1,0,0,0
BRF:1
BRH:0
end_of_record
TN:
SF:src/App.tsx
FN:14,App
FNF:1
FNH:1
FNDA:3,App
DA:1,1
DA:2,1
DA:3,1
DA:4,1
DA:5,1
DA:6,1
DA:7,1
DA:9,1
DA:12,1
DA:14,1
DA:15,3
DA:16,3
DA:17,3
DA:18,3
DA:19,3
DA:20,3
DA:21,3
DA:23,3
DA:24,3
DA:25,3
DA:26,3
DA:27,3
DA:30,1
LF:23
LH:23
BRDA:12,0,0,0
BRDA:14,1,0,3
BRF:2
BRH:1
end_of_record
TN:
SF:src/main.tsx
FNF:0
FNH:0
DA:1,1
DA:2,1
DA:3,1
DA:4,1
DA:6,1
DA:7,1
DA:8,1
DA:9,1
DA:10,1
LF:9
LH:9
BRF:0
BRH:0
end_of_record
TN:
SF:src/api/supabaseApi.ts
FN:11,handleRequest
FNF:1
FNH:1
FNDA:5,handleRequest
DA:1,1
DA:11,5
DA:12,5
DA:13,5
DA:15,5
DA:16,5
DA:17,5
DA:18,5
DA:19,1
DA:20,1
DA:21,1
DA:22,5
DA:23,5
DA:24,0
DA:25,0
DA:26,0
DA:27,0
DA:28,0
DA:29,0
DA:30,0
DA:31,0
DA:32,0
DA:33,5
LF:23
LH:14
BRDA:11,0,0,5
BRDA:18,1,0,1
BRDA:22,2,0,1
BRDA:23,3,0,0
BRF:4
BRH:3
end_of_record
TN:
SF:src/components/ErrorBoundary.tsx
FN:18,ErrorBoundary
FN:23,getDerivedStateFromError
FN:27,componentDidCatch
FN:31,render
FN:41,onClick
FNF:5
FNH:4
FNDA:6,ErrorBoundary
FNDA:4,getDerivedStateFromError
FNDA:2,componentDidCatch
FNDA:9,render
FNDA:0,onClick
DA:1,1
DA:14,1
DA:17,1
DA:18,1
DA:19,6
DA:20,6
DA:21,6
DA:23,1
DA:24,4
DA:25,4
DA:27,1
DA:28,2
DA:29,2
DA:31,1
DA:32,9
DA:33,4
DA:34,4
DA:35,4
DA:36,4
DA:37,4
DA:38,4
DA:40,4
DA:41,4
DA:43,4
DA:44,4
DA:45,4
DA:47,4
DA:49,5
DA:50,9
DA:51,1
LF:30
LH:30
BRDA:18,0,0,6
BRDA:23,1,0,4
BRDA:27,2,0,2
BRDA:31,3,0,9
BRDA:32,4,0,4
BRDA:47,5,0,5
BRF:6
BRH:6
end_of_record
TN:
SF:src/components/Dashboard/DashboardHeader.tsx
FN:11,DashboardHeader
FNF:1
FNH:1
FNDA:48,DashboardHeader
DA:1,1
DA:11,1
DA:12,48
DA:13,48
DA:14,48
DA:15,48
DA:16,48
DA:17,48
DA:18,48
DA:19,48
DA:21,48
DA:22,48
DA:23,48
DA:25,48
DA:26,48
DA:27,48
DA:29,48
DA:30,48
DA:31,48
DA:32,48
DA:33,48
DA:35,48
LF:22
LH:22
BRDA:11,0,0,48
BRF:1
BRH:1
end_of_record
TN:
SF:src/components/Dashboard/TemplateGrid.tsx
FN:16,TemplateGrid
FN:49,LoadingGrid
FN:64,EmptyState
FN:69,onClick
FNF:4
FNH:3
FNDA:51,TemplateGrid
FNDA:19,LoadingGrid
FNDA:4,EmptyState
FNDA:0,onClick
DA:1,1
DA:16,1
DA:17,51
DA:18,51
DA:19,51
DA:20,51
DA:21,51
DA:22,51
DA:23,51
DA:24,51
DA:25,51
DA:26,19
DA:27,19
DA:29,51
DA:30,4
DA:31,4
DA:33,28
DA:34,28
DA:35,28
DA:36,29
DA:37,29
DA:38,29
DA:39,29
DA:40,29
DA:41,29
DA:42,29
DA:43,29
DA:44,28
DA:45,28
DA:47,28
DA:49,19
DA:50,19
DA:51,19
DA:52,19
DA:53,114
DA:54,19
DA:55,19
DA:57,19
DA:64,4
DA:65,4
DA:66,4
DA:67,4
DA:68,4
DA:69,2
DA:70,2
DA:72,2
DA:74,4
DA:76,4
LF:48
LH:48
BRDA:16,0,0,51
BRDA:25,1,0,19
BRDA:27,2,0,32
BRDA:29,3,0,4
BRDA:31,4,0,28
BRDA:35,5,0,29
BRDA:40,6,0,28
BRDA:40,7,0,1
BRDA:41,8,0,28
BRDA:41,9,0,1
BRDA:49,10,0,19
BRDA:52,11,0,114
BRDA:64,12,0,4
BRDA:68,13,0,2
BRF:14
BRH:14
end_of_record
TN:
SF:src/components/Dashboard/TemplateSearch.tsx
FN:9,TemplateSearch
FN:17,onChange
FNF:2
FNH:2
FNDA:42,TemplateSearch
FNDA:1,onChange
DA:1,1
DA:9,1
DA:10,42
DA:11,42
DA:12,42
DA:13,42
DA:14,42
DA:15,42
DA:16,42
DA:17,42
DA:18,42
DA:19,42
DA:20,42
DA:21,42
DA:23,42
LF:15
LH:15
BRDA:9,0,0,42
BRDA:17,1,0,1
BRF:2
BRH:2
end_of_record
TN:
SF:src/components/Dashboard/TemplateSuggestions.tsx
FN:11,TemplateSuggestions
FN:12,getRelatedTemplates
FN:53,onClick
FNF:3
FNH:3
FNDA:7,TemplateSuggestions
FNDA:7,getRelatedTemplates
FNDA:1,onClick
DA:1,1
DA:11,1
DA:12,7
DA:13,7
DA:15,6
DA:16,6
DA:17,6
DA:18,6
DA:19,7
DA:21,7
DA:23,7
DA:25,5
DA:26,5
DA:27,5
DA:28,5
DA:29,5
DA:30,9
DA:31,9
DA:32,9
DA:33,9
DA:34,9
DA:35,9
DA:36,9
DA:37,9
DA:38,19
DA:39,19
DA:40,19
DA:41,9
DA:42,9
DA:43,1
DA:44,1
DA:45,1
DA:47,9
DA:49,9
DA:50,9
DA:51,9
DA:52,9
DA:53,9
DA:54,9
DA:56,9
DA:57,9
DA:58,5
DA:59,5
DA:60,5
DA:62,5
LF:45
LH:45
BRDA:11,0,0,7
BRDA:23,1,0,2
BRDA:23,2,0,5
BRDA:12,3,0,7
BRDA:13,4,0,1
BRDA:13,5,0,6
BRDA:16,6,0,22
BRDA:17,7,0,16
BRDA:17,8,0,23
BRDA:29,9,0,9
BRDA:33,10,0,0
BRDA:42,11,0,1
BRDA:37,12,0,19
BRDA:53,13,0,1
BRF:14
BRH:13
end_of_record
TN:
SF:src/components/auth/AuthForm.tsx
FN:14,AuthForm
FN:22,handleSignUp
FN:54,handleSignIn
FN:81,handleResetPassword
FN:139,onChange
FN:150,onChange
FN:162,onClick
FN:177,onChange
FN:189,onClick
FN:210,onChange
FN:221,onChange
FNF:11
FNH:11
FNDA:36,AuthForm
FNDA:1,handleSignUp
FNDA:2,handleSignIn
FNDA:2,handleResetPassword
FNDA:2,onChange
FNDA:2,onChange
FNDA:4,onClick
FNDA:2,onChange
FNDA:1,onClick
FNDA:1,onChange
FNDA:1,onChange
DA:1,1
DA:14,36
DA:15,36
DA:16,36
DA:17,36
DA:18,36
DA:19,36
DA:20,36
DA:22,36
DA:23,1
DA:24,1
DA:26,1
DA:27,1
DA:29,1
DA:31,0
DA:32,0
DA:33,0
DA:34,0
DA:35,0
DA:36,0
DA:37,0
DA:38,0
DA:39,0
DA:40,0
DA:41,0
DA:42,0
DA:43,1
DA:44,1
DA:45,1
DA:46,1
DA:47,1
DA:48,1
DA:49,1
DA:50,1
DA:51,1
DA:52,1
DA:54,36
DA:55,2
DA:56,2
DA:58,2
DA:59,2
DA:61,2
DA:62,0
DA:63,0
DA:64,0
DA:65,0
DA:66,0
DA:67,2
DA:68,1
DA:69,1
DA:70,2
DA:71,1
DA:72,1
DA:73,1
DA:74,1
DA:75,1
DA:76,2
DA:77,2
DA:78,2
DA:79,2
DA:81,36
DA:82,2
DA:83,2
DA:85,2
DA:86,2
DA:88,2
DA:89,0
DA:90,0
DA:91,0
DA:92,0
DA:93,0
DA:94,2
DA:95,1
DA:96,1
DA:97,1
DA:98,1
DA:99,1
DA:100,1
DA:101,1
DA:102,2
DA:103,1
DA:104,1
DA:105,1
DA:106,1
DA:107,1
DA:108,2
DA:109,2
DA:110,2
DA:111,2
DA:113,36
DA:114,36
DA:115,36
DA:116,36
DA:117,36
DA:118,36
DA:120,36
DA:121,36
DA:122,36
DA:123,36
DA:124,36
DA:125,36
DA:126,36
DA:127,36
DA:129,36
DA:130,36
DA:131,27
DA:132,27
DA:133,27
DA:134,27
DA:135,27
DA:136,27
DA:137,27
DA:138,27
DA:139,27
DA:140,27
DA:141,27
DA:142,27
DA:143,27
DA:144,27
DA:145,27
DA:146,27
DA:147,27
DA:148,27
DA:149,27
DA:150,27
DA:151,27
DA:152,27
DA:153,27
DA:154,27
DA:155,27
DA:156,27
DA:157,27
DA:158,27
DA:159,27
DA:160,27
DA:161,27
DA:162,27
DA:163,27
DA:165,27
DA:166,27
DA:167,27
DA:169,9
DA:170,9
DA:171,9
DA:172,9
DA:173,9
DA:174,9
DA:175,9
DA:176,9
DA:177,9
DA:178,9
DA:179,9
DA:180,9
DA:181,9
DA:182,9
DA:183,9
DA:184,9
DA:185,9
DA:186,9
DA:187,9
DA:188,9
DA:189,9
DA:190,1
DA:191,1
DA:192,1
DA:193,9
DA:195,9
DA:196,9
DA:197,9
DA:199,36
DA:201,36
DA:202,36
DA:203,36
DA:204,36
DA:205,36
DA:206,36
DA:207,36
DA:208,36
DA:209,36
DA:210,36
DA:211,36
DA:212,36
DA:213,36
DA:214,36
DA:215,36
DA:216,36
DA:217,36
DA:218,36
DA:219,36
DA:220,36
DA:221,36
DA:222,36
DA:223,36
DA:224,36
DA:225,36
DA:226,36
DA:227,36
DA:228,36
DA:229,36
DA:230,36
DA:231,36
DA:232,36
DA:233,36
DA:234,36
DA:236,36
LF:205
LH:183
BRDA:14,0,0,36
BRDA:130,1,0,27
BRDA:155,2,0,3
BRDA:155,3,0,24
BRDA:167,4,0,9
BRDA:182,5,0,2
BRDA:182,6,0,7
BRDA:227,7,0,5
BRDA:227,8,0,31
BRDA:22,9,0,1
BRDA:29,10,0,0
BRDA:54,11,0,2
BRDA:59,12,0,1
BRDA:61,13,0,0
BRDA:67,14,0,1
BRDA:70,15,0,1
BRDA:81,16,0,2
BRDA:86,17,0,1
BRDA:88,18,0,0
BRDA:94,19,0,1
BRDA:102,20,0,1
BRDA:139,21,0,2
BRDA:150,22,0,2
BRDA:162,23,0,4
BRDA:177,24,0,2
BRDA:189,25,0,1
BRDA:210,26,0,1
BRDA:221,27,0,1
BRF:28
BRH:25
end_of_record
TN:
SF:src/components/auth/PasswordChangeForm.tsx
FN:15,PasswordChangeForm
FN:21,handlePasswordChange
FN:92,onChange
FN:104,onChange
FNF:4
FNH:4
FNDA:35,PasswordChangeForm
FNDA:8,handlePasswordChange
FNDA:8,onChange
FNDA:8,onChange
DA:1,1
DA:15,35
DA:16,35
DA:17,35
DA:18,35
DA:19,35
DA:21,35
DA:22,8
DA:24,8
DA:25,1
DA:26,1
DA:27,1
DA:28,1
DA:29,1
DA:30,1
DA:31,1
DA:33,8
DA:34,2
DA:35,2
DA:36,2
DA:37,2
DA:38,2
DA:39,2
DA:40,2
DA:42,5
DA:44,5
DA:45,5
DA:47,8
DA:48,1
DA:49,1
DA:50,1
DA:51,1
DA:52,1
DA:53,1
DA:54,1
DA:55,1
DA:56,1
DA:57,1
DA:58,1
DA:59,1
DA:60,8
DA:61,1
DA:62,1
DA:63,1
DA:64,1
DA:65,1
DA:66,8
DA:67,3
DA:68,3
DA:69,8
DA:71,35
DA:72,35
DA:73,35
DA:74,35
DA:75,35
DA:76,35
DA:77,35
DA:78,35
DA:79,35
DA:81,35
DA:82,35
DA:83,35
DA:84,35
DA:85,35
DA:86,35
DA:87,35
DA:88,35
DA:89,35
DA:90,35
DA:91,35
DA:92,35
DA:93,35
DA:94,35
DA:95,35
DA:96,35
DA:97,35
DA:98,35
DA:99,35
DA:100,35
DA:101,35
DA:102,35
DA:103,35
DA:104,35
DA:105,35
DA:106,35
DA:107,35
DA:108,35
DA:109,35
DA:110,35
DA:111,35
DA:112,35
DA:113,35
DA:114,35
DA:115,35
DA:116,35
DA:117,35
DA:118,35
DA:120,35
DA:121,35
DA:122,35
DA:123,35
DA:124,35
DA:125,35
DA:127,35
LF:104
LH:104
BRDA:15,0,0,35
BRDA:111,1,0,5
BRDA:111,2,0,30
BRDA:21,3,0,8
BRDA:24,4,0,1
BRDA:31,5,0,7
BRDA:33,6,0,2
BRDA:40,7,0,5
BRDA:45,8,0,2
BRDA:47,9,0,1
BRDA:60,10,0,1
BRDA:66,11,0,3
BRDA:92,12,0,8
BRDA:104,13,0,8
BRF:14
BRH:14
end_of_record
TN:
SF:src/components/templates/DeleteConfirmDialog.tsx
FN:20,DeleteConfirmDialog
FNF:1
FNH:1
FNDA:219,DeleteConfirmDialog
DA:1,1
DA:20,219
DA:21,219
DA:22,219
DA:23,219
DA:24,219
DA:25,219
DA:26,219
DA:28,61
DA:29,61
DA:30,61
DA:31,61
DA:32,61
DA:33,61
DA:34,61
DA:37,61
DA:38,61
DA:39,61
DA:40,61
DA:41,61
DA:42,61
DA:43,61
DA:44,61
DA:46,61
DA:47,61
DA:48,61
DA:49,61
DA:51,61
LF:28
LH:28
BRDA:20,0,0,219
BRDA:26,1,0,158
BRDA:26,2,0,61
BRF:3
BRH:3
end_of_record
TN:
SF:src/components/templates/TagSelector.tsx
FN:13,TagSelector
FN:37,handleClickOutside
FN:47,handleInputChange
FN:51,handleTagSelect
FN:60,handleTagRemove
FN:64,handleKeyDown
FN:83,onChange
FN:106,onClick
FN:125,onClick
FNF:9
FNH:9
FNDA:214,TagSelector
FNDA:26,handleClickOutside
FNDA:5,handleInputChange
FNDA:2,handleTagSelect
FNDA:1,handleTagRemove
FNDA:2,handleKeyDown
FNDA:5,onChange
FNDA:1,onClick
FNDA:1,onClick
DA:1,1
DA:13,1
DA:14,214
DA:15,214
DA:16,214
DA:17,214
DA:18,214
DA:19,214
DA:20,214
DA:21,214
DA:22,214
DA:24,214
DA:25,40
DA:26,5
DA:27,5
DA:28,5
DA:29,40
DA:30,35
DA:31,35
DA:32,35
DA:33,214
DA:36,214
DA:37,33
DA:38,26
DA:39,0
DA:40,0
DA:41,26
DA:43,33
DA:44,33
DA:45,214
DA:47,214
DA:48,5
DA:49,5
DA:51,214
DA:52,2
DA:53,2
DA:54,2
DA:55,2
DA:56,2
DA:57,2
DA:58,2
DA:60,214
DA:61,1
DA:62,1
DA:64,214
DA:65,2
DA:66,1
DA:67,1
DA:68,1
DA:69,1
DA:70,1
DA:71,1
DA:72,2
DA:74,214
DA:76,214
DA:77,214
DA:79,214
DA:80,214
DA:81,214
DA:82,214
DA:83,214
DA:84,214
DA:85,214
DA:86,214
DA:87,214
DA:88,214
DA:91,214
DA:92,214
DA:93,214
DA:96,214
DA:97,5
DA:98,5
DA:99,5
DA:101,5
DA:102,40
DA:103,40
DA:104,40
DA:105,40
DA:106,40
DA:108,40
DA:109,40
DA:110,5
DA:111,5
DA:113,214
DA:116,214
DA:117,16
DA:118,16
DA:119,16
DA:120,16
DA:121,18
DA:122,18
DA:123,18
DA:124,18
DA:125,18
DA:127,18
DA:128,18
DA:129,16
DA:130,16
DA:131,16
DA:135,214
DA:136,214
DA:137,4
DA:138,210
DA:140,214
DA:141,214
DA:143,214
LF:106
LH:104
BRDA:13,0,0,214
BRDA:85,1,0,4
BRDA:85,2,0,210
BRDA:96,3,0,5
BRDA:96,4,0,5
BRDA:116,5,0,16
BRDA:136,6,0,4
BRDA:137,7,0,210
BRDA:24,8,0,40
BRDA:25,9,0,5
BRDA:29,10,0,35
BRDA:26,11,0,45
BRDA:36,12,0,33
BRDA:37,13,0,26
BRDA:38,14,0,0
BRDA:38,15,0,0
BRDA:44,16,0,33
BRDA:47,17,0,5
BRDA:51,18,0,2
BRDA:60,19,0,1
BRDA:61,20,0,1
BRDA:64,21,0,2
BRDA:65,22,0,1
BRDA:65,23,0,1
BRDA:83,24,0,5
BRDA:101,25,0,40
BRDA:106,26,0,1
BRDA:120,27,0,18
BRDA:125,28,0,1
BRF:29
BRH:27
end_of_record
TN:
SF:src/components/templates/TemplateArgumentsEditor.tsx
FN:20,TemplateArgumentsEditor
FN:55,onChange
FN:63,onChange
FN:70,onCheckedChange
FN:74,onClick
FNF:5
FNH:3
FNDA:154,TemplateArgumentsEditor
FNDA:8,onChange
FNDA:0,onChange
FNDA:0,onCheckedChange
FNDA:1,onClick
DA:1,1
DA:20,154
DA:21,154
DA:22,154
DA:23,154
DA:24,154
DA:25,154
DA:26,154
DA:27,154
DA:28,154
DA:29,154
DA:30,154
DA:31,154
DA:32,154
DA:34,154
DA:35,154
DA:36,154
DA:37,154
DA:39,154
DA:40,154
DA:41,154
DA:42,154
DA:43,154
DA:44,122
DA:45,122
DA:46,122
DA:48,32
DA:49,32
DA:50,32
DA:51,32
DA:52,32
DA:53,32
DA:54,32
DA:55,32
DA:56,32
DA:57,32
DA:58,32
DA:59,32
DA:60,32
DA:61,32
DA:62,32
DA:63,32
DA:64,32
DA:65,32
DA:66,32
DA:67,32
DA:68,32
DA:69,32
DA:70,32
DA:71,32
DA:72,32
DA:73,32
DA:74,32
DA:75,32
DA:76,32
DA:77,32
DA:78,32
DA:79,32
DA:81,154
DA:82,154
DA:84,154
LF:61
LH:61
BRDA:20,0,0,154
BRDA:43,1,0,122
BRDA:46,2,0,32
BRDA:48,3,0,32
BRDA:55,4,0,8
BRDA:74,5,0,1
BRF:6
BRH:6
end_of_record
TN:
SF:src/components/templates/TemplateCard.tsx
FN:17,TemplateCard
FN:22,handleCardClick
FN:79,onClick
FN:84,onClick
FN:90,onClick
FN:115,onClick
FNF:6
FNH:3
FNDA:19,TemplateCard
FNDA:2,handleCardClick
FNDA:0,onClick
FNDA:0,onClick
FNDA:0,onClick
FNDA:2,onClick
DA:1,1
DA:17,19
DA:19,19
DA:20,19
DA:22,19
DA:24,2
DA:25,1
DA:26,1
DA:27,1
DA:28,2
DA:30,19
DA:31,19
DA:32,19
DA:33,19
DA:34,19
DA:35,19
DA:36,19
DA:37,19
DA:38,19
DA:39,19
DA:40,0
DA:41,0
DA:42,0
DA:43,0
DA:44,0
DA:45,0
DA:46,0
DA:48,0
DA:49,0
DA:50,0
DA:51,0
DA:52,0
DA:54,19
DA:56,19
DA:57,19
DA:58,19
DA:59,11
DA:60,11
DA:62,11
DA:64,8
DA:65,8
DA:67,8
DA:69,19
DA:71,19
DA:72,17
DA:73,17
DA:74,17
DA:75,17
DA:76,17
DA:77,17
DA:78,17
DA:79,17
DA:80,17
DA:82,17
DA:83,17
DA:84,3
DA:85,3
DA:87,3
DA:89,17
DA:90,2
DA:91,2
DA:93,2
DA:95,17
DA:96,17
DA:98,19
DA:99,19
DA:100,19
DA:102,19
DA:103,19
DA:104,19
DA:105,19
DA:106,19
DA:107,19
DA:108,19
DA:109,19
DA:111,19
DA:112,19
DA:113,19
DA:114,19
DA:115,19
DA:116,2
DA:117,2
DA:118,2
DA:120,19
DA:122,19
DA:123,19
DA:124,19
DA:126,19
LF:88
LH:76
BRDA:17,0,0,19
BRDA:19,1,0,8
BRDA:20,2,0,8
BRDA:37,3,0,1
BRDA:39,4,0,0
BRDA:39,5,0,0
BRDA:57,6,0,11
BRDA:57,7,0,8
BRDA:58,8,0,11
BRDA:62,9,0,8
BRDA:71,10,0,17
BRDA:83,11,0,3
BRDA:89,12,0,2
BRDA:22,13,0,2
BRDA:24,14,0,1
BRDA:24,15,0,1
BRDA:115,16,0,2
BRF:17
BRH:15
end_of_record
TN:
SF:src/components/templates/TemplateDetailsForm.tsx
FN:16,TemplateDetailsForm
FN:39,onChange
FN:49,onChange
FNF:3
FNH:2
FNDA:154,TemplateDetailsForm
FNDA:94,onChange
FNDA:0,onChange
DA:1,1
DA:16,154
DA:17,154
DA:18,154
DA:19,154
DA:20,154
DA:21,154
DA:22,154
DA:23,154
DA:24,154
DA:25,154
DA:26,154
DA:27,154
DA:28,154
DA:30,154
DA:31,154
DA:32,154
DA:33,154
DA:34,154
DA:35,154
DA:36,154
DA:37,154
DA:38,154
DA:39,154
DA:40,154
DA:41,154
DA:43,154
DA:44,154
DA:45,154
DA:46,154
DA:47,154
DA:48,154
DA:49,154
DA:50,154
DA:51,154
DA:52,154
DA:54,154
DA:55,154
DA:56,154
DA:57,154
DA:58,154
DA:59,154
DA:60,154
DA:61,154
DA:62,154
DA:63,154
DA:65,154
LF:47
LH:47
BRDA:16,0,0,154
BRDA:39,1,0,94
BRF:2
BRH:2
end_of_record
TN:
SF:src/components/templates/TemplateEditor.tsx
FN:26,TemplateEditor
FN:51,handleDelete
FN:55,confirmDelete
FN:62,handleSave
FNF:4
FNH:2
FNDA:154,TemplateEditor
FNDA:0,handleDelete
FNDA:0,confirmDelete
FNDA:8,handleSave
DA:1,1
DA:26,154
DA:27,154
DA:28,154
DA:29,154
DA:30,154
DA:31,154
DA:32,154
DA:33,154
DA:34,154
DA:35,154
DA:36,154
DA:37,154
DA:38,154
DA:39,154
DA:40,154
DA:41,154
DA:42,154
DA:43,154
DA:44,154
DA:46,154
DA:47,154
DA:48,154
DA:49,154
DA:51,154
DA:52,0
DA:53,0
DA:55,154
DA:56,0
DA:57,0
DA:58,0
DA:59,0
DA:60,0
DA:62,154
DA:63,8
DA:64,1
DA:65,1
DA:66,1
DA:67,1
DA:68,1
DA:69,1
DA:70,1
DA:72,8
DA:73,1
DA:74,1
DA:75,1
DA:76,1
DA:77,1
DA:78,1
DA:79,1
DA:81,6
DA:83,6
DA:84,6
DA:88,5
DA:89,8
DA:90,1
DA:91,1
DA:92,1
DA:93,1
DA:94,1
DA:95,1
DA:96,1
DA:98,8
DA:100,1
DA:101,1
DA:102,1
DA:103,1
DA:104,1
DA:105,1
DA:106,1
DA:107,1
DA:108,8
DA:110,3
DA:111,3
DA:112,3
DA:113,3
DA:114,3
DA:115,3
DA:116,3
DA:117,3
DA:118,3
DA:119,2
DA:121,3
DA:122,3
DA:123,8
DA:124,8
DA:125,8
DA:126,8
DA:127,2
DA:128,2
DA:129,2
DA:130,2
DA:131,2
DA:132,8
DA:133,6
DA:134,6
DA:135,8
DA:137,154
DA:138,154
DA:139,154
DA:140,154
DA:141,154
DA:143,154
DA:144,154
DA:145,0
DA:146,0
DA:148,0
DA:150,154
DA:151,154
DA:152,154
DA:153,154
DA:155,154
DA:156,154
DA:157,154
DA:158,154
DA:159,154
DA:160,154
DA:161,154
DA:162,154
DA:163,154
DA:165,154
DA:166,154
DA:167,154
DA:168,154
DA:170,154
DA:171,154
DA:172,154
DA:173,154
DA:174,154
DA:175,154
DA:176,154
DA:177,154
DA:179,154
DA:180,154
DA:181,154
DA:182,154
DA:183,154
DA:184,154
DA:186,154
DA:187,154
DA:188,154
DA:189,154
DA:190,154
DA:191,154
DA:192,154
DA:195,154
DA:196,154
DA:198,154
DA:199,154
DA:200,154
DA:201,154
DA:202,154
DA:203,154
DA:205,154
DA:206,154
DA:207,154
DA:208,154
DA:209,154
DA:210,154
DA:211,154
DA:213,154
LF:161
LH:151
BRDA:26,0,0,154
BRDA:144,1,0,32
BRDA:144,2,0,32
BRDA:144,3,0,0
BRDA:151,4,0,32
BRDA:151,5,0,32
BRDA:151,6,0,122
BRDA:201,7,0,6
BRDA:201,8,0,148
BRDA:208,9,0,122
BRDA:62,10,0,8
BRDA:63,11,0,1
BRDA:70,12,0,7
BRDA:72,13,0,1
BRDA:79,14,0,6
BRDA:84,15,0,5
BRDA:89,16,0,5
BRDA:89,17,0,1
BRDA:96,18,0,4
BRDA:98,19,0,1
BRDA:98,20,0,1
BRDA:102,21,0,0
BRDA:106,22,0,0
BRDA:108,23,0,3
BRDA:116,24,0,0
BRDA:118,25,0,2
BRDA:123,26,0,1
BRDA:123,27,0,1
BRDA:123,28,0,2
BRDA:126,29,0,2
BRDA:130,30,0,0
BRDA:132,31,0,5
BRDA:132,32,0,6
BRF:33
BRH:28
end_of_record
TN:
SF:src/components/templates/TemplateMessagesEditor.tsx
FN:19,TemplateMessagesEditor
FN:50,onChange
FN:57,onClick
FN:66,onChange
FNF:4
FNH:4
FNDA:154,TemplateMessagesEditor
FNDA:1,onChange
FNDA:2,onClick
FNDA:12,onChange
DA:1,1
DA:19,154
DA:20,154
DA:21,154
DA:22,154
DA:23,154
DA:24,154
DA:25,154
DA:26,154
DA:27,154
DA:28,154
DA:29,154
DA:30,154
DA:31,154
DA:33,154
DA:34,154
DA:35,154
DA:36,154
DA:38,154
DA:39,154
DA:40,154
DA:41,154
DA:42,154
DA:43,153
DA:44,153
DA:45,153
DA:46,153
DA:47,153
DA:48,153
DA:49,153
DA:50,153
DA:52,153
DA:53,153
DA:54,153
DA:55,153
DA:56,153
DA:57,153
DA:58,153
DA:59,153
DA:60,153
DA:61,153
DA:62,153
DA:63,153
DA:64,153
DA:65,153
DA:66,153
DA:67,153
DA:68,153
DA:69,153
DA:70,153
DA:71,154
DA:72,154
DA:73,154
DA:75,154
LF:54
LH:54
BRDA:19,0,0,154
BRDA:42,1,0,153
BRDA:50,2,0,1
BRDA:57,3,0,2
BRDA:66,4,0,12
BRF:5
BRH:5
end_of_record
TN:
SF:src/components/templates/TemplateViewer.tsx
FN:20,TemplateViewer
FN:24,copyToClipboard
FN:35,handleDelete
FN:39,confirmDelete
FN:57,onClick
FNF:5
FNH:3
FNDA:23,TemplateViewer
FNDA:1,copyToClipboard
FNDA:0,handleDelete
FNDA:0,confirmDelete
FNDA:1,onClick
DA:1,1
DA:20,23
DA:21,23
DA:22,23
DA:24,23
DA:25,1
DA:26,1
DA:27,1
DA:28,1
DA:29,1
DA:30,1
DA:32,23
DA:33,23
DA:35,23
DA:36,0
DA:37,0
DA:39,23
DA:40,0
DA:41,0
DA:42,0
DA:43,0
DA:44,0
DA:47,23
DA:49,23
DA:50,23
DA:51,23
DA:52,23
DA:53,23
DA:55,23
DA:56,23
DA:57,21
DA:58,21
DA:60,21
DA:62,23
DA:63,0
DA:64,0
DA:66,0
DA:68,23
DA:69,23
DA:70,23
DA:71,20
DA:72,20
DA:74,20
DA:76,3
DA:77,3
DA:79,3
DA:81,23
DA:82,23
DA:84,23
DA:86,23
DA:87,23
DA:88,23
DA:89,23
DA:90,23
DA:91,23
DA:92,23
DA:93,23
DA:94,23
DA:95,23
DA:96,23
DA:97,23
DA:99,23
DA:100,23
DA:101,23
DA:102,23
DA:104,23
DA:105,23
DA:106,23
DA:107,23
DA:109,23
DA:110,23
DA:111,23
DA:112,23
DA:113,23
DA:114,23
DA:115,23
DA:116,23
DA:117,23
DA:120,23
DA:121,18
DA:122,18
DA:123,18
DA:124,18
DA:125,18
DA:126,18
DA:127,18
DA:128,34
DA:129,34
DA:130,34
DA:131,33
DA:133,34
DA:134,17
DA:135,17
DA:136,17
DA:138,34
DA:139,18
DA:140,18
DA:141,18
DA:142,18
DA:144,23
DA:147,23
DA:148,23
DA:149,23
DA:150,23
DA:151,23
DA:152,23
DA:154,23
DA:155,23
DA:156,23
DA:157,23
DA:158,23
DA:159,23
DA:160,23
DA:161,23
DA:164,23
DA:165,21
DA:166,21
DA:167,21
DA:168,21
DA:169,21
DA:170,21
DA:171,21
DA:172,39
DA:173,39
DA:174,39
DA:175,39
DA:176,39
DA:177,39
DA:178,39
DA:179,39
DA:180,39
DA:181,39
DA:182,21
DA:183,21
DA:184,21
DA:185,21
DA:187,23
DA:188,23
DA:190,23
DA:191,23
DA:192,23
DA:193,23
DA:194,23
DA:195,23
DA:196,23
DA:198,23
LF:146
LH:136
BRDA:20,0,0,23
BRDA:32,1,0,22
BRDA:32,2,0,1
BRDA:33,3,0,22
BRDA:33,4,0,1
BRDA:56,5,0,22
BRDA:56,6,0,21
BRDA:62,7,0,22
BRDA:62,8,0,0
BRDA:69,9,0,20
BRDA:69,10,0,3
BRDA:70,11,0,20
BRDA:74,12,0,3
BRDA:95,13,0,2
BRDA:112,14,0,22
BRDA:112,15,0,5
BRDA:113,16,0,22
BRDA:113,17,0,2
BRDA:120,18,0,18
BRDA:164,19,0,21
BRDA:24,20,0,1
BRDA:57,21,0,1
BRDA:127,22,0,34
BRDA:130,23,0,33
BRDA:133,24,0,17
BRDA:171,25,0,39
BRF:26
BRH:25
end_of_record
TN:
SF:src/components/ui/alert-dialog.tsx
FN:48,AlertDialogHeader
FN:62,AlertDialogFooter
FNF:2
FNH:2
FNDA:6,AlertDialogHeader
FNDA:6,AlertDialogFooter
DA:1,1
DA:9,1
DA:11,1
DA:13,1
DA:15,1
DA:18,1
DA:19,9
DA:20,9
DA:21,9
DA:22,9
DA:23,9
DA:24,9
DA:25,9
DA:26,9
DA:27,9
DA:28,1
DA:30,1
DA:33,1
DA:34,61
DA:35,61
DA:36,61
DA:37,61
DA:38,61
DA:39,61
DA:40,61
DA:41,61
DA:42,61
DA:43,61
DA:44,61
DA:45,1
DA:46,1
DA:48,1
DA:49,6
DA:50,6
DA:51,6
DA:52,6
DA:53,6
DA:54,6
DA:55,6
DA:56,6
DA:57,6
DA:58,6
DA:60,1
DA:62,1
DA:63,6
DA:64,6
DA:65,6
DA:66,6
DA:67,6
DA:68,6
DA:69,6
DA:70,6
DA:71,6
DA:72,6
DA:74,1
DA:76,1
DA:79,1
DA:80,6
DA:81,6
DA:82,6
DA:83,6
DA:84,6
DA:85,6
DA:86,1
DA:88,1
DA:91,1
DA:92,6
DA:93,6
DA:94,6
DA:95,6
DA:96,6
DA:97,6
DA:98,1
DA:99,1
DA:101,1
DA:104,1
DA:105,6
DA:106,6
DA:107,6
DA:108,6
DA:109,6
DA:110,6
DA:111,1
DA:113,1
DA:116,1
DA:117,6
DA:118,6
DA:119,6
DA:120,6
DA:121,6
DA:122,6
DA:123,6
DA:124,6
DA:125,6
DA:126,6
DA:127,1
LF:96
LH:96
BRDA:18,0,0,9
BRDA:33,1,0,61
BRDA:48,2,0,6
BRDA:62,3,0,6
BRDA:79,4,0,6
BRDA:91,5,0,6
BRDA:104,6,0,6
BRDA:116,7,0,6
BRF:8
BRH:8
end_of_record
TN:
SF:src/components/ui/badge.tsx
FN:30,Badge
FNF:1
FNH:1
FNDA:136,Badge
DA:1,1
DA:6,1
DA:7,1
DA:8,1
DA:9,1
DA:10,1
DA:11,1
DA:12,1
DA:13,1
DA:14,1
DA:15,1
DA:16,1
DA:17,1
DA:18,1
DA:19,1
DA:20,1
DA:21,1
DA:22,1
DA:23,1
DA:24,1
DA:30,136
DA:31,136
DA:32,136
DA:34,136
LF:24
LH:24
BRDA:30,0,0,136
BRF:1
BRH:1
end_of_record
TN:
SF:src/components/ui/button.tsx
FNF:0
FNH:0
DA:1,1
DA:7,1
DA:8,1
DA:9,1
DA:10,1
DA:11,1
DA:12,1
DA:13,1
DA:14,1
DA:15,1
DA:16,1
DA:17,1
DA:18,1
DA:19,1
DA:20,1
DA:21,1
DA:22,1
DA:23,1
DA:24,1
DA:25,1
DA:26,1
DA:27,1
DA:28,1
DA:29,1
DA:30,1
DA:31,1
DA:32,1
DA:33,1
DA:34,1
DA:42,1
DA:43,1
DA:44,1326
DA:45,1326
DA:46,1326
DA:47,1326
DA:48,1326
DA:49,1326
DA:50,1326
DA:52,1326
DA:53,1
DA:54,1
LF:41
LH:41
BRDA:43,0,0,1326
BRDA:44,1,0,0
BRF:2
BRH:1
end_of_record
TN:
SF:src/components/ui/card.tsx
FNF:0
FNH:0
DA:1,1
DA:5,1
DA:8,1
DA:9,637
DA:10,637
DA:11,637
DA:12,637
DA:13,637
DA:14,637
DA:15,637
DA:16,637
DA:17,637
DA:18,1
DA:20,1
DA:23,1
DA:24,637
DA:25,637
DA:26,637
DA:27,637
DA:28,637
DA:29,637
DA:30,1
DA:32,1
DA:35,1
DA:36,637
DA:37,637
DA:38,637
DA:39,637
DA:40,637
DA:41,637
DA:42,637
DA:43,637
DA:44,637
DA:45,1
DA:47,1
DA:50,1
DA:51,552
DA:52,552
DA:53,552
DA:54,552
DA:55,552
DA:56,552
DA:57,1
DA:59,1
DA:62,1
DA:63,637
DA:64,1
DA:65,1
DA:67,1
DA:70,1
DA:71,0
DA:72,0
DA:73,0
DA:74,0
DA:75,0
DA:76,0
DA:77,1
LF:57
LH:51
BRDA:8,0,0,637
BRDA:23,1,0,637
BRDA:35,2,0,637
BRDA:50,3,0,552
BRDA:62,4,0,637
BRF:5
BRH:5
end_of_record
TN:
SF:src/components/ui/dropdown-menu.tsx
FN:169,DropdownMenuShortcut
FNF:1
FNH:0
FNDA:0,DropdownMenuShortcut
DA:1,1
DA:7,1
DA:9,1
DA:11,1
DA:13,1
DA:15,1
DA:17,1
DA:19,1
DA:24,1
DA:25,0
DA:26,0
DA:27,0
DA:28,0
DA:29,0
DA:30,0
DA:31,0
DA:32,0
DA:34,0
DA:35,0
DA:36,0
DA:37,0
DA:38,1
DA:39,1
DA:41,1
DA:44,1
DA:45,0
DA:46,0
DA:47,0
DA:48,0
DA:49,0
DA:50,0
DA:51,0
DA:52,0
DA:53,0
DA:54,1
DA:55,1
DA:57,1
DA:60,1
DA:61,17
DA:62,17
DA:63,17
DA:64,17
DA:65,17
DA:66,17
DA:67,17
DA:68,17
DA:69,17
DA:70,17
DA:71,17
DA:72,1
DA:73,1
DA:75,1
DA:80,1
DA:81,0
DA:82,0
DA:83,0
DA:84,0
DA:85,0
DA:86,0
DA:87,0
DA:88,0
DA:89,0
DA:90,0
DA:91,1
DA:93,1
DA:96,1
DA:97,0
DA:98,0
DA:99,0
DA:100,0
DA:101,0
DA:102,0
DA:103,0
DA:104,0
DA:106,0
DA:107,0
DA:108,0
DA:109,0
DA:110,0
DA:111,0
DA:112,0
DA:113,0
DA:114,1
DA:115,1
DA:117,1
DA:120,1
DA:121,0
DA:122,0
DA:123,0
DA:124,0
DA:125,0
DA:126,0
DA:127,0
DA:129,0
DA:130,0
DA:131,0
DA:132,0
DA:133,0
DA:134,0
DA:135,0
DA:136,0
DA:137,1
DA:139,1
DA:144,1
DA:145,0
DA:146,0
DA:147,0
DA:148,0
DA:149,0
DA:150,0
DA:151,0
DA:152,0
DA:153,0
DA:154,0
DA:155,1
DA:157,1
DA:160,1
DA:161,0
DA:162,0
DA:163,0
DA:164,0
DA:165,0
DA:166,0
DA:167,1
DA:169,1
DA:170,0
DA:171,0
DA:172,0
DA:173,0
DA:174,0
DA:175,0
DA:176,0
DA:177,0
DA:179,0
DA:180,1
LF:135
LH:48
BRDA:60,0,0,17
BRF:1
BRH:1
end_of_record
TN:
SF:src/components/ui/input.tsx
FNF:0
FNH:0
DA:1,1
DA:5,1
DA:6,1
DA:7,611
DA:8,611
DA:9,611
DA:10,611
DA:11,611
DA:12,611
DA:13,611
DA:14,611
DA:15,611
DA:16,611
DA:18,611
DA:19,1
DA:20,1
LF:16
LH:16
BRDA:6,0,0,611
BRF:1
BRH:1
end_of_record
TN:
SF:src/components/ui/label.tsx
FNF:0
FNH:0
DA:1,1
DA:7,1
DA:8,1
DA:9,1
DA:11,1
DA:15,1
DA:16,1213
DA:17,1213
DA:18,1213
DA:19,1213
DA:20,1213
DA:21,1213
DA:22,1
LF:13
LH:13
BRDA:15,0,0,1213
BRF:1
BRH:1
end_of_record
TN:
SF:src/components/ui/sonner.tsx
FN:6,Toaster
FNF:1
FNH:1
FNDA:3,Toaster
DA:1,1
DA:6,1
DA:7,3
DA:9,3
DA:10,3
DA:11,3
DA:12,3
DA:13,3
DA:14,3
DA:15,3
DA:16,3
DA:17,3
DA:18,3
DA:19,3
DA:20,3
DA:21,3
DA:22,3
DA:23,3
DA:24,3
DA:25,3
DA:27,3
LF:21
LH:21
BRDA:6,0,0,3
BRF:1
BRH:1
end_of_record
TN:
SF:src/components/ui/switch.tsx
FNF:0
FNH:0
DA:1,1
DA:6,1
DA:9,1
DA:10,186
DA:11,186
DA:12,186
DA:13,186
DA:14,186
DA:15,186
DA:16,186
DA:18,186
DA:19,186
DA:20,186
DA:21,186
DA:22,186
DA:23,186
DA:24,186
DA:25,1
LF:18
LH:18
BRDA:9,0,0,186
BRF:1
BRH:1
end_of_record
TN:
SF:src/components/ui/tabs.tsx
FNF:0
FNH:0
DA:1,1
DA:6,1
DA:8,1
DA:11,1
DA:12,78
DA:13,78
DA:14,78
DA:15,78
DA:16,78
DA:17,78
DA:18,78
DA:19,78
DA:20,78
DA:21,1
DA:23,1
DA:26,1
DA:27,156
DA:28,156
DA:29,156
DA:30,156
DA:31,156
DA:32,156
DA:33,156
DA:34,156
DA:35,156
DA:36,1
DA:38,1
DA:41,1
DA:42,156
DA:43,156
DA:44,156
DA:45,156
DA:46,156
DA:47,156
DA:48,156
DA:49,156
DA:50,156
DA:51,1
LF:38
LH:38
BRDA:11,0,0,78
BRDA:26,1,0,156
BRDA:41,2,0,156
BRF:3
BRH:3
end_of_record
TN:
SF:src/components/ui/textarea.tsx
FNF:0
FNH:0
DA:1,1
DA:5,1
DA:6,1
DA:7,307
DA:8,307
DA:9,307
DA:10,307
DA:11,307
DA:12,307
DA:13,307
DA:14,307
DA:15,307
DA:17,307
DA:18,1
DA:19,1
LF:15
LH:15
BRDA:6,0,0,307
BRF:1
BRH:1
end_of_record
TN:
SF:src/components/ui/toast.tsx
FNF:0
FNH:0
DA:1,1
DA:8,1
DA:10,1
DA:13,1
DA:14,3
DA:15,3
DA:16,3
DA:17,3
DA:18,3
DA:19,3
DA:20,3
DA:21,3
DA:22,3
DA:23,1
DA:25,1
DA:26,1
DA:27,1
DA:28,1
DA:29,1
DA:30,1
DA:31,1
DA:32,1
DA:33,1
DA:34,1
DA:35,1
DA:36,1
DA:37,1
DA:38,1
DA:39,1
DA:41,1
DA:45,1
DA:46,0
DA:47,0
DA:48,0
DA:49,0
DA:50,0
DA:51,0
DA:53,0
DA:54,1
DA:56,1
DA:59,1
DA:60,0
DA:61,0
DA:62,0
DA:63,0
DA:64,0
DA:65,0
DA:66,0
DA:67,0
DA:68,0
DA:69,1
DA:71,1
DA:74,1
DA:75,0
DA:76,0
DA:77,0
DA:78,0
DA:79,0
DA:80,0
DA:81,0
DA:82,0
DA:84,0
DA:85,0
DA:86,0
DA:87,1
DA:89,1
DA:92,1
DA:93,0
DA:94,0
DA:95,0
DA:96,0
DA:97,0
DA:98,0
DA:99,1
DA:101,1
DA:104,1
DA:105,0
DA:106,0
DA:107,0
DA:108,0
DA:109,0
DA:110,0
DA:111,1
LF:83
LH:44
BRDA:13,0,0,3
BRF:1
BRH:1
end_of_record
TN:
SF:src/components/ui/toaster.tsx
FN:11,Toaster
FNF:1
FNH:1
FNDA:3,Toaster
DA:1,1
DA:11,1
DA:12,3
DA:14,3
DA:15,3
DA:16,3
DA:17,0
DA:18,0
DA:19,0
DA:20,0
DA:21,0
DA:22,0
DA:24,0
DA:25,0
DA:26,0
DA:27,0
DA:29,3
DA:30,3
DA:31,3
DA:33,3
LF:20
LH:10
BRDA:11,0,0,3
BRF:1
BRH:1
end_of_record
TN:
SF:src/components/ui/tooltip.tsx
FNF:0
FNH:0
DA:1,1
DA:6,1
DA:8,1
DA:10,1
DA:12,1
DA:15,1
DA:16,0
DA:17,0
DA:18,0
DA:19,0
DA:20,0
DA:21,0
DA:22,0
DA:23,0
DA:24,0
DA:25,0
DA:26,1
LF:17
LH:7
BRF:0
BRH:0
end_of_record
TN:
SF:src/hooks/use-mobile.tsx
FN:5,useIsMobile
FN:10,onChange
FNF:2
FNH:2
FNDA:38,useIsMobile
FNDA:4,onChange
DA:1,1
DA:3,1
DA:5,1
DA:6,38
DA:8,38
DA:9,17
DA:10,17
DA:11,4
DA:12,4
DA:13,17
DA:14,17
DA:15,17
DA:16,38
DA:18,38
DA:19,38
LF:15
LH:15
BRDA:5,0,0,38
BRDA:8,1,0,17
BRDA:10,2,0,4
BRDA:15,3,0,17
BRF:4
BRH:4
end_of_record
TN:
SF:src/hooks/use-toast.ts
FN:20,genId
FN:49,addToRemoveQueue
FN:65,reducer
FN:124,dispatch
FN:133,toast
FN:136,update
FN:141,dismiss
FN:149,onOpenChange
FN:162,useToast
FN:178,dismiss
FNF:10
FNH:10
FNDA:10,genId
FNDA:4,addToRemoveQueue
FNDA:19,reducer
FNDA:14,dispatch
FNDA:10,toast
FNDA:1,update
FNDA:1,dismiss
FNDA:1,onOpenChange
FNDA:23,useToast
FNDA:2,dismiss
DA:1,1
DA:8,1
DA:9,1
DA:18,1
DA:20,10
DA:21,10
DA:22,10
DA:23,10
DA:47,1
DA:49,1
DA:50,4
DA:51,0
DA:52,0
DA:54,4
DA:55,0
DA:56,0
DA:57,0
DA:58,0
DA:59,0
DA:60,4
DA:62,4
DA:63,4
DA:65,1
DA:66,19
DA:67,19
DA:68,11
DA:69,11
DA:70,11
DA:71,11
DA:73,19
DA:74,2
DA:75,2
DA:76,2
DA:77,2
DA:78,2
DA:79,2
DA:81,19
DA:82,4
DA:86,4
DA:87,3
DA:88,4
DA:89,1
DA:90,1
DA:91,1
DA:92,1
DA:94,4
DA:95,4
DA:96,4
DA:97,4
DA:98,4
DA:99,4
DA:100,4
DA:101,4
DA:102,0
DA:103,4
DA:104,4
DA:105,4
DA:106,19
DA:107,2
DA:108,1
DA:109,1
DA:110,1
DA:111,1
DA:112,1
DA:113,1
DA:114,1
DA:115,1
DA:116,1
DA:117,19
DA:118,19
DA:120,1
DA:122,1
DA:124,14
DA:125,14
DA:126,14
DA:127,11
DA:128,14
DA:129,14
DA:133,10
DA:134,10
DA:136,10
DA:137,1
DA:138,1
DA:139,1
DA:140,1
DA:141,10
DA:143,10
DA:144,10
DA:145,10
DA:146,10
DA:147,10
DA:148,10
DA:149,10
DA:150,1
DA:151,1
DA:152,10
DA:153,10
DA:155,10
DA:156,10
DA:157,10
DA:158,10
DA:159,10
DA:160,10
DA:162,23
DA:163,23
DA:165,23
DA:166,23
DA:167,23
DA:168,23
DA:169,23
DA:170,23
DA:171,23
DA:172,23
DA:173,23
DA:175,23
DA:176,23
DA:177,23
DA:178,23
DA:179,23
DA:180,23
LF:120
LH:112
BRDA:20,0,0,10
BRDA:49,1,0,4
BRDA:50,2,0,0
BRDA:65,3,0,19
BRDA:67,4,0,11
BRDA:73,5,0,2
BRDA:81,6,0,4
BRDA:86,7,0,3
BRDA:88,8,0,1
BRDA:106,9,0,2
BRDA:107,10,0,1
BRDA:76,11,0,2
BRDA:77,12,0,0
BRDA:89,13,0,1
BRDA:96,14,0,4
BRDA:97,15,0,1
BRDA:101,16,0,0
BRDA:115,17,0,1
BRDA:124,18,0,14
BRDA:126,19,0,11
BRDA:133,20,0,10
BRDA:136,21,0,1
BRDA:141,22,0,1
BRDA:149,23,0,1
BRDA:162,24,0,23
BRDA:165,25,0,23
BRDA:167,26,0,23
BRDA:178,27,0,2
BRF:28
BRH:25
end_of_record
TN:
SF:src/hooks/useArrayField.ts
FN:3,useArrayField
FN:6,addItem
FN:10,removeItem
FN:14,updateItem
FNF:4
FNH:4
FNDA:312,useArrayField
FNDA:3,addItem
FNDA:4,removeItem
FNDA:22,updateItem
DA:1,1
DA:3,312
DA:4,312
DA:6,312
DA:7,3
DA:8,3
DA:10,312
DA:11,4
DA:12,4
DA:14,312
DA:15,22
DA:16,22
DA:17,22
DA:18,22
DA:20,312
DA:21,312
LF:16
LH:16
BRDA:3,0,0,312
BRDA:6,1,0,3
BRDA:10,2,0,4
BRDA:11,3,0,4
BRDA:14,4,0,22
BRF:5
BRH:5
end_of_record
TN:
SF:src/hooks/useServices.ts
FN:1,(empty-report)
FNF:1
FNH:0
FNDA:0,(empty-report)
DA:1,0
DA:5,0
DA:7,0
DA:8,0
DA:9,0
DA:10,0
DA:11,0
DA:12,0
LF:8
LH:0
BRDA:1,0,0,0
BRF:1
BRH:0
end_of_record
TN:
SF:src/hooks/useTemplateEditor.ts
FN:6,useTemplateEditor
FNF:1
FNH:1
FNDA:154,useTemplateEditor
DA:1,1
DA:6,1
DA:7,154
DA:8,154
DA:9,154
DA:10,154
DA:12,154
DA:13,154
DA:14,154
DA:15,154
DA:16,154
DA:17,154
DA:18,154
DA:19,154
DA:20,154
DA:22,154
DA:23,154
DA:24,154
DA:25,154
DA:26,154
DA:27,154
DA:28,154
DA:29,154
DA:30,154
DA:32,154
DA:33,154
DA:34,154
DA:35,154
DA:36,154
DA:37,154
DA:38,154
DA:39,154
DA:40,154
DA:41,154
DA:42,154
DA:43,154
DA:44,154
DA:45,154
DA:46,154
DA:47,154
DA:48,154
DA:49,154
DA:50,154
DA:52,1
LF:44
LH:44
BRDA:6,0,0,154
BRDA:7,1,0,32
BRDA:7,2,0,122
BRDA:8,3,0,32
BRDA:8,4,0,122
BRDA:9,5,0,32
BRDA:9,6,0,122
BRDA:10,7,0,32
BRDA:18,8,0,32
BRDA:18,9,0,122
BRDA:28,10,0,32
BRDA:28,11,0,122
BRDA:19,12,0,1
BRDA:29,13,0,1
BRF:14
BRH:14
end_of_record
TN:
SF:src/hooks/useTemplateSearch.ts
FN:4,useTemplateSearch
FNF:1
FNH:1
FNDA:126,useTemplateSearch
DA:1,1
DA:4,1
DA:5,126
DA:6,70
DA:8,10
DA:9,10
DA:10,25
DA:11,21
DA:12,10
DA:13,126
DA:14,126
LF:11
LH:11
BRDA:4,0,0,126
BRDA:5,1,0,70
BRDA:6,2,0,60
BRDA:6,3,0,10
BRDA:9,4,0,25
BRDA:10,5,0,21
BRDA:11,6,0,20
BRF:7
BRH:7
end_of_record
TN:
SF:src/integrations/supabase/client.ts
FNF:0
FNH:0
DA:1,1
DA:5,1
DA:6,1
DA:8,1
DA:9,0
DA:10,0
DA:15,1
DA:16,1
DA:17,1
DA:18,1
DA:19,1
DA:20,1
DA:21,1
LF:13
LH:11
BRDA:8,0,0,0
BRF:1
BRH:0
end_of_record
TN:
SF:src/integrations/supabase/types.ts
FN:1,(empty-report)
FNF:1
FNH:1
FNDA:1,(empty-report)
DA:262,0
DA:263,0
DA:264,0
DA:265,0
DA:266,0
LF:5
LH:0
BRDA:1,0,0,1
BRF:1
BRH:1
end_of_record
TN:
SF:src/lib/utils.ts
FN:4,cn
FN:8,formatDate
FN:16,formatDetailedDate
FNF:3
FNH:3
FNDA:7584,cn
FNDA:19,formatDate
FNDA:46,formatDetailedDate
DA:1,1
DA:4,1
DA:5,7584
DA:6,7584
DA:8,1
DA:9,19
DA:10,19
DA:11,19
DA:12,19
DA:13,19
DA:14,19
DA:16,1
DA:17,46
DA:18,46
DA:19,46
DA:20,46
DA:21,46
DA:22,46
DA:23,46
DA:24,46
LF:20
LH:20
BRDA:4,0,0,7584
BRDA:8,1,0,19
BRDA:16,2,0,46
BRF:3
BRH:3
end_of_record
TN:
SF:src/pages/Dashboard.tsx
FN:25,Dashboard
FN:91,handleCreateNew
FN:96,handleEdit
FN:101,handleView
FN:106,handleDelete
FN:111,confirmDelete
FN:141,handleSave
FN:146,handleCancel
FN:205,onChange
FNF:9
FNH:8
FNDA:58,Dashboard
FNDA:3,handleCreateNew
FNDA:1,handleEdit
FNDA:1,handleView
FNDA:3,handleDelete
FNDA:2,confirmDelete
FNDA:1,handleSave
FNDA:1,handleCancel
FNDA:0,onChange
DA:1,1
DA:7,1
DA:8,1
DA:25,58
DA:27,58
DA:28,58
DA:29,58
DA:30,58
DA:31,58
DA:32,58
DA:35,58
DA:36,58
DA:37,58
DA:38,58
DA:39,58
DA:42,58
DA:43,17
DA:44,17
DA:46,17
DA:49,16
DA:51,17
DA:52,17
DA:53,17
DA:54,1
DA:55,1
DA:56,1
DA:57,1
DA:58,1
DA:59,17
DA:60,17
DA:61,17
DA:62,58
DA:65,58
DA:66,58
DA:69,58
DA:70,30
DA:71,0
DA:72,0
DA:73,0
DA:74,0
DA:75,30
DA:76,58
DA:78,58
DA:79,30
DA:80,0
DA:81,0
DA:82,0
DA:83,0
DA:84,30
DA:85,58
DA:87,58
DA:88,15
DA:89,58
DA:91,58
DA:92,3
DA:93,3
DA:94,3
DA:96,58
DA:97,1
DA:98,1
DA:99,1
DA:101,58
DA:102,1
DA:103,1
DA:104,1
DA:106,58
DA:107,3
DA:108,3
DA:109,3
DA:111,58
DA:112,2
DA:114,2
DA:115,2
DA:117,1
DA:118,1
DA:119,1
DA:120,1
DA:123,2
DA:124,0
DA:125,0
DA:126,0
DA:128,1
DA:129,1
DA:130,1
DA:131,1
DA:132,1
DA:133,1
DA:134,1
DA:135,2
DA:136,2
DA:137,2
DA:138,2
DA:139,2
DA:141,58
DA:142,1
DA:143,1
DA:144,1
DA:146,58
DA:147,1
DA:148,1
DA:149,1
DA:151,58
DA:152,7
DA:153,7
DA:154,7
DA:155,7
DA:156,7
DA:157,7
DA:158,7
DA:159,7
DA:161,7
DA:162,7
DA:163,7
DA:164,7
DA:165,7
DA:166,7
DA:167,7
DA:169,7
DA:171,58
DA:172,2
DA:173,2
DA:174,2
DA:175,2
DA:176,2
DA:177,2
DA:178,2
DA:179,2
DA:181,2
DA:182,2
DA:183,2
DA:184,2
DA:185,2
DA:186,2
DA:187,2
DA:188,2
DA:190,2
DA:192,49
DA:193,49
DA:194,49
DA:197,49
DA:198,49
DA:201,49
DA:202,49
DA:203,49
DA:204,49
DA:205,58
DA:206,58
DA:208,58
DA:209,58
DA:210,2450
DA:211,2450
DA:212,2450
DA:213,58
DA:214,58
DA:215,58
DA:218,58
DA:219,58
DA:220,58
DA:221,58
DA:222,58
DA:223,58
DA:224,58
DA:225,58
DA:226,58
DA:228,58
DA:229,58
DA:230,58
DA:231,58
DA:232,58
DA:233,58
DA:234,58
DA:235,58
DA:236,58
DA:237,58
DA:238,58
DA:240,58
DA:241,58
DA:242,58
DA:243,58
DA:244,58
DA:245,58
DA:246,58
DA:247,58
DA:248,58
DA:249,58
DA:250,58
DA:252,58
DA:253,58
DA:254,58
DA:255,58
DA:256,58
DA:257,58
DA:258,58
DA:260,58
LF:194
LH:183
BRDA:7,0,0,1
BRDA:8,1,0,1
BRDA:25,2,0,58
BRDA:151,3,0,7
BRDA:162,4,0,5
BRDA:169,5,0,51
BRDA:171,6,0,2
BRDA:171,7,0,2
BRDA:190,8,0,49
BRDA:233,9,0,1
BRDA:233,10,0,48
BRDA:245,11,0,1
BRDA:245,12,0,48
BRDA:42,13,0,17
BRDA:46,14,0,16
BRDA:51,15,0,0
BRDA:52,16,0,0
BRDA:53,17,0,1
BRDA:57,18,0,0
BRDA:69,19,0,30
BRDA:70,20,0,0
BRDA:78,21,0,30
BRDA:79,22,0,0
BRDA:87,23,0,15
BRDA:91,24,0,3
BRDA:96,25,0,1
BRDA:101,26,0,1
BRDA:106,27,0,3
BRDA:111,28,0,2
BRDA:112,29,0,0
BRDA:115,30,0,1
BRDA:123,31,0,0
BRDA:123,32,0,0
BRDA:126,33,0,1
BRDA:133,34,0,0
BRDA:141,35,0,1
BRDA:146,36,0,1
BRDA:209,37,0,2450
BRF:38
BRH:29
end_of_record
TN:
SF:src/pages/Index.tsx
FN:9,Index
FN:17,initializeAuth
FN:76,handleAuthSuccess
FN:80,handleSignOut
FN:85,handlePasswordChanged
FN:90,handlePasswordChangeCancel
FNF:6
FNH:6
FNDA:42,Index
FNDA:19,initializeAuth
FNDA:1,handleAuthSuccess
FNDA:1,handleSignOut
FNDA:1,handlePasswordChanged
FNDA:1,handlePasswordChangeCancel
DA:1,1
DA:3,1
DA:4,1
DA:6,1
DA:7,1
DA:9,1
DA:10,42
DA:11,42
DA:12,42
DA:14,42
DA:15,19
DA:17,19
DA:18,19
DA:20,19
DA:25,19
DA:27,19
DA:28,14
DA:29,14
DA:30,14
DA:31,19
DA:32,2
DA:33,2
DA:34,2
DA:35,2
DA:36,2
DA:37,19
DA:40,19
DA:41,19
DA:42,19
DA:43,19
DA:46,19
DA:47,3
DA:49,3
DA:50,3
DA:53,19
DA:54,19
DA:55,5
DA:56,5
DA:57,5
DA:58,5
DA:61,5
DA:62,1
DA:63,1
DA:64,5
DA:65,19
DA:68,19
DA:70,19
DA:71,19
DA:72,19
DA:73,19
DA:74,42
DA:76,42
DA:78,1
DA:80,42
DA:81,1
DA:83,1
DA:85,42
DA:86,1
DA:88,1
DA:90,42
DA:91,1
DA:93,1
DA:94,1
DA:96,42
DA:97,22
DA:98,22
DA:99,22
DA:100,22
DA:101,22
DA:102,22
DA:103,22
DA:105,22
DA:107,39
DA:108,10
DA:109,10
DA:112,36
DA:113,4
DA:114,4
DA:115,4
DA:116,4
DA:117,4
DA:119,4
DA:121,6
DA:122,6
DA:123,6
DA:124,6
DA:125,6
DA:126,6
DA:127,6
DA:128,6
DA:130,6
DA:131,6
DA:133,6
DA:135,1
LF:94
LH:94
BRDA:6,0,0,1
BRDA:9,1,0,42
BRDA:96,2,0,39
BRDA:96,3,0,22
BRDA:105,4,0,20
BRDA:107,5,0,10
BRDA:109,6,0,36
BRDA:109,7,0,10
BRDA:112,8,0,4
BRDA:119,9,0,6
BRDA:14,10,0,19
BRDA:46,11,0,3
BRDA:46,12,0,3
BRDA:46,13,0,3
BRDA:17,14,0,19
BRDA:20,15,0,18
BRDA:25,16,0,1
BRDA:25,17,0,17
BRDA:27,18,0,14
BRDA:28,19,0,6
BRDA:28,20,0,8
BRDA:31,21,0,2
BRDA:54,22,0,5
BRDA:56,23,0,2
BRDA:56,24,0,3
BRDA:61,25,0,1
BRDA:61,26,0,1
BRDA:70,27,0,19
BRDA:76,28,0,1
BRDA:80,29,0,1
BRDA:85,30,0,1
BRDA:90,31,0,1
BRF:32
BRH:32
end_of_record
TN:
SF:src/pages/NotFound.tsx
FN:4,NotFound
FNF:1
FNH:1
FNDA:9,NotFound
DA:1,1
DA:2,1
DA:4,1
DA:5,9
DA:7,9
DA:8,8
DA:9,8
DA:10,8
DA:11,8
DA:12,9
DA:14,9
DA:15,9
DA:16,9
DA:17,9
DA:18,9
DA:19,9
DA:21,9
DA:22,9
DA:23,9
DA:25,9
DA:27,1
LF:21
LH:21
BRDA:4,0,0,9
BRDA:7,1,0,8
BRF:2
BRH:2
end_of_record
TN:
SF:src/services/authService.ts
FN:6,signUp
FN:46,signIn
FN:53,resetPassword
FN:60,updatePassword
FN:67,getSession
FN:74,onAuthStateChange
FN:78,signOut
FN:85,getUser
FN:96,createUserProfileAfterConfirmation
FNF:9
FNH:9
FNDA:4,signUp
FNDA:1,signIn
FNDA:1,resetPassword
FNDA:1,updatePassword
FNDA:4,getSession
FNDA:4,onAuthStateChange
FNDA:1,signOut
FNDA:1,getUser
FNDA:5,createUserProfileAfterConfirmation
DA:1,1
DA:6,4
DA:8,4
DA:10,4
DA:11,1
DA:12,1
DA:14,4
DA:15,1
DA:16,1
DA:17,1
DA:18,1
DA:19,1
DA:22,2
DA:23,2
DA:24,2
DA:25,2
DA:26,2
DA:27,2
DA:28,2
DA:29,2
DA:32,4
DA:33,2
DA:37,2
DA:38,2
DA:39,0
DA:40,0
DA:41,2
DA:43,2
DA:44,2
DA:46,1
DA:47,1
DA:48,1
DA:49,1
DA:50,1
DA:51,1
DA:53,1
DA:54,1
DA:55,1
DA:56,1
DA:57,1
DA:58,1
DA:60,1
DA:61,1
DA:62,1
DA:63,1
DA:64,1
DA:65,1
DA:67,4
DA:68,4
DA:69,4
DA:70,4
DA:71,4
DA:72,4
DA:74,1
DA:75,4
DA:76,4
DA:78,1
DA:79,1
DA:80,1
DA:81,1
DA:82,1
DA:83,1
DA:85,1
DA:86,1
DA:87,1
DA:88,1
DA:89,1
DA:90,1
DA:96,5
DA:97,5
DA:99,5
DA:101,5
DA:103,2
DA:104,2
DA:105,2
DA:106,2
DA:107,2
DA:109,2
DA:110,1
DA:111,1
DA:114,1
DA:115,1
DA:116,5
DA:118,3
DA:120,3
DA:121,1
DA:122,1
DA:124,1
DA:125,1
DA:126,1
DA:127,1
DA:128,1
DA:130,3
DA:131,0
DA:132,0
DA:134,1
DA:135,1
DA:136,5
DA:137,1
DA:138,1
DA:139,1
DA:140,1
DA:141,1
DA:142,5
LF:104
LH:100
BRDA:6,0,0,4
BRDA:10,1,0,1
BRDA:12,2,0,3
BRDA:14,3,0,1
BRDA:19,4,0,2
BRDA:32,5,0,2
BRDA:38,6,0,0
BRDA:46,7,0,1
BRDA:53,8,0,1
BRDA:60,9,0,1
BRDA:67,10,0,4
BRDA:74,11,0,4
BRDA:78,12,0,1
BRDA:85,13,0,1
BRDA:96,14,0,5
BRDA:101,15,0,2
BRDA:109,16,0,1
BRDA:116,17,0,3
BRDA:118,18,0,2
BRDA:120,19,0,1
BRDA:120,20,0,1
BRDA:130,21,0,0
BRDA:132,22,0,1
BRDA:136,23,0,1
BRF:24
BRH:22
end_of_record
TN:
SF:src/services/templateService.ts
FN:36,TemplateService
FN:38,create
FN:71,findByUser
FN:83,findPublic
FN:95,findById
FN:110,update
FN:145,delete
FN:155,findByTags
FN:165,mapFromDb
FNF:9
FNH:8
FNDA:14,TemplateService
FNDA:5,create
FNDA:2,findByUser
FNDA:1,findPublic
FNDA:2,findById
FNDA:2,update
FNDA:2,delete
FNDA:0,findByTags
FNDA:5,mapFromDb
DA:1,1
DA:35,1
DA:36,1
DA:38,1
DA:40,5
DA:41,5
DA:42,3
DA:43,3
DA:45,2
DA:46,2
DA:47,5
DA:48,5
DA:49,5
DA:50,5
DA:51,5
DA:52,5
DA:53,5
DA:54,5
DA:55,5
DA:56,5
DA:58,5
DA:60,5
DA:61,5
DA:62,5
DA:63,5
DA:64,5
DA:66,5
DA:68,1
DA:69,5
DA:71,1
DA:72,2
DA:73,2
DA:74,2
DA:75,2
DA:76,2
DA:78,2
DA:80,1
DA:81,2
DA:83,1
DA:84,1
DA:85,1
DA:86,1
DA:87,1
DA:88,1
DA:90,1
DA:92,1
DA:93,1
DA:95,1
DA:96,2
DA:97,2
DA:98,2
DA:99,2
DA:100,2
DA:102,2
DA:103,1
DA:104,0
DA:105,0
DA:107,1
DA:108,2
DA:110,1
DA:112,2
DA:113,2
DA:114,1
DA:115,1
DA:117,1
DA:118,1
DA:119,1
DA:122,1
DA:123,1
DA:124,2
DA:125,2
DA:126,2
DA:127,0
DA:128,0
DA:129,0
DA:130,0
DA:131,0
DA:133,1
DA:134,1
DA:135,1
DA:136,1
DA:137,1
DA:138,1
DA:140,2
DA:142,1
DA:143,2
DA:145,1
DA:146,2
DA:147,2
DA:148,2
DA:149,2
DA:151,2
DA:152,2
DA:155,1
DA:156,0
DA:157,0
DA:158,0
DA:159,0
DA:161,0
DA:162,0
DA:163,0
DA:165,1
DA:166,5
DA:167,5
DA:168,5
DA:169,5
DA:170,5
DA:171,5
DA:172,5
DA:173,5
DA:174,5
DA:175,5
DA:176,5
DA:177,5
DA:178,5
DA:179,1
LF:116
LH:102
BRDA:36,0,0,14
BRDA:38,1,0,5
BRDA:41,2,0,3
BRDA:43,3,0,2
BRDA:47,4,0,1
BRDA:54,5,0,2
BRDA:64,6,0,2
BRDA:66,7,0,1
BRDA:71,8,0,2
BRDA:78,9,0,1
BRDA:80,10,0,1
BRDA:83,11,0,1
BRDA:90,12,0,0
BRDA:92,13,0,1
BRDA:95,14,0,2
BRDA:102,15,0,1
BRDA:103,16,0,0
BRDA:110,17,0,2
BRDA:113,18,0,1
BRDA:123,19,0,0
BRDA:124,20,0,0
BRDA:124,21,0,1
BRDA:125,22,0,0
BRDA:125,23,0,1
BRDA:126,24,0,0
BRDA:131,25,0,1
BRDA:140,26,0,0
BRDA:140,27,0,1
BRDA:145,28,0,2
BRDA:151,29,0,1
BRDA:165,30,0,5
BRDA:169,31,0,0
BRDA:170,32,0,0
BRDA:171,33,0,0
BRDA:176,34,0,0
BRF:35
BRH:24
end_of_record
TN:
SF:src/services/userProfileService.ts
FN:13,createProfile
FN:27,getProfileByUserId
FN:41,getProfileByUsername
FN:55,updateProfile
FN:70,updateUsername
FN:86,isUsernameAvailable
FN:111,generateDefaultUsername
FN:119,generateUniqueUsername
FN:156,deleteProfile
FNF:9
FNH:9
FNDA:2,createProfile
FNDA:1,getProfileByUserId
FNDA:217,getProfileByUsername
FNDA:3,updateProfile
FNDA:3,updateUsername
FNDA:213,isUsernameAvailable
FNDA:8,generateDefaultUsername
FNDA:5,generateUniqueUsername
FNDA:1,deleteProfile
DA:1,1
DA:9,1
DA:13,1
DA:14,2
DA:15,2
DA:16,2
DA:17,2
DA:18,2
DA:19,2
DA:20,2
DA:21,2
DA:22,2
DA:27,1
DA:28,1
DA:29,1
DA:30,1
DA:31,1
DA:32,1
DA:33,1
DA:34,1
DA:35,1
DA:36,1
DA:41,1
DA:42,217
DA:43,217
DA:44,217
DA:45,217
DA:46,217
DA:47,217
DA:48,217
DA:49,217
DA:50,217
DA:55,1
DA:56,3
DA:57,3
DA:58,3
DA:59,3
DA:60,3
DA:61,3
DA:62,3
DA:63,3
DA:64,3
DA:65,3
DA:70,1
DA:72,3
DA:73,3
DA:74,1
DA:75,1
DA:76,1
DA:77,1
DA:78,1
DA:80,2
DA:81,3
DA:86,1
DA:87,213
DA:88,213
DA:90,213
DA:91,4
DA:92,4
DA:95,213
DA:96,1
DA:97,1
DA:99,106
DA:100,213
DA:101,102
DA:102,102
DA:103,102
DA:104,102
DA:105,102
DA:106,213
DA:111,1
DA:112,8
DA:113,8
DA:114,8
DA:119,1
DA:120,5
DA:121,5
DA:122,5
DA:123,5
DA:126,5
DA:127,5
DA:128,1
DA:129,1
DA:132,5
DA:133,204
DA:134,204
DA:135,204
DA:136,2
DA:137,2
DA:138,202
DA:139,202
DA:141,2
DA:142,2
DA:143,2
DA:144,2
DA:145,5
DA:146,0
DA:147,0
DA:148,0
DA:149,0
DA:150,0
DA:151,5
DA:156,1
DA:157,1
DA:158,1
DA:159,1
DA:160,1
DA:161,1
DA:162,1
DA:163,1
DA:164,1
DA:165,1
LF:112
LH:107
BRDA:13,0,0,2
BRDA:27,1,0,1
BRDA:41,2,0,217
BRDA:55,3,0,3
BRDA:70,4,0,3
BRDA:73,5,0,2
BRDA:73,6,0,1
BRDA:78,7,0,2
BRDA:86,8,0,213
BRDA:88,9,0,111
BRDA:90,10,0,4
BRDA:92,11,0,107
BRDA:95,12,0,1
BRDA:95,13,0,1
BRDA:97,14,0,106
BRDA:100,15,0,102
BRDA:111,16,0,8
BRDA:119,17,0,5
BRDA:127,18,0,1
BRDA:129,19,0,4
BRDA:132,20,0,204
BRDA:135,21,0,2
BRDA:137,22,0,202
BRDA:139,23,0,2
BRDA:145,24,0,0
BRDA:156,25,0,1
BRF:26
BRH:25
end_of_record
TN:
SF:src/types/tags.ts
FN:68,formatTagDisplay
FN:73,searchTags
FNF:2
FNH:2
FNDA:263,formatTagDisplay
FNDA:5,searchTags
DA:2,1
DA:4,1
DA:5,1
DA:6,1
DA:7,1
DA:8,1
DA:9,1
DA:10,1
DA:11,1
DA:12,1
DA:13,1
DA:16,1
DA:17,1
DA:18,1
DA:19,1
DA:20,1
DA:21,1
DA:22,1
DA:23,1
DA:24,1
DA:25,1
DA:28,1
DA:29,1
DA:30,1
DA:31,1
DA:32,1
DA:33,1
DA:34,1
DA:35,1
DA:36,1
DA:37,1
DA:40,1
DA:41,1
DA:42,1
DA:43,1
DA:44,1
DA:45,1
DA:46,1
DA:47,1
DA:48,1
DA:49,1
DA:52,1
DA:53,1
DA:54,1
DA:55,1
DA:56,1
DA:57,1
DA:58,1
DA:59,1
DA:60,1
DA:61,1
DA:62,1
DA:68,1
DA:69,263
DA:70,263
DA:73,1
DA:74,5
DA:75,5
DA:76,250
DA:77,205
DA:78,5
DA:79,5
LF:62
LH:62
BRDA:68,0,0,263
BRDA:73,1,0,5
BRDA:75,2,0,250
BRDA:76,3,0,205
BRF:4
BRH:4
end_of_record
TN:
SF:src/types/template-adapter.ts
FN:1,(empty-report)
FNF:1
FNH:1
FNDA:1,(empty-report)
DA:45,0
DA:46,0
DA:47,0
DA:48,0
DA:49,0
DA:50,0
DA:51,0
DA:52,0
DA:53,0
DA:54,0
DA:56,0
DA:57,0
DA:58,0
DA:59,0
DA:60,0
DA:61,0
DA:62,0
DA:63,0
DA:64,0
DA:65,0
DA:66,0
DA:67,0
DA:68,0
LF:23
LH:0
BRDA:1,0,0,1
BRF:1
BRH:1
end_of_record
TN:
SF:src/types/template.ts
FN:47,validateTemplate
FNF:1
FNH:1
FNDA:17,validateTemplate
DA:47,1
DA:48,17
DA:50,17
DA:52,6
DA:53,4
DA:54,2
DA:55,2
DA:57,4
DA:58,0
DA:59,0
DA:60,4
DA:62,6
DA:63,1
DA:64,1
DA:65,1
DA:66,1
DA:68,6
DA:69,0
DA:70,0
DA:71,0
DA:72,0
DA:73,17
DA:75,11
DA:76,4
DA:77,4
DA:79,11
DA:80,2
DA:81,2
DA:83,11
DA:84,7
DA:85,7
DA:87,11
DA:88,0
DA:89,0
DA:90,11
DA:92,17
DA:93,17
LF:37
LH:29
BRDA:47,0,0,17
BRDA:50,1,0,6
BRDA:52,2,0,4
BRDA:53,3,0,2
BRDA:57,4,0,2
BRDA:57,5,0,0
BRDA:62,6,0,1
BRDA:68,7,0,0
BRDA:73,8,0,11
BRDA:75,9,0,10
BRDA:75,10,0,4
BRDA:79,11,0,8
BRDA:79,12,0,2
BRDA:83,13,0,8
BRDA:83,14,0,7
BRDA:87,15,0,0
BRDA:87,16,0,0
BRF:17
BRH:13
end_of_record
